<?xml version="1.0" encoding="UTF-8"?>
<robot generator="Robot 6.1.1 (Python 3.11.4 on win32)" generated="20231030 15:10:36.638" rpa="false" schemaversion="4">
<suite id="s1" name="TestCases" source="C:\Users\RA20312005\PycharmProjects\pythonProject\TestCases">
<suite id="s1-s1" name="TC0 ValidateScrollUpAndDown" source="C:\Users\RA20312005\PycharmProjects\pythonProject\TestCases\TC0_ValidateScrollUpAndDown.robot">
<test id="s1-s1-t1" name="ValdateScrollUpAndDown" line="17">
<kw name="InvokeBrowser" library="common" type="SETUP">
<kw name="Open Browser" library="SeleniumLibrary">
<arg>${URL}</arg>
<arg>${BROWSER}</arg>
<arg>options=add_argument("--load-extension=${EXTENSION_PATH}")</arg>
<doc>Opens a new browser instance to the optional ``url``.</doc>
<msg timestamp="20231030 15:10:37.523" level="INFO">Opening browser 'edge' to base url 'https://www.automationexercise.com/'.</msg>
<status status="PASS" starttime="20231030 15:10:37.523" endtime="20231030 15:10:54.022"/>
</kw>
<kw name="Maximize Browser Window" library="SeleniumLibrary">
<doc>Maximizes current browser window.</doc>
<status status="PASS" starttime="20231030 15:10:54.022" endtime="20231030 15:10:54.148"/>
</kw>
<status status="PASS" starttime="20231030 15:10:37.522" endtime="20231030 15:10:54.148"/>
</kw>
<kw name="TestSrollUpandDown">
<arg>Automation Exercise</arg>
<arg>SUBSCRIPTION</arg>
<arg>Full-Fledged practice website for Automation Engineers</arg>
<kw name="VerifyHomePageTitle" library="HomePage">
<arg>${Expected_Title}</arg>
<kw name="Get Title" library="SeleniumLibrary">
<var>${Actual_Homepage_Title}</var>
<doc>Returns the title of the current page.</doc>
<msg timestamp="20231030 15:10:54.158" level="INFO">${Actual_Homepage_Title} = Automation Exercise</msg>
<status status="PASS" starttime="20231030 15:10:54.149" endtime="20231030 15:10:54.159"/>
</kw>
<kw name="Title Should Be" library="SeleniumLibrary">
<arg>${Actual_Homepage_Title}</arg>
<arg>${Excepected_Title}</arg>
<doc>Verifies that the current page title equals ``title``.</doc>
<msg timestamp="20231030 15:10:54.167" level="INFO">Page title is 'Automation Exercise'.</msg>
<status status="PASS" starttime="20231030 15:10:54.159" endtime="20231030 15:10:54.167"/>
</kw>
<kw name="Log To Console" library="BuiltIn">
<arg>home page is visible</arg>
<doc>Logs the given message to the console.</doc>
<status status="PASS" starttime="20231030 15:10:54.167" endtime="20231030 15:10:54.168"/>
</kw>
<status status="PASS" starttime="20231030 15:10:54.149" endtime="20231030 15:10:54.168"/>
</kw>
<kw name="ScrollDownToPage" library="HomePage">
<kw name="Execute Javascript" library="SeleniumLibrary">
<arg>window.scrollTo(0, document.body.scrollHeight)</arg>
<doc>Executes the given JavaScript code with possible arguments.</doc>
<msg timestamp="20231030 15:10:54.169" level="INFO">Executing JavaScript:
window.scrollTo(0, document.body.scrollHeight)
Without any arguments.</msg>
<status status="PASS" starttime="20231030 15:10:54.168" endtime="20231030 15:10:54.176"/>
</kw>
<kw name="Log To Console" library="BuiltIn">
<arg>scroll down executed</arg>
<doc>Logs the given message to the console.</doc>
<status status="PASS" starttime="20231030 15:10:54.176" endtime="20231030 15:10:54.176"/>
</kw>
<status status="PASS" starttime="20231030 15:10:54.168" endtime="20231030 15:10:54.176"/>
</kw>
<kw name="VerifySubscriptionIsVisible" library="HomePage">
<arg>${Exp_Sub_txt}</arg>
<kw name="Get Text" library="SeleniumLibrary">
<var>${Actual_sub_text}</var>
<arg>${SUBSCRIPTION_TEXT}</arg>
<doc>Returns the text value of the element identified by ``locator``.</doc>
<msg timestamp="20231030 15:10:54.225" level="INFO">${Actual_sub_text} = SUBSCRIPTION</msg>
<status status="PASS" starttime="20231030 15:10:54.176" endtime="20231030 15:10:54.225"/>
</kw>
<kw name="Should Be Equal As Strings" library="BuiltIn">
<arg>${Actual_sub_text}</arg>
<arg>${Exp_Sub_text}</arg>
<doc>Fails if objects are unequal after converting them to strings.</doc>
<status status="PASS" starttime="20231030 15:10:54.225" endtime="20231030 15:10:54.226"/>
</kw>
<status status="PASS" starttime="20231030 15:10:54.176" endtime="20231030 15:10:54.226"/>
</kw>
<kw name="ClickUpArrowBotton" library="HomePage">
<kw name="Click Element" library="SeleniumLibrary">
<arg>${UPARROW_BURRON}</arg>
<doc>Click the element identified by ``locator``.</doc>
<msg timestamp="20231030 15:10:54.226" level="INFO">Clicking element '//a[@id='scrollUp']'.</msg>
<status status="PASS" starttime="20231030 15:10:54.226" endtime="20231030 15:10:54.314"/>
</kw>
<status status="PASS" starttime="20231030 15:10:54.226" endtime="20231030 15:10:54.314"/>
</kw>
<kw name="VerifyFullFlegedTexgIsVisible" library="HomePage">
<arg>${Expected_Text}</arg>
<kw name="Get Text" library="SeleniumLibrary">
<var>${fullfleged_txt}</var>
<arg>${FULLFLEGED_TEXT}</arg>
<doc>Returns the text value of the element identified by ``locator``.</doc>
<msg timestamp="20231030 15:10:54.557" level="INFO">${fullfleged_txt} = Full-Fledged practice website for Automation Engineers</msg>
<status status="PASS" starttime="20231030 15:10:54.315" endtime="20231030 15:10:54.557"/>
</kw>
<kw name="Log" library="BuiltIn">
<arg>${fullfleged_txt}</arg>
<doc>Logs the given message with the given level.</doc>
<msg timestamp="20231030 15:10:54.558" level="INFO">Full-Fledged practice website for Automation Engineers</msg>
<status status="PASS" starttime="20231030 15:10:54.558" endtime="20231030 15:10:54.558"/>
</kw>
<kw name="Should Be Equal As Strings" library="BuiltIn">
<arg>${fullfleged_txt}</arg>
<arg>${Exp_Fulfleged_text}</arg>
<doc>Fails if objects are unequal after converting them to strings.</doc>
<status status="PASS" starttime="20231030 15:10:54.558" endtime="20231030 15:10:54.559"/>
</kw>
<status status="PASS" starttime="20231030 15:10:54.314" endtime="20231030 15:10:54.559"/>
</kw>
<status status="PASS" starttime="20231030 15:10:54.149" endtime="20231030 15:10:54.559"/>
</kw>
<kw name="Close Browser" library="SeleniumLibrary" type="TEARDOWN">
<doc>Closes the current browser.</doc>
<status status="PASS" starttime="20231030 15:10:54.560" endtime="20231030 15:10:54.758"/>
</kw>
<status status="PASS" starttime="20231030 15:10:37.521" endtime="20231030 15:10:54.758"/>
</test>
<status status="PASS" starttime="20231030 15:10:36.693" endtime="20231030 15:10:54.759"/>
</suite>
<suite id="s1-s2" name="TC1 LoginTestWithInvalidData" source="C:\Users\RA20312005\PycharmProjects\pythonProject\TestCases\TC1_LoginTestWithInvalidData.robot">
<kw name="InvokeBrowser" library="common" type="SETUP">
<kw name="Open Browser" library="SeleniumLibrary">
<arg>${URL}</arg>
<arg>${BROWSER}</arg>
<arg>options=add_argument("--load-extension=${EXTENSION_PATH}")</arg>
<doc>Opens a new browser instance to the optional ``url``.</doc>
<msg timestamp="20231030 15:10:58.633" level="INFO">Opening browser 'edge' to base url 'https://www.automationexercise.com/'.</msg>
<status status="PASS" starttime="20231030 15:10:58.633" endtime="20231030 15:11:11.770"/>
</kw>
<kw name="Maximize Browser Window" library="SeleniumLibrary">
<doc>Maximizes current browser window.</doc>
<status status="PASS" starttime="20231030 15:11:11.770" endtime="20231030 15:11:11.923"/>
</kw>
<status status="PASS" starttime="20231030 15:10:58.632" endtime="20231030 15:11:11.923"/>
</kw>
<test id="s1-s2-t1" name="Login With invalid credentials should fail" line="13">
<kw name="LoginTestWithInvalidData">
<arg>abc1@gmail.com</arg>
<arg>abc1</arg>
<arg>Your email or password is incorrect!</arg>
<kw name="ClickLogin" library="loginPage">
<kw name="Myclick" library="CommonMethods">
<arg>${LOGIN_LINKTEXT}</arg>
<arg>${LOGIN_LINKTEXT}</arg>
<kw name="Wait Until Element Is Visible" library="SeleniumLibrary">
<arg>${ele_xpath_for_wait}</arg>
<doc>Waits until the element ``locator`` is visible.</doc>
<status status="PASS" starttime="20231030 15:11:11.928" endtime="20231030 15:11:11.990"/>
</kw>
<kw name="Click Element" library="SeleniumLibrary">
<arg>${ele_xpath_for_click}</arg>
<doc>Click the element identified by ``locator``.</doc>
<msg timestamp="20231030 15:11:11.991" level="INFO">Clicking element '//a[@href='/login']'.</msg>
<status status="PASS" starttime="20231030 15:11:11.990" endtime="20231030 15:11:13.343"/>
</kw>
<status status="PASS" starttime="20231030 15:11:11.928" endtime="20231030 15:11:13.344"/>
</kw>
<kw name="Log To Console" library="BuiltIn">
<arg>login element clicked</arg>
<doc>Logs the given message to the console.</doc>
<status status="PASS" starttime="20231030 15:11:13.344" endtime="20231030 15:11:13.345"/>
</kw>
<status status="PASS" starttime="20231030 15:11:11.928" endtime="20231030 15:11:13.345"/>
</kw>
<kw name="EnterLoginEmail" library="loginPage">
<arg>${USEREMAIL}</arg>
<kw name="PutText" library="CommonMethods">
<arg>${LOGIN_EMAIL_TEXTFIELD}</arg>
<arg>${loginuseremail}</arg>
<kw name="Clear Element Text" library="SeleniumLibrary">
<arg>${ele_xpath}</arg>
<doc>Clears the value of the text-input-element identified by ``locator``.</doc>
<status status="PASS" starttime="20231030 15:11:13.346" endtime="20231030 15:11:13.407"/>
</kw>
<kw name="Input Text" library="SeleniumLibrary">
<arg>${ele_xpath}</arg>
<arg>${Act_Text}</arg>
<doc>Types the given ``text`` into the text field identified by ``locator``.</doc>
<msg timestamp="20231030 15:11:13.407" level="INFO">Typing text 'abc1@gmail.com' into text field '//input[@data-qa='login-email']'.</msg>
<status status="PASS" starttime="20231030 15:11:13.407" endtime="20231030 15:11:13.487"/>
</kw>
<status status="PASS" starttime="20231030 15:11:13.346" endtime="20231030 15:11:13.487"/>
</kw>
<kw name="Log To Console" library="BuiltIn">
<arg>login Email entered</arg>
<doc>Logs the given message to the console.</doc>
<status status="PASS" starttime="20231030 15:11:13.487" endtime="20231030 15:11:13.488"/>
</kw>
<status status="PASS" starttime="20231030 15:11:13.345" endtime="20231030 15:11:13.488"/>
</kw>
<kw name="EnterLoginPassword" library="loginPage">
<arg>${PASSWORD}</arg>
<kw name="PutText" library="CommonMethods">
<arg>${Login_PASSWORD_TEXTFIELD}</arg>
<arg>${loginPassword}</arg>
<kw name="Clear Element Text" library="SeleniumLibrary">
<arg>${ele_xpath}</arg>
<doc>Clears the value of the text-input-element identified by ``locator``.</doc>
<status status="PASS" starttime="20231030 15:11:13.488" endtime="20231030 15:11:13.520"/>
</kw>
<kw name="Input Text" library="SeleniumLibrary">
<arg>${ele_xpath}</arg>
<arg>${Act_Text}</arg>
<doc>Types the given ``text`` into the text field identified by ``locator``.</doc>
<msg timestamp="20231030 15:11:13.520" level="INFO">Typing text 'abc1' into text field '//input[@data-qa='login-password']'.</msg>
<status status="PASS" starttime="20231030 15:11:13.520" endtime="20231030 15:11:13.648"/>
</kw>
<status status="PASS" starttime="20231030 15:11:13.488" endtime="20231030 15:11:13.648"/>
</kw>
<kw name="Log To Console" library="BuiltIn">
<arg>login password entered</arg>
<doc>Logs the given message to the console.</doc>
<status status="PASS" starttime="20231030 15:11:13.648" endtime="20231030 15:11:13.649"/>
</kw>
<status status="PASS" starttime="20231030 15:11:13.488" endtime="20231030 15:11:13.649"/>
</kw>
<kw name="ClickLoginButton" library="loginPage">
<kw name="Myclick" library="CommonMethods">
<arg>${LOGIN_BUTTON}</arg>
<arg>${LOGIN_BUTTON}</arg>
<kw name="Wait Until Element Is Visible" library="SeleniumLibrary">
<arg>${ele_xpath_for_wait}</arg>
<doc>Waits until the element ``locator`` is visible.</doc>
<status status="PASS" starttime="20231030 15:11:13.649" endtime="20231030 15:11:13.673"/>
</kw>
<kw name="Click Element" library="SeleniumLibrary">
<arg>${ele_xpath_for_click}</arg>
<doc>Click the element identified by ``locator``.</doc>
<msg timestamp="20231030 15:11:13.673" level="INFO">Clicking element '//button[text()='Login']'.</msg>
<status status="PASS" starttime="20231030 15:11:13.673" endtime="20231030 15:11:14.679"/>
</kw>
<status status="PASS" starttime="20231030 15:11:13.649" endtime="20231030 15:11:14.679"/>
</kw>
<kw name="Log To Console" library="BuiltIn">
<arg>login button clicked</arg>
<doc>Logs the given message to the console.</doc>
<status status="PASS" starttime="20231030 15:11:14.679" endtime="20231030 15:11:14.681"/>
</kw>
<status status="PASS" starttime="20231030 15:11:13.649" endtime="20231030 15:11:14.682"/>
</kw>
<kw name="ValidateLoginError" library="loginPage">
<arg>${ERRORMESSAGE}</arg>
<kw name="ValidateText" library="CommonMethods">
<arg>${ERROR_MESSAGE}</arg>
<kw name="Wait Until Element Is Visible" library="SeleniumLibrary">
<arg>${LOGIN_ERROR_MESSAGE}</arg>
<doc>Waits until the element ``locator`` is visible.</doc>
<status status="PASS" starttime="20231030 15:11:14.683" endtime="20231030 15:11:14.823"/>
</kw>
<kw name="Get Text" library="SeleniumLibrary">
<var>${Exp_Text}</var>
<arg>${LOGIN_ERROR_MESSAGE}</arg>
<doc>Returns the text value of the element identified by ``locator``.</doc>
<msg timestamp="20231030 15:11:14.852" level="INFO">${Exp_Text} = Your email or password is incorrect!</msg>
<status status="PASS" starttime="20231030 15:11:14.823" endtime="20231030 15:11:14.852"/>
</kw>
<kw name="Element Text Should Be" library="SeleniumLibrary">
<arg>${LOGIN_ERROR_MESSAGE}</arg>
<arg>${Exp_Error_Msg}</arg>
<doc>Verifies that element ``locator`` contains exact the text ``expected``.</doc>
<msg timestamp="20231030 15:11:14.853" level="INFO">Verifying element '//p[text()='Your email or password is incorrect!']' contains exact text 'Your email or password is incorrect!'.</msg>
<status status="PASS" starttime="20231030 15:11:14.852" endtime="20231030 15:11:14.875"/>
</kw>
<kw name="Log To Console" library="BuiltIn">
<arg>login error validated</arg>
<doc>Logs the given message to the console.</doc>
<status status="PASS" starttime="20231030 15:11:14.876" endtime="20231030 15:11:14.877"/>
</kw>
<status status="PASS" starttime="20231030 15:11:14.682" endtime="20231030 15:11:14.877"/>
</kw>
<status status="PASS" starttime="20231030 15:11:14.682" endtime="20231030 15:11:14.877"/>
</kw>
<status status="PASS" starttime="20231030 15:11:11.927" endtime="20231030 15:11:14.877"/>
</kw>
<status status="PASS" starttime="20231030 15:11:11.923" endtime="20231030 15:11:14.877"/>
</test>
<test id="s1-s2-t2" name="Login With invalid credentials should fail" line="13">
<kw name="LoginTestWithInvalidData">
<arg>zzz1@gmail.co</arg>
<arg>cba1</arg>
<arg>Your email or password is incorrect!</arg>
<kw name="ClickLogin" library="loginPage">
<kw name="Myclick" library="CommonMethods">
<arg>${LOGIN_LINKTEXT}</arg>
<arg>${LOGIN_LINKTEXT}</arg>
<kw name="Wait Until Element Is Visible" library="SeleniumLibrary">
<arg>${ele_xpath_for_wait}</arg>
<doc>Waits until the element ``locator`` is visible.</doc>
<status status="PASS" starttime="20231030 15:11:14.882" endtime="20231030 15:11:14.934"/>
</kw>
<kw name="Click Element" library="SeleniumLibrary">
<arg>${ele_xpath_for_click}</arg>
<doc>Click the element identified by ``locator``.</doc>
<msg timestamp="20231030 15:11:14.935" level="INFO">Clicking element '//a[@href='/login']'.</msg>
<status status="PASS" starttime="20231030 15:11:14.934" endtime="20231030 15:11:16.115"/>
</kw>
<status status="PASS" starttime="20231030 15:11:14.881" endtime="20231030 15:11:16.115"/>
</kw>
<kw name="Log To Console" library="BuiltIn">
<arg>login element clicked</arg>
<doc>Logs the given message to the console.</doc>
<status status="PASS" starttime="20231030 15:11:16.115" endtime="20231030 15:11:16.116"/>
</kw>
<status status="PASS" starttime="20231030 15:11:14.881" endtime="20231030 15:11:16.116"/>
</kw>
<kw name="EnterLoginEmail" library="loginPage">
<arg>${USEREMAIL}</arg>
<kw name="PutText" library="CommonMethods">
<arg>${LOGIN_EMAIL_TEXTFIELD}</arg>
<arg>${loginuseremail}</arg>
<kw name="Clear Element Text" library="SeleniumLibrary">
<arg>${ele_xpath}</arg>
<doc>Clears the value of the text-input-element identified by ``locator``.</doc>
<status status="PASS" starttime="20231030 15:11:16.118" endtime="20231030 15:11:16.169"/>
</kw>
<kw name="Input Text" library="SeleniumLibrary">
<arg>${ele_xpath}</arg>
<arg>${Act_Text}</arg>
<doc>Types the given ``text`` into the text field identified by ``locator``.</doc>
<msg timestamp="20231030 15:11:16.170" level="INFO">Typing text 'zzz1@gmail.co' into text field '//input[@data-qa='login-email']'.</msg>
<status status="PASS" starttime="20231030 15:11:16.169" endtime="20231030 15:11:16.312"/>
</kw>
<status status="PASS" starttime="20231030 15:11:16.117" endtime="20231030 15:11:16.312"/>
</kw>
<kw name="Log To Console" library="BuiltIn">
<arg>login Email entered</arg>
<doc>Logs the given message to the console.</doc>
<status status="PASS" starttime="20231030 15:11:16.312" endtime="20231030 15:11:16.313"/>
</kw>
<status status="PASS" starttime="20231030 15:11:16.116" endtime="20231030 15:11:16.313"/>
</kw>
<kw name="EnterLoginPassword" library="loginPage">
<arg>${PASSWORD}</arg>
<kw name="PutText" library="CommonMethods">
<arg>${Login_PASSWORD_TEXTFIELD}</arg>
<arg>${loginPassword}</arg>
<kw name="Clear Element Text" library="SeleniumLibrary">
<arg>${ele_xpath}</arg>
<doc>Clears the value of the text-input-element identified by ``locator``.</doc>
<status status="PASS" starttime="20231030 15:11:16.314" endtime="20231030 15:11:16.364"/>
</kw>
<kw name="Input Text" library="SeleniumLibrary">
<arg>${ele_xpath}</arg>
<arg>${Act_Text}</arg>
<doc>Types the given ``text`` into the text field identified by ``locator``.</doc>
<msg timestamp="20231030 15:11:16.366" level="INFO">Typing text 'cba1' into text field '//input[@data-qa='login-password']'.</msg>
<status status="PASS" starttime="20231030 15:11:16.365" endtime="20231030 15:11:16.451"/>
</kw>
<status status="PASS" starttime="20231030 15:11:16.314" endtime="20231030 15:11:16.451"/>
</kw>
<kw name="Log To Console" library="BuiltIn">
<arg>login password entered</arg>
<doc>Logs the given message to the console.</doc>
<status status="PASS" starttime="20231030 15:11:16.451" endtime="20231030 15:11:16.452"/>
</kw>
<status status="PASS" starttime="20231030 15:11:16.313" endtime="20231030 15:11:16.452"/>
</kw>
<kw name="ClickLoginButton" library="loginPage">
<kw name="Myclick" library="CommonMethods">
<arg>${LOGIN_BUTTON}</arg>
<arg>${LOGIN_BUTTON}</arg>
<kw name="Wait Until Element Is Visible" library="SeleniumLibrary">
<arg>${ele_xpath_for_wait}</arg>
<doc>Waits until the element ``locator`` is visible.</doc>
<status status="PASS" starttime="20231030 15:11:16.452" endtime="20231030 15:11:16.468"/>
</kw>
<kw name="Click Element" library="SeleniumLibrary">
<arg>${ele_xpath_for_click}</arg>
<doc>Click the element identified by ``locator``.</doc>
<msg timestamp="20231030 15:11:16.468" level="INFO">Clicking element '//button[text()='Login']'.</msg>
<status status="PASS" starttime="20231030 15:11:16.468" endtime="20231030 15:11:17.759"/>
</kw>
<status status="PASS" starttime="20231030 15:11:16.452" endtime="20231030 15:11:17.760"/>
</kw>
<kw name="Log To Console" library="BuiltIn">
<arg>login button clicked</arg>
<doc>Logs the given message to the console.</doc>
<status status="PASS" starttime="20231030 15:11:17.760" endtime="20231030 15:11:17.760"/>
</kw>
<status status="PASS" starttime="20231030 15:11:16.452" endtime="20231030 15:11:17.760"/>
</kw>
<kw name="ValidateLoginError" library="loginPage">
<arg>${ERRORMESSAGE}</arg>
<kw name="ValidateText" library="CommonMethods">
<arg>${ERROR_MESSAGE}</arg>
<kw name="Wait Until Element Is Visible" library="SeleniumLibrary">
<arg>${LOGIN_ERROR_MESSAGE}</arg>
<doc>Waits until the element ``locator`` is visible.</doc>
<status status="PASS" starttime="20231030 15:11:17.761" endtime="20231030 15:11:17.790"/>
</kw>
<kw name="Get Text" library="SeleniumLibrary">
<var>${Exp_Text}</var>
<arg>${LOGIN_ERROR_MESSAGE}</arg>
<doc>Returns the text value of the element identified by ``locator``.</doc>
<msg timestamp="20231030 15:11:17.822" level="INFO">${Exp_Text} = Your email or password is incorrect!</msg>
<status status="PASS" starttime="20231030 15:11:17.790" endtime="20231030 15:11:17.822"/>
</kw>
<kw name="Element Text Should Be" library="SeleniumLibrary">
<arg>${LOGIN_ERROR_MESSAGE}</arg>
<arg>${Exp_Error_Msg}</arg>
<doc>Verifies that element ``locator`` contains exact the text ``expected``.</doc>
<msg timestamp="20231030 15:11:17.823" level="INFO">Verifying element '//p[text()='Your email or password is incorrect!']' contains exact text 'Your email or password is incorrect!'.</msg>
<status status="PASS" starttime="20231030 15:11:17.822" endtime="20231030 15:11:17.922"/>
</kw>
<kw name="Log To Console" library="BuiltIn">
<arg>login error validated</arg>
<doc>Logs the given message to the console.</doc>
<status status="PASS" starttime="20231030 15:11:17.923" endtime="20231030 15:11:17.923"/>
</kw>
<status status="PASS" starttime="20231030 15:11:17.761" endtime="20231030 15:11:17.923"/>
</kw>
<status status="PASS" starttime="20231030 15:11:17.760" endtime="20231030 15:11:17.923"/>
</kw>
<status status="PASS" starttime="20231030 15:11:14.881" endtime="20231030 15:11:17.923"/>
</kw>
<status status="PASS" starttime="20231030 15:11:14.880" endtime="20231030 15:11:17.925"/>
</test>
<test id="s1-s2-t3" name="Login With invalid credentials should fail" line="13">
<kw name="LoginTestWithInvalidData">
<arg>bbb2@mail.com</arg>
<arg>12a</arg>
<arg>Your email or password is incorrect!</arg>
<kw name="ClickLogin" library="loginPage">
<kw name="Myclick" library="CommonMethods">
<arg>${LOGIN_LINKTEXT}</arg>
<arg>${LOGIN_LINKTEXT}</arg>
<kw name="Wait Until Element Is Visible" library="SeleniumLibrary">
<arg>${ele_xpath_for_wait}</arg>
<doc>Waits until the element ``locator`` is visible.</doc>
<status status="PASS" starttime="20231030 15:11:17.929" endtime="20231030 15:11:17.952"/>
</kw>
<kw name="Click Element" library="SeleniumLibrary">
<arg>${ele_xpath_for_click}</arg>
<doc>Click the element identified by ``locator``.</doc>
<msg timestamp="20231030 15:11:17.953" level="INFO">Clicking element '//a[@href='/login']'.</msg>
<status status="PASS" starttime="20231030 15:11:17.952" endtime="20231030 15:11:18.984"/>
</kw>
<status status="PASS" starttime="20231030 15:11:17.928" endtime="20231030 15:11:18.984"/>
</kw>
<kw name="Log To Console" library="BuiltIn">
<arg>login element clicked</arg>
<doc>Logs the given message to the console.</doc>
<status status="PASS" starttime="20231030 15:11:18.984" endtime="20231030 15:11:18.985"/>
</kw>
<status status="PASS" starttime="20231030 15:11:17.928" endtime="20231030 15:11:18.985"/>
</kw>
<kw name="EnterLoginEmail" library="loginPage">
<arg>${USEREMAIL}</arg>
<kw name="PutText" library="CommonMethods">
<arg>${LOGIN_EMAIL_TEXTFIELD}</arg>
<arg>${loginuseremail}</arg>
<kw name="Clear Element Text" library="SeleniumLibrary">
<arg>${ele_xpath}</arg>
<doc>Clears the value of the text-input-element identified by ``locator``.</doc>
<status status="PASS" starttime="20231030 15:11:18.987" endtime="20231030 15:11:19.146"/>
</kw>
<kw name="Input Text" library="SeleniumLibrary">
<arg>${ele_xpath}</arg>
<arg>${Act_Text}</arg>
<doc>Types the given ``text`` into the text field identified by ``locator``.</doc>
<msg timestamp="20231030 15:11:19.147" level="INFO">Typing text 'bbb2@mail.com' into text field '//input[@data-qa='login-email']'.</msg>
<status status="PASS" starttime="20231030 15:11:19.146" endtime="20231030 15:11:19.272"/>
</kw>
<status status="PASS" starttime="20231030 15:11:18.986" endtime="20231030 15:11:19.272"/>
</kw>
<kw name="Log To Console" library="BuiltIn">
<arg>login Email entered</arg>
<doc>Logs the given message to the console.</doc>
<status status="PASS" starttime="20231030 15:11:19.272" endtime="20231030 15:11:19.273"/>
</kw>
<status status="PASS" starttime="20231030 15:11:18.985" endtime="20231030 15:11:19.273"/>
</kw>
<kw name="EnterLoginPassword" library="loginPage">
<arg>${PASSWORD}</arg>
<kw name="PutText" library="CommonMethods">
<arg>${Login_PASSWORD_TEXTFIELD}</arg>
<arg>${loginPassword}</arg>
<kw name="Clear Element Text" library="SeleniumLibrary">
<arg>${ele_xpath}</arg>
<doc>Clears the value of the text-input-element identified by ``locator``.</doc>
<status status="PASS" starttime="20231030 15:11:19.275" endtime="20231030 15:11:19.308"/>
</kw>
<kw name="Input Text" library="SeleniumLibrary">
<arg>${ele_xpath}</arg>
<arg>${Act_Text}</arg>
<doc>Types the given ``text`` into the text field identified by ``locator``.</doc>
<msg timestamp="20231030 15:11:19.309" level="INFO">Typing text '12a' into text field '//input[@data-qa='login-password']'.</msg>
<status status="PASS" starttime="20231030 15:11:19.308" endtime="20231030 15:11:19.380"/>
</kw>
<status status="PASS" starttime="20231030 15:11:19.273" endtime="20231030 15:11:19.380"/>
</kw>
<kw name="Log To Console" library="BuiltIn">
<arg>login password entered</arg>
<doc>Logs the given message to the console.</doc>
<status status="PASS" starttime="20231030 15:11:19.380" endtime="20231030 15:11:19.380"/>
</kw>
<status status="PASS" starttime="20231030 15:11:19.273" endtime="20231030 15:11:19.380"/>
</kw>
<kw name="ClickLoginButton" library="loginPage">
<kw name="Myclick" library="CommonMethods">
<arg>${LOGIN_BUTTON}</arg>
<arg>${LOGIN_BUTTON}</arg>
<kw name="Wait Until Element Is Visible" library="SeleniumLibrary">
<arg>${ele_xpath_for_wait}</arg>
<doc>Waits until the element ``locator`` is visible.</doc>
<status status="PASS" starttime="20231030 15:11:19.381" endtime="20231030 15:11:19.395"/>
</kw>
<kw name="Click Element" library="SeleniumLibrary">
<arg>${ele_xpath_for_click}</arg>
<doc>Click the element identified by ``locator``.</doc>
<msg timestamp="20231030 15:11:19.395" level="INFO">Clicking element '//button[text()='Login']'.</msg>
<status status="PASS" starttime="20231030 15:11:19.395" endtime="20231030 15:11:20.314"/>
</kw>
<status status="PASS" starttime="20231030 15:11:19.381" endtime="20231030 15:11:20.314"/>
</kw>
<kw name="Log To Console" library="BuiltIn">
<arg>login button clicked</arg>
<doc>Logs the given message to the console.</doc>
<status status="PASS" starttime="20231030 15:11:20.314" endtime="20231030 15:11:20.315"/>
</kw>
<status status="PASS" starttime="20231030 15:11:19.380" endtime="20231030 15:11:20.315"/>
</kw>
<kw name="ValidateLoginError" library="loginPage">
<arg>${ERRORMESSAGE}</arg>
<kw name="ValidateText" library="CommonMethods">
<arg>${ERROR_MESSAGE}</arg>
<kw name="Wait Until Element Is Visible" library="SeleniumLibrary">
<arg>${LOGIN_ERROR_MESSAGE}</arg>
<doc>Waits until the element ``locator`` is visible.</doc>
<status status="PASS" starttime="20231030 15:11:20.316" endtime="20231030 15:11:20.448"/>
</kw>
<kw name="Get Text" library="SeleniumLibrary">
<var>${Exp_Text}</var>
<arg>${LOGIN_ERROR_MESSAGE}</arg>
<doc>Returns the text value of the element identified by ``locator``.</doc>
<msg timestamp="20231030 15:11:20.465" level="INFO">${Exp_Text} = Your email or password is incorrect!</msg>
<status status="PASS" starttime="20231030 15:11:20.449" endtime="20231030 15:11:20.465"/>
</kw>
<kw name="Element Text Should Be" library="SeleniumLibrary">
<arg>${LOGIN_ERROR_MESSAGE}</arg>
<arg>${Exp_Error_Msg}</arg>
<doc>Verifies that element ``locator`` contains exact the text ``expected``.</doc>
<msg timestamp="20231030 15:11:20.465" level="INFO">Verifying element '//p[text()='Your email or password is incorrect!']' contains exact text 'Your email or password is incorrect!'.</msg>
<status status="PASS" starttime="20231030 15:11:20.465" endtime="20231030 15:11:20.478"/>
</kw>
<kw name="Log To Console" library="BuiltIn">
<arg>login error validated</arg>
<doc>Logs the given message to the console.</doc>
<status status="PASS" starttime="20231030 15:11:20.478" endtime="20231030 15:11:20.479"/>
</kw>
<status status="PASS" starttime="20231030 15:11:20.316" endtime="20231030 15:11:20.479"/>
</kw>
<status status="PASS" starttime="20231030 15:11:20.315" endtime="20231030 15:11:20.479"/>
</kw>
<status status="PASS" starttime="20231030 15:11:17.928" endtime="20231030 15:11:20.479"/>
</kw>
<status status="PASS" starttime="20231030 15:11:17.926" endtime="20231030 15:11:20.479"/>
</test>
<kw name="TearDown" library="common" type="TEARDOWN">
<kw name="Close Browser" library="SeleniumLibrary">
<doc>Closes the current browser.</doc>
<status status="PASS" starttime="20231030 15:11:20.481" endtime="20231030 15:11:20.749"/>
</kw>
<status status="PASS" starttime="20231030 15:11:20.481" endtime="20231030 15:11:20.750"/>
</kw>
<status status="PASS" starttime="20231030 15:10:54.760" endtime="20231030 15:11:20.750"/>
</suite>
<suite id="s1-s3" name="TC2 Registration" source="C:\Users\RA20312005\PycharmProjects\pythonProject\TestCases\TC2_Registration.robot">
<test id="s1-s3-t1" name="UserRegistration" line="15">
<kw name="InvokeBrowser" library="common" type="SETUP">
<kw name="Open Browser" library="SeleniumLibrary">
<arg>${URL}</arg>
<arg>${BROWSER}</arg>
<arg>options=add_argument("--load-extension=${EXTENSION_PATH}")</arg>
<doc>Opens a new browser instance to the optional ``url``.</doc>
<msg timestamp="20231030 15:11:20.881" level="INFO">Opening browser 'edge' to base url 'https://www.automationexercise.com/'.</msg>
<status status="PASS" starttime="20231030 15:11:20.880" endtime="20231030 15:11:33.133"/>
</kw>
<kw name="Maximize Browser Window" library="SeleniumLibrary">
<doc>Maximizes current browser window.</doc>
<status status="PASS" starttime="20231030 15:11:33.133" endtime="20231030 15:11:33.261"/>
</kw>
<status status="PASS" starttime="20231030 15:11:20.879" endtime="20231030 15:11:33.261"/>
</kw>
<kw name="RegistrationTest">
<arg>Emy</arg>
<arg>Emy99@gmail.com</arg>
<arg>Emy@AE10</arg>
<arg>2</arg>
<arg>1</arg>
<arg>2015</arg>
<arg>Eminem</arg>
<arg>rap</arg>
<arg>TheEm</arg>
<arg>louisStre et</arg>
<arg>Canada</arg>
<arg>vegas</arg>
<arg>downtown</arg>
<arg>3001001</arg>
<arg>0123456789</arg>
<arg>ACCOUNT CREATED!</arg>
<arg>Logged in as Emy</arg>
<tag>test:retry(2)</tag>
<kw name="ClickLogin" library="loginPage">
<kw name="Myclick" library="CommonMethods">
<arg>${LOGIN_LINKTEXT}</arg>
<arg>${LOGIN_LINKTEXT}</arg>
<kw name="Wait Until Element Is Visible" library="SeleniumLibrary">
<arg>${ele_xpath_for_wait}</arg>
<doc>Waits until the element ``locator`` is visible.</doc>
<status status="PASS" starttime="20231030 15:11:33.262" endtime="20231030 15:11:33.294"/>
</kw>
<kw name="Click Element" library="SeleniumLibrary">
<arg>${ele_xpath_for_click}</arg>
<doc>Click the element identified by ``locator``.</doc>
<msg timestamp="20231030 15:11:33.294" level="INFO">Clicking element '//a[@href='/login']'.</msg>
<status status="PASS" starttime="20231030 15:11:33.294" endtime="20231030 15:11:34.366"/>
</kw>
<status status="PASS" starttime="20231030 15:11:33.262" endtime="20231030 15:11:34.366"/>
</kw>
<kw name="Log To Console" library="BuiltIn">
<arg>login element clicked</arg>
<doc>Logs the given message to the console.</doc>
<status status="PASS" starttime="20231030 15:11:34.367" endtime="20231030 15:11:34.367"/>
</kw>
<status status="PASS" starttime="20231030 15:11:33.262" endtime="20231030 15:11:34.367"/>
</kw>
<kw name="EnterSignUpName" library="loginPage">
<arg>${Get_signup_name}</arg>
<kw name="Input Text" library="SeleniumLibrary">
<arg>${SIGINUP_NAME_TEXTFIELD}</arg>
<arg>${signname}</arg>
<doc>Types the given ``text`` into the text field identified by ``locator``.</doc>
<msg timestamp="20231030 15:11:34.368" level="INFO">Typing text 'Emy' into text field '//input[@data-qa='signup-name']'.</msg>
<status status="PASS" starttime="20231030 15:11:34.367" endtime="20231030 15:11:34.530"/>
</kw>
<kw name="Log To Console" library="BuiltIn">
<arg>enter sign up name</arg>
<doc>Logs the given message to the console.</doc>
<status status="PASS" starttime="20231030 15:11:34.531" endtime="20231030 15:11:34.531"/>
</kw>
<status status="PASS" starttime="20231030 15:11:34.367" endtime="20231030 15:11:34.531"/>
</kw>
<kw name="EnterSignUpEmail" library="loginPage">
<arg>${Get_ssignup_email}</arg>
<kw name="Input Text" library="SeleniumLibrary">
<arg>${SIGNUP_EMAIL_TEXTFIELD}</arg>
<arg>${Signemail}</arg>
<doc>Types the given ``text`` into the text field identified by ``locator``.</doc>
<msg timestamp="20231030 15:11:34.532" level="INFO">Typing text 'Emy99@gmail.com' into text field '//input[@data-qa='signup-email']'.</msg>
<status status="PASS" starttime="20231030 15:11:34.532" endtime="20231030 15:11:34.695"/>
</kw>
<kw name="Log To Console" library="BuiltIn">
<arg>enter sign up email</arg>
<doc>Logs the given message to the console.</doc>
<status status="PASS" starttime="20231030 15:11:34.695" endtime="20231030 15:11:34.696"/>
</kw>
<status status="PASS" starttime="20231030 15:11:34.531" endtime="20231030 15:11:34.696"/>
</kw>
<kw name="SignUpButton" library="loginPage">
<kw name="Click Button" library="SeleniumLibrary">
<arg>${SIGNUP_BUTTON}</arg>
<doc>Clicks the button identified by ``locator``.</doc>
<msg timestamp="20231030 15:11:34.696" level="INFO">Clicking button '//button[text()='Signup']'.</msg>
<msg timestamp="20231030 15:31:34.036" level="INFO" html="true">&lt;/td&gt;&lt;/tr&gt;&lt;tr&gt;&lt;td colspan="3"&gt;&lt;a href="selenium-screenshot-48.png"&gt;&lt;img src="selenium-screenshot-48.png" width="800px"&gt;&lt;/a&gt;</msg>
<msg timestamp="20231030 15:31:34.037" level="FAIL">TimeoutException: Message: timeout: Timed out receiving message from renderer: 300.000
  (Session info: MicrosoftEdge=118.0.2088.69)
Stacktrace:
	GetHandleVerifier [0x00007FF6EDC68942+63554]
	Microsoft::Applications::Events::ILogConfiguration::operator* [0x00007FF6EDBF2462+257778]
	(No symbol) [0x00007FF6ED9D1139]
	(No symbol) [0x00007FF6ED9BCE98]
	(No symbol) [0x00007FF6ED9BCD51]
	(No symbol) [0x00007FF6ED9BB332]
	(No symbol) [0x00007FF6ED9BC06E]
	(No symbol) [0x00007FF6ED9C79AA]
	(No symbol) [0x00007FF6ED9DBD51]
	(No symbol) [0x00007FF6ED9E0D1A]
	(No symbol) [0x00007FF6ED9BC9C6]
	(No symbol) [0x00007FF6ED9BC59D]
	(No symbol) [0x00007FF6ED9DBB3B]
	(No symbol) [0x00007FF6EDA4A394]
	(No symbol) [0x00007FF6EDA349D3]
	(No symbol) [0x00007FF6EDA0A574]
	(No symbol) [0x00007FF6EDA09C40]
	(No symbol) [0x00007FF6EDA0ACF4]
	Microsoft::Applications::Events::EventProperty::to_string [0x00007FF6EDE28BC9+1121529]
	(No symbol) [0x00007FF6EDA77BB6]
	Microsoft::Applications::Events::EventProperty::~EventProperty [0x00007FF6EDB41DBA+33914]
	Microsoft::Applications::Events::EventProperty::~EventProperty [0x00007FF6EDB3A759+3609]
	Microsoft::Applications::Events::EventProperty::to_string [0x00007FF6EDE27C44+1117556]
	Microsoft::Applications::Events::ILogConfiguration::operator* [0x00007FF6EDBFC718+299432]
	Microsoft::Applications::Events::ILogConfiguration::operator* [0x00007FF6EDBF74A4+278324]
	Microsoft::Applications::Events::ILogConfiguration::operator* [0x00007FF6EDBF75D2+278626]
	Microsoft::Applications::Events::ILogConfiguration::operator* [0x00007FF6EDBEA991+226337]
	BaseThreadInitThunk [0x00007FFD953053E0+16]
	RtlUserThreadStart [0x00007FFD955A485B+43]
</msg>
<status status="FAIL" starttime="20231030 15:11:34.696" endtime="20231030 15:31:34.056"/>
</kw>
<kw name="Log To Console" library="BuiltIn">
<arg>click sign up button</arg>
<doc>Logs the given message to the console.</doc>
<status status="NOT RUN" starttime="20231030 15:31:34.056" endtime="20231030 15:31:34.056"/>
</kw>
<status status="FAIL" starttime="20231030 15:11:34.696" endtime="20231030 15:31:34.056"/>
</kw>
<kw name="SelectRadioButton" library="RegistrationPage">
<status status="NOT RUN" starttime="20231030 15:31:34.056" endtime="20231030 15:31:34.056"/>
</kw>
<kw name="EnterRegPassowrd" library="RegistrationPage">
<arg>${Password}</arg>
<status status="NOT RUN" starttime="20231030 15:31:34.056" endtime="20231030 15:31:34.056"/>
</kw>
<kw name="ChooseDay" library="RegistrationPage">
<arg>${Day}</arg>
<status status="NOT RUN" starttime="20231030 15:31:34.056" endtime="20231030 15:31:34.056"/>
</kw>
<kw name="ChooseMonth" library="RegistrationPage">
<arg>${month}</arg>
<status status="NOT RUN" starttime="20231030 15:31:34.056" endtime="20231030 15:31:34.056"/>
</kw>
<kw name="ChooseYear" library="RegistrationPage">
<arg>${year}</arg>
<status status="NOT RUN" starttime="20231030 15:31:34.056" endtime="20231030 15:31:34.056"/>
</kw>
<kw name="FirstNameInAddressInfo" library="RegistrationPage">
<arg>${firstName_Address}</arg>
<status status="NOT RUN" starttime="20231030 15:31:34.056" endtime="20231030 15:31:34.057"/>
</kw>
<kw name="LastNameInAddressInfo" library="RegistrationPage">
<arg>${lastname_Address}</arg>
<status status="NOT RUN" starttime="20231030 15:31:34.057" endtime="20231030 15:31:34.058"/>
</kw>
<kw name="EnterCompanyName" library="RegistrationPage">
<arg>${comp_name}</arg>
<status status="NOT RUN" starttime="20231030 15:31:34.058" endtime="20231030 15:31:34.058"/>
</kw>
<kw name="EnterAddress" library="RegistrationPage">
<arg>${address}</arg>
<status status="NOT RUN" starttime="20231030 15:31:34.058" endtime="20231030 15:31:34.058"/>
</kw>
<kw name="ChooseCountry" library="RegistrationPage">
<arg>${contry}</arg>
<status status="NOT RUN" starttime="20231030 15:31:34.058" endtime="20231030 15:31:34.058"/>
</kw>
<kw name="EnterState" library="RegistrationPage">
<arg>${state}</arg>
<status status="NOT RUN" starttime="20231030 15:31:34.058" endtime="20231030 15:31:34.058"/>
</kw>
<kw name="EnterCity" library="RegistrationPage">
<arg>${city}</arg>
<status status="NOT RUN" starttime="20231030 15:31:34.058" endtime="20231030 15:31:34.058"/>
</kw>
<kw name="EnterZipcode" library="RegistrationPage">
<arg>${zip}</arg>
<status status="NOT RUN" starttime="20231030 15:31:34.058" endtime="20231030 15:31:34.058"/>
</kw>
<kw name="EnterMobileNumber" library="RegistrationPage">
<arg>${mobnumber}</arg>
<status status="NOT RUN" starttime="20231030 15:31:34.058" endtime="20231030 15:31:34.058"/>
</kw>
<kw name="ClickCreateAccountButton" library="RegistrationPage">
<status status="NOT RUN" starttime="20231030 15:31:34.058" endtime="20231030 15:31:34.058"/>
</kw>
<kw name="VerifyAndVadlidateAccountCreatedText" library="AccountPage">
<arg>${validateAccntCreatedTxt}</arg>
<status status="NOT RUN" starttime="20231030 15:31:34.059" endtime="20231030 15:31:34.059"/>
</kw>
<kw name="ClickContinueBtn" library="AccountPage">
<status status="NOT RUN" starttime="20231030 15:31:34.059" endtime="20231030 15:31:34.059"/>
</kw>
<kw name="VerifyLoggedInasUsername" library="HomePage">
<arg>${Logged_User_Text}</arg>
<status status="NOT RUN" starttime="20231030 15:31:34.059" endtime="20231030 15:31:34.059"/>
</kw>
<status status="FAIL" starttime="20231030 15:11:33.261" endtime="20231030 15:31:34.059"/>
</kw>
<status status="FAIL" starttime="20231030 15:11:20.877" endtime="20231030 15:31:34.060">TimeoutException: Message: timeout: Timed out receiving message from renderer: 300.000
  (Session info: MicrosoftEdge=118.0.2088.69)
Stacktrace:
	GetHandleVerifier [0x00007FF6EDC68942+63554]
	Microsoft::Applications::Events::ILogConfiguration::operator* [0x00007FF6EDBF2462+257778]
	(No symbol) [0x00007FF6ED9D1139]
	(No symbol) [0x00007FF6ED9BCE98]
	(No symbol) [0x00007FF6ED9BCD51]
	(No symbol) [0x00007FF6ED9BB332]
	(No symbol) [0x00007FF6ED9BC06E]
	(No symbol) [0x00007FF6ED9C79AA]
	(No symbol) [0x00007FF6ED9DBD51]
	(No symbol) [0x00007FF6ED9E0D1A]
	(No symbol) [0x00007FF6ED9BC9C6]
	(No symbol) [0x00007FF6ED9BC59D]
	(No symbol) [0x00007FF6ED9DBB3B]
	(No symbol) [0x00007FF6EDA4A394]
	(No symbol) [0x00007FF6EDA349D3]
    [ Message content over the limit has been removed. ]
	(No symbol) [0x00007FF6EDA0ACF4]
	Microsoft::Applications::Events::EventProperty::to_string [0x00007FF6EDE28BC9+1121529]
	(No symbol) [0x00007FF6EDA77BB6]
	Microsoft::Applications::Events::EventProperty::~EventProperty [0x00007FF6EDB41DBA+33914]
	Microsoft::Applications::Events::EventProperty::~EventProperty [0x00007FF6EDB3A759+3609]
	Microsoft::Applications::Events::EventProperty::to_string [0x00007FF6EDE27C44+1117556]
	Microsoft::Applications::Events::ILogConfiguration::operator* [0x00007FF6EDBFC718+299432]
	Microsoft::Applications::Events::ILogConfiguration::operator* [0x00007FF6EDBF74A4+278324]
	Microsoft::Applications::Events::ILogConfiguration::operator* [0x00007FF6EDBF75D2+278626]
	Microsoft::Applications::Events::ILogConfiguration::operator* [0x00007FF6EDBEA991+226337]
	BaseThreadInitThunk [0x00007FFD953053E0+16]
	RtlUserThreadStart [0x00007FFD955A485B+43]</status>
</test>
<status status="FAIL" starttime="20231030 15:11:20.752" endtime="20231030 15:31:34.064"/>
</suite>
<suite id="s1-s4" name="TC3 ValidateCartItems" source="C:\Users\RA20312005\PycharmProjects\pythonProject\TestCases\TC3_ValidateCartItems.robot">
<kw name="InvokeBrowser" library="common" type="SETUP">
<kw name="Open Browser" library="SeleniumLibrary">
<arg>${URL}</arg>
<arg>${BROWSER}</arg>
<arg>options=add_argument("--load-extension=${EXTENSION_PATH}")</arg>
<doc>Opens a new browser instance to the optional ``url``.</doc>
<msg timestamp="20231030 15:31:34.127" level="INFO">Opening browser 'edge' to base url 'https://www.automationexercise.com/'.</msg>
<status status="PASS" starttime="20231030 15:31:34.127" endtime="20231030 15:31:44.581"/>
</kw>
<kw name="Maximize Browser Window" library="SeleniumLibrary">
<doc>Maximizes current browser window.</doc>
<msg timestamp="20231030 15:31:44.861" level="WARN">Keyword 'Capture Page Screenshot' could not be run on failure: Message: no such window: target window already closed
from unknown error: web view not found
  (Session info: MicrosoftEdge=118.0.2088.69)
Stacktrace:
	GetHandleVerifier [0x00007FF6EDC68942+63554]
	Microsoft::Applications::Events::ILogConfiguration::operator* [0x00007FF6EDBF2462+257778]
	(No symbol) [0x00007FF6ED9D1139]
	(No symbol) [0x00007FF6ED9ADFE4]
	(No symbol) [0x00007FF6EDA38685]
	(No symbol) [0x00007FF6EDA49AFF]
	(No symbol) [0x00007FF6EDA349D3]
	(No symbol) [0x00007FF6EDA0A574]
	(No symbol) [0x00007FF6EDA09C40]
	(No symbol) [0x00007FF6EDA0ACF4]
	Microsoft::Applications::Events::EventProperty::to_string [0x00007FF6EDE28BC9+1121529]
	(No symbol) [0x00007FF6EDA77BB6]
	Microsoft::Applications::Events::EventProperty::~EventProperty [0x00007FF6EDB41DBA+33914]
	Microsoft::Applications::Events::EventProperty::~EventProperty [0x00007FF6EDB3A759+3609]
	Microsoft::Applications::Events::EventProperty::to_string [0x00007FF6EDE27C44+1117556]
	Microsoft::Applications::Events::ILogConfiguration::operator* [0x00007FF6EDBFC718+299432]
	Microsoft::Applications::Events::ILogConfiguration::operator* [0x00007FF6EDBF74A4+278324]
	Microsoft::Applications::Events::ILogConfiguration::operator* [0x00007FF6EDBF75D2+278626]
	Microsoft::Applications::Events::ILogConfiguration::operator* [0x00007FF6EDBEA991+226337]
	BaseThreadInitThunk [0x00007FFD953053E0+16]
	RtlUserThreadStart [0x00007FFD955A485B+43]
</msg>
<msg timestamp="20231030 15:31:44.871" level="FAIL">NoSuchWindowException: Message: no such window: target window already closed
from unknown error: web view not found
  (Session info: MicrosoftEdge=118.0.2088.69)
Stacktrace:
	GetHandleVerifier [0x00007FF6EDC68942+63554]
	Microsoft::Applications::Events::ILogConfiguration::operator* [0x00007FF6EDBF2462+257778]
	(No symbol) [0x00007FF6ED9D1139]
	(No symbol) [0x00007FF6ED9ADFE4]
	(No symbol) [0x00007FF6EDA38685]
	(No symbol) [0x00007FF6EDA49AFF]
	(No symbol) [0x00007FF6EDA349D3]
	(No symbol) [0x00007FF6EDA0A574]
	(No symbol) [0x00007FF6EDA09C40]
	(No symbol) [0x00007FF6EDA0ACF4]
	Microsoft::Applications::Events::EventProperty::to_string [0x00007FF6EDE28BC9+1121529]
	(No symbol) [0x00007FF6EDA77BB6]
	Microsoft::Applications::Events::EventProperty::~EventProperty [0x00007FF6EDB41DBA+33914]
	Microsoft::Applications::Events::EventProperty::~EventProperty [0x00007FF6EDB3A759+3609]
	Microsoft::Applications::Events::EventProperty::to_string [0x00007FF6EDE27C44+1117556]
	Microsoft::Applications::Events::ILogConfiguration::operator* [0x00007FF6EDBFC718+299432]
	Microsoft::Applications::Events::ILogConfiguration::operator* [0x00007FF6EDBF74A4+278324]
	Microsoft::Applications::Events::ILogConfiguration::operator* [0x00007FF6EDBF75D2+278626]
	Microsoft::Applications::Events::ILogConfiguration::operator* [0x00007FF6EDBEA991+226337]
	BaseThreadInitThunk [0x00007FFD953053E0+16]
	RtlUserThreadStart [0x00007FFD955A485B+43]
</msg>
<status status="FAIL" starttime="20231030 15:31:44.581" endtime="20231030 15:31:44.898"/>
</kw>
<status status="FAIL" starttime="20231030 15:31:34.127" endtime="20231030 15:31:44.898"/>
</kw>
<test id="s1-s4-t1" name="ValidateAddressDetails" line="15">
<tag>test:retry(2)</tag>
<status status="FAIL" starttime="20231030 15:31:44.899" endtime="20231030 15:31:44.903">Parent suite setup failed:
NoSuchWindowException: Message: no such window: target window already closed
from unknown error: web view not found
  (Session info: MicrosoftEdge=118.0.2088.69)
Stacktrace:
	GetHandleVerifier [0x00007FF6EDC68942+63554]
	Microsoft::Applications::Events::ILogConfiguration::operator* [0x00007FF6EDBF2462+257778]
	(No symbol) [0x00007FF6ED9D1139]
	(No symbol) [0x00007FF6ED9ADFE4]
	(No symbol) [0x00007FF6EDA38685]
	(No symbol) [0x00007FF6EDA49AFF]
	(No symbol) [0x00007FF6EDA349D3]
	(No symbol) [0x00007FF6EDA0A574]
	(No symbol) [0x00007FF6EDA09C40]
	(No symbol) [0x00007FF6EDA0ACF4]
	Microsoft::Applications::Events::EventProperty::to_string [0x00007FF6EDE28BC9+1121529]
	(No symbol) [0x00007FF6EDA77BB6]
	Microsoft::Applications::Events::EventProperty::~EventProperty [0x00007FF6EDB41DBA+33914]
	Microsoft::Applications::Events::EventProperty::~EventProperty [0x00007FF6EDB3A759+3609]
	Microsoft::Applications::Events::EventProperty::to_string [0x00007FF6EDE27C44+1117556]
	Microsoft::Applications::Events::ILogConfiguration::operator* [0x00007FF6EDBFC718+299432]
	Microsoft::Applications::Events::ILogConfiguration::operator* [0x00007FF6EDBF74A4+278324]
	Microsoft::Applications::Events::ILogConfiguration::operator* [0x00007FF6EDBF75D2+278626]
	Microsoft::Applications::Events::ILogConfiguration::operator* [0x00007FF6EDBEA991+226337]
	BaseThreadInitThunk [0x00007FFD953053E0+16]
	RtlUserThreadStart [0x00007FFD955A485B+43]
</status>
</test>
<status status="FAIL" starttime="20231030 15:31:34.065" endtime="20231030 15:31:44.907">Suite setup failed:
NoSuchWindowException: Message: no such window: target window already closed
from unknown error: web view not found
  (Session info: MicrosoftEdge=118.0.2088.69)
Stacktrace:
	GetHandleVerifier [0x00007FF6EDC68942+63554]
	Microsoft::Applications::Events::ILogConfiguration::operator* [0x00007FF6EDBF2462+257778]
	(No symbol) [0x00007FF6ED9D1139]
	(No symbol) [0x00007FF6ED9ADFE4]
	(No symbol) [0x00007FF6EDA38685]
	(No symbol) [0x00007FF6EDA49AFF]
	(No symbol) [0x00007FF6EDA349D3]
	(No symbol) [0x00007FF6EDA0A574]
	(No symbol) [0x00007FF6EDA09C40]
	(No symbol) [0x00007FF6EDA0ACF4]
	Microsoft::Applications::Events::EventProperty::to_string [0x00007FF6EDE28BC9+1121529]
	(No symbol) [0x00007FF6EDA77BB6]
	Microsoft::Applications::Events::EventProperty::~EventProperty [0x00007FF6EDB41DBA+33914]
	Microsoft::Applications::Events::EventProperty::~EventProperty [0x00007FF6EDB3A759+3609]
	Microsoft::Applications::Events::EventProperty::to_string [0x00007FF6EDE27C44+1117556]
	Microsoft::Applications::Events::ILogConfiguration::operator* [0x00007FF6EDBFC718+299432]
	Microsoft::Applications::Events::ILogConfiguration::operator* [0x00007FF6EDBF74A4+278324]
	Microsoft::Applications::Events::ILogConfiguration::operator* [0x00007FF6EDBF75D2+278626]
	Microsoft::Applications::Events::ILogConfiguration::operator* [0x00007FF6EDBEA991+226337]
	BaseThreadInitThunk [0x00007FFD953053E0+16]
	RtlUserThreadStart [0x00007FFD955A485B+43]
</status>
</suite>
<suite id="s1-s5" name="TC4 ValidateAddressDetailsInCheckoutPage" source="C:\Users\RA20312005\PycharmProjects\pythonProject\TestCases\TC4_ValidateAddressDetailsInCheckoutPage.robot">
<kw name="InvokeBrowser" library="common" type="SETUP">
<kw name="Open Browser" library="SeleniumLibrary">
<arg>${URL}</arg>
<arg>${BROWSER}</arg>
<arg>options=add_argument("--load-extension=${EXTENSION_PATH}")</arg>
<doc>Opens a new browser instance to the optional ``url``.</doc>
<msg timestamp="20231030 15:31:45.110" level="INFO">Opening browser 'edge' to base url 'https://www.automationexercise.com/'.</msg>
<status status="PASS" starttime="20231030 15:31:45.110" endtime="20231030 15:31:54.448"/>
</kw>
<kw name="Maximize Browser Window" library="SeleniumLibrary">
<doc>Maximizes current browser window.</doc>
<status status="PASS" starttime="20231030 15:31:54.449" endtime="20231030 15:31:54.512"/>
</kw>
<status status="PASS" starttime="20231030 15:31:45.110" endtime="20231030 15:31:54.512"/>
</kw>
<test id="s1-s5-t1" name="ValidatAddressDetailsInHomepage" line="24">
<kw name="ValidateAddressInCheckoutPage">
<arg>Automation Exercise</arg>
<arg>Jack</arg>
<arg>Jack61@gmail.com</arg>
<arg>Jack@AE10</arg>
<arg>2</arg>
<arg>1</arg>
<arg>2015</arg>
<arg>Eminem</arg>
<arg>rap</arg>
<arg>TheEm</arg>
<arg>louisStreet</arg>
<arg>India</arg>
<arg>Canada</arg>
<arg>vegas</arg>
<arg>3001001</arg>
<arg>0123456789</arg>
<arg>ACCOUNT CREATED!</arg>
<arg>Logged in as Jack</arg>
<arg>Shopping Cart</arg>
<kw name="VerifyHomePageisVisible" library="HomePage">
<arg>${Exp_Title}</arg>
<kw name="Get Title" library="SeleniumLibrary">
<var>${Actual_Homepage_Title}</var>
<doc>Returns the title of the current page.</doc>
<msg timestamp="20231030 15:31:54.537" level="WARN">Keyword 'Capture Page Screenshot' could not be run on failure: Message: no such window: target window already closed
from unknown error: web view not found
  (Session info: MicrosoftEdge=118.0.2088.69)
Stacktrace:
	GetHandleVerifier [0x00007FF6EDC68942+63554]
	Microsoft::Applications::Events::ILogConfiguration::operator* [0x00007FF6EDBF2462+257778]
	(No symbol) [0x00007FF6ED9D1139]
	(No symbol) [0x00007FF6ED9ADFE4]
	(No symbol) [0x00007FF6EDA38685]
	(No symbol) [0x00007FF6EDA49AFF]
	(No symbol) [0x00007FF6EDA349D3]
	(No symbol) [0x00007FF6EDA0A574]
	(No symbol) [0x00007FF6EDA09C40]
	(No symbol) [0x00007FF6EDA0ACF4]
	Microsoft::Applications::Events::EventProperty::to_string [0x00007FF6EDE28BC9+1121529]
	(No symbol) [0x00007FF6EDA77BB6]
	Microsoft::Applications::Events::EventProperty::~EventProperty [0x00007FF6EDB41DBA+33914]
	Microsoft::Applications::Events::EventProperty::~EventProperty [0x00007FF6EDB3A759+3609]
	Microsoft::Applications::Events::EventProperty::to_string [0x00007FF6EDE27C44+1117556]
	Microsoft::Applications::Events::ILogConfiguration::operator* [0x00007FF6EDBFC718+299432]
	Microsoft::Applications::Events::ILogConfiguration::operator* [0x00007FF6EDBF74A4+278324]
	Microsoft::Applications::Events::ILogConfiguration::operator* [0x00007FF6EDBF75D2+278626]
	Microsoft::Applications::Events::ILogConfiguration::operator* [0x00007FF6EDBEA991+226337]
	BaseThreadInitThunk [0x00007FFD953053E0+16]
	RtlUserThreadStart [0x00007FFD955A485B+43]
</msg>
<msg timestamp="20231030 15:31:54.541" level="FAIL">NoSuchWindowException: Message: no such window: target window already closed
from unknown error: web view not found
  (Session info: MicrosoftEdge=118.0.2088.69)
Stacktrace:
	GetHandleVerifier [0x00007FF6EDC68942+63554]
	Microsoft::Applications::Events::ILogConfiguration::operator* [0x00007FF6EDBF2462+257778]
	(No symbol) [0x00007FF6ED9D1139]
	(No symbol) [0x00007FF6ED9ADFE4]
	(No symbol) [0x00007FF6EDA38685]
	(No symbol) [0x00007FF6EDA49AFF]
	(No symbol) [0x00007FF6EDA349D3]
	(No symbol) [0x00007FF6EDA0A574]
	(No symbol) [0x00007FF6EDA09C40]
	(No symbol) [0x00007FF6EDA0ACF4]
	Microsoft::Applications::Events::EventProperty::to_string [0x00007FF6EDE28BC9+1121529]
	(No symbol) [0x00007FF6EDA77BB6]
	Microsoft::Applications::Events::EventProperty::~EventProperty [0x00007FF6EDB41DBA+33914]
	Microsoft::Applications::Events::EventProperty::~EventProperty [0x00007FF6EDB3A759+3609]
	Microsoft::Applications::Events::EventProperty::to_string [0x00007FF6EDE27C44+1117556]
	Microsoft::Applications::Events::ILogConfiguration::operator* [0x00007FF6EDBFC718+299432]
	Microsoft::Applications::Events::ILogConfiguration::operator* [0x00007FF6EDBF74A4+278324]
	Microsoft::Applications::Events::ILogConfiguration::operator* [0x00007FF6EDBF75D2+278626]
	Microsoft::Applications::Events::ILogConfiguration::operator* [0x00007FF6EDBEA991+226337]
	BaseThreadInitThunk [0x00007FFD953053E0+16]
	RtlUserThreadStart [0x00007FFD955A485B+43]
</msg>
<status status="FAIL" starttime="20231030 15:31:54.520" endtime="20231030 15:31:54.546"/>
</kw>
<kw name="Should Be Equal As Strings" library="BuiltIn">
<arg>${Actual_Homepage_Title}</arg>
<arg>${Excepected_Title}</arg>
<doc>Fails if objects are unequal after converting them to strings.</doc>
<status status="NOT RUN" starttime="20231030 15:31:54.546" endtime="20231030 15:31:54.546"/>
</kw>
<kw name="Log To Console" library="BuiltIn">
<arg>home page is visible</arg>
<doc>Logs the given message to the console.</doc>
<status status="NOT RUN" starttime="20231030 15:31:54.546" endtime="20231030 15:31:54.546"/>
</kw>
<status status="FAIL" starttime="20231030 15:31:54.520" endtime="20231030 15:31:54.547"/>
</kw>
<kw name="ClickLogin" library="loginPage">
<status status="NOT RUN" starttime="20231030 15:31:54.547" endtime="20231030 15:31:54.547"/>
</kw>
<kw name="EnterSignUpName" library="loginPage">
<arg>${Get_signup_name}</arg>
<status status="NOT RUN" starttime="20231030 15:31:54.547" endtime="20231030 15:31:54.547"/>
</kw>
<kw name="EnterSignUpEmail" library="loginPage">
<arg>${Get_ssignup_email}</arg>
<status status="NOT RUN" starttime="20231030 15:31:54.547" endtime="20231030 15:31:54.547"/>
</kw>
<kw name="SignUpButton" library="loginPage">
<status status="NOT RUN" starttime="20231030 15:31:54.547" endtime="20231030 15:31:54.547"/>
</kw>
<kw name="SelectRadioButton" library="RegistrationPage">
<status status="NOT RUN" starttime="20231030 15:31:54.547" endtime="20231030 15:31:54.547"/>
</kw>
<kw name="EnterRegPassowrd" library="RegistrationPage">
<arg>${Password}</arg>
<status status="NOT RUN" starttime="20231030 15:31:54.547" endtime="20231030 15:31:54.547"/>
</kw>
<kw name="ChooseDay" library="RegistrationPage">
<arg>${Day}</arg>
<status status="NOT RUN" starttime="20231030 15:31:54.547" endtime="20231030 15:31:54.547"/>
</kw>
<kw name="ChooseMonth" library="RegistrationPage">
<arg>${month}</arg>
<status status="NOT RUN" starttime="20231030 15:31:54.548" endtime="20231030 15:31:54.548"/>
</kw>
<kw name="ChooseYear" library="RegistrationPage">
<arg>${year}</arg>
<status status="NOT RUN" starttime="20231030 15:31:54.548" endtime="20231030 15:31:54.549"/>
</kw>
<kw name="FirstNameInAddressInfo" library="RegistrationPage">
<arg>${firstName_Address}</arg>
<status status="NOT RUN" starttime="20231030 15:31:54.549" endtime="20231030 15:31:54.549"/>
</kw>
<kw name="LastNameInAddressInfo" library="RegistrationPage">
<arg>${lastname_Address}</arg>
<status status="NOT RUN" starttime="20231030 15:31:54.549" endtime="20231030 15:31:54.549"/>
</kw>
<kw name="EnterCompanyName" library="RegistrationPage">
<arg>${comp_name}</arg>
<status status="NOT RUN" starttime="20231030 15:31:54.549" endtime="20231030 15:31:54.549"/>
</kw>
<kw name="EnterAddress" library="RegistrationPage">
<arg>${address}</arg>
<status status="NOT RUN" starttime="20231030 15:31:54.549" endtime="20231030 15:31:54.549"/>
</kw>
<kw name="ChooseCountry" library="RegistrationPage">
<arg>${contry}</arg>
<status status="NOT RUN" starttime="20231030 15:31:54.549" endtime="20231030 15:31:54.549"/>
</kw>
<kw name="EnterState" library="RegistrationPage">
<arg>${state}</arg>
<status status="NOT RUN" starttime="20231030 15:31:54.549" endtime="20231030 15:31:54.549"/>
</kw>
<kw name="EnterCity" library="RegistrationPage">
<arg>${city}</arg>
<status status="NOT RUN" starttime="20231030 15:31:54.550" endtime="20231030 15:31:54.550"/>
</kw>
<kw name="EnterZipcode" library="RegistrationPage">
<arg>${zip}</arg>
<status status="NOT RUN" starttime="20231030 15:31:54.550" endtime="20231030 15:31:54.550"/>
</kw>
<kw name="EnterMobileNumber" library="RegistrationPage">
<arg>${mobnumber}</arg>
<status status="NOT RUN" starttime="20231030 15:31:54.550" endtime="20231030 15:31:54.550"/>
</kw>
<kw name="ClickCreateAccountButton" library="RegistrationPage">
<status status="NOT RUN" starttime="20231030 15:31:54.550" endtime="20231030 15:31:54.550"/>
</kw>
<kw name="VerifyAndVadlidateAccountCreatedText" library="AccountPage">
<arg>${validateAccntCreatedTxt}</arg>
<status status="NOT RUN" starttime="20231030 15:31:54.550" endtime="20231030 15:31:54.550"/>
</kw>
<kw name="ClickContinueBtn" library="AccountPage">
<status status="NOT RUN" starttime="20231030 15:31:54.550" endtime="20231030 15:31:54.550"/>
</kw>
<kw name="VerifyLoggedInasUsername" library="HomePage">
<arg>${Logged_User_Text}</arg>
<status status="NOT RUN" starttime="20231030 15:31:54.550" endtime="20231030 15:31:54.550"/>
</kw>
<kw name="AddProduct" library="HomePage">
<status status="NOT RUN" starttime="20231030 15:31:54.550" endtime="20231030 15:31:54.550"/>
</kw>
<kw name="ClickViewCart" library="HomePage">
<status status="NOT RUN" starttime="20231030 15:31:54.550" endtime="20231030 15:31:54.550"/>
</kw>
<kw name="ValidateCartPage" library="Cartpage">
<arg>${Exp_Cartpage_txt}</arg>
<status status="NOT RUN" starttime="20231030 15:31:54.550" endtime="20231030 15:31:54.550"/>
</kw>
<kw name="ClicProceedToCheckout" library="Cartpage">
<status status="NOT RUN" starttime="20231030 15:31:54.551" endtime="20231030 15:31:54.551"/>
</kw>
<kw name="DeleteAccount" library="CheckoutPage">
<status status="NOT RUN" starttime="20231030 15:31:54.551" endtime="20231030 15:31:54.551"/>
</kw>
<status status="FAIL" starttime="20231030 15:31:54.519" endtime="20231030 15:31:54.551"/>
</kw>
<tag>test:retry(2)</tag>
<status status="FAIL" starttime="20231030 15:31:54.512" endtime="20231030 15:31:54.552">NoSuchWindowException: Message: no such window: target window already closed
from unknown error: web view not found
  (Session info: MicrosoftEdge=118.0.2088.69)
Stacktrace:
	GetHandleVerifier [0x00007FF6EDC68942+63554]
	Microsoft::Applications::Events::ILogConfiguration::operator* [0x00007FF6EDBF2462+257778]
	(No symbol) [0x00007FF6ED9D1139]
	(No symbol) [0x00007FF6ED9ADFE4]
	(No symbol) [0x00007FF6EDA38685]
	(No symbol) [0x00007FF6EDA49AFF]
	(No symbol) [0x00007FF6EDA349D3]
	(No symbol) [0x00007FF6EDA0A574]
	(No symbol) [0x00007FF6EDA09C40]
	(No symbol) [0x00007FF6EDA0ACF4]
	Microsoft::Applications::Events::EventProperty::to_string [0x00007FF6EDE28BC9+1121529]
	(No symbol) [0x00007FF6EDA77BB6]
	Microsoft::Applications::Events::EventProperty::~EventProperty [0x00007FF6EDB41DBA+33914]
	Microsoft::Applications::Events::EventProperty::~EventProperty [0x00007FF6EDB3A759+3609]
	Microsoft::Applications::Events::EventProperty::to_string [0x00007FF6EDE27C44+1117556]
	Microsoft::Applications::Events::ILogConfiguration::operator* [0x00007FF6EDBFC718+299432]
	Microsoft::Applications::Events::ILogConfiguration::operator* [0x00007FF6EDBF74A4+278324]
	Microsoft::Applications::Events::ILogConfiguration::operator* [0x00007FF6EDBF75D2+278626]
	Microsoft::Applications::Events::ILogConfiguration::operator* [0x00007FF6EDBEA991+226337]
	BaseThreadInitThunk [0x00007FFD953053E0+16]
	RtlUserThreadStart [0x00007FFD955A485B+43]
</status>
</test>
<status status="FAIL" starttime="20231030 15:31:44.912" endtime="20231030 15:31:54.555"/>
</suite>
<status status="FAIL" starttime="20231030 15:10:36.642" endtime="20231030 15:31:54.558"/>
</suite>
<statistics>
<total>
<stat pass="4" fail="3" skip="0">All Tests</stat>
</total>
<tag>
<stat pass="0" fail="2" skip="0">test:retry(2)</stat>
</tag>
<suite>
<stat pass="4" fail="3" skip="0" id="s1" name="TestCases">TestCases</stat>
<stat pass="1" fail="0" skip="0" id="s1-s1" name="TC0 ValidateScrollUpAndDown">TestCases.TC0 ValidateScrollUpAndDown</stat>
<stat pass="3" fail="0" skip="0" id="s1-s2" name="TC1 LoginTestWithInvalidData">TestCases.TC1 LoginTestWithInvalidData</stat>
<stat pass="0" fail="1" skip="0" id="s1-s3" name="TC2 Registration">TestCases.TC2 Registration</stat>
<stat pass="0" fail="1" skip="0" id="s1-s4" name="TC3 ValidateCartItems">TestCases.TC3 ValidateCartItems</stat>
<stat pass="0" fail="1" skip="0" id="s1-s5" name="TC4 ValidateAddressDetailsInCheckoutPage">TestCases.TC4 ValidateAddressDetailsInCheckoutPage</stat>
</suite>
</statistics>
<errors>
<msg timestamp="20231030 15:11:14.879" level="WARN">Multiple tests with name 'Login With invalid credentials should fail' executed in suite 'TestCases.TC1 LoginTestWithInvalidData'.</msg>
<msg timestamp="20231030 15:11:17.926" level="WARN">Multiple tests with name 'Login With invalid credentials should fail' executed in suite 'TestCases.TC1 LoginTestWithInvalidData'.</msg>
<msg timestamp="20231030 15:31:44.861" level="WARN">Keyword 'Capture Page Screenshot' could not be run on failure: Message: no such window: target window already closed
from unknown error: web view not found
  (Session info: MicrosoftEdge=118.0.2088.69)
Stacktrace:
	GetHandleVerifier [0x00007FF6EDC68942+63554]
	Microsoft::Applications::Events::ILogConfiguration::operator* [0x00007FF6EDBF2462+257778]
	(No symbol) [0x00007FF6ED9D1139]
	(No symbol) [0x00007FF6ED9ADFE4]
	(No symbol) [0x00007FF6EDA38685]
	(No symbol) [0x00007FF6EDA49AFF]
	(No symbol) [0x00007FF6EDA349D3]
	(No symbol) [0x00007FF6EDA0A574]
	(No symbol) [0x00007FF6EDA09C40]
	(No symbol) [0x00007FF6EDA0ACF4]
	Microsoft::Applications::Events::EventProperty::to_string [0x00007FF6EDE28BC9+1121529]
	(No symbol) [0x00007FF6EDA77BB6]
	Microsoft::Applications::Events::EventProperty::~EventProperty [0x00007FF6EDB41DBA+33914]
	Microsoft::Applications::Events::EventProperty::~EventProperty [0x00007FF6EDB3A759+3609]
	Microsoft::Applications::Events::EventProperty::to_string [0x00007FF6EDE27C44+1117556]
	Microsoft::Applications::Events::ILogConfiguration::operator* [0x00007FF6EDBFC718+299432]
	Microsoft::Applications::Events::ILogConfiguration::operator* [0x00007FF6EDBF74A4+278324]
	Microsoft::Applications::Events::ILogConfiguration::operator* [0x00007FF6EDBF75D2+278626]
	Microsoft::Applications::Events::ILogConfiguration::operator* [0x00007FF6EDBEA991+226337]
	BaseThreadInitThunk [0x00007FFD953053E0+16]
	RtlUserThreadStart [0x00007FFD955A485B+43]
</msg>
<msg timestamp="20231030 15:31:54.537" level="WARN">Keyword 'Capture Page Screenshot' could not be run on failure: Message: no such window: target window already closed
from unknown error: web view not found
  (Session info: MicrosoftEdge=118.0.2088.69)
Stacktrace:
	GetHandleVerifier [0x00007FF6EDC68942+63554]
	Microsoft::Applications::Events::ILogConfiguration::operator* [0x00007FF6EDBF2462+257778]
	(No symbol) [0x00007FF6ED9D1139]
	(No symbol) [0x00007FF6ED9ADFE4]
	(No symbol) [0x00007FF6EDA38685]
	(No symbol) [0x00007FF6EDA49AFF]
	(No symbol) [0x00007FF6EDA349D3]
	(No symbol) [0x00007FF6EDA0A574]
	(No symbol) [0x00007FF6EDA09C40]
	(No symbol) [0x00007FF6EDA0ACF4]
	Microsoft::Applications::Events::EventProperty::to_string [0x00007FF6EDE28BC9+1121529]
	(No symbol) [0x00007FF6EDA77BB6]
	Microsoft::Applications::Events::EventProperty::~EventProperty [0x00007FF6EDB41DBA+33914]
	Microsoft::Applications::Events::EventProperty::~EventProperty [0x00007FF6EDB3A759+3609]
	Microsoft::Applications::Events::EventProperty::to_string [0x00007FF6EDE27C44+1117556]
	Microsoft::Applications::Events::ILogConfiguration::operator* [0x00007FF6EDBFC718+299432]
	Microsoft::Applications::Events::ILogConfiguration::operator* [0x00007FF6EDBF74A4+278324]
	Microsoft::Applications::Events::ILogConfiguration::operator* [0x00007FF6EDBF75D2+278626]
	Microsoft::Applications::Events::ILogConfiguration::operator* [0x00007FF6EDBEA991+226337]
	BaseThreadInitThunk [0x00007FFD953053E0+16]
	RtlUserThreadStart [0x00007FFD955A485B+43]
</msg>
</errors>
</robot>
