<?xml version="1.0" encoding="UTF-8"?>
<robot generator="Robot 6.1.1 (Python 3.11.4 on win32)" generated="20231025 12:26:31.285" rpa="false" schemaversion="4">
<suite id="s1" name="TestCases" source="C:\Users\RA20312005\PycharmProjects\pythonProject\TestCases">
<suite id="s1-s1" name="TC0 ValidateScrollUpAndDown" source="C:\Users\RA20312005\PycharmProjects\pythonProject\TestCases\TC0_ValidateScrollUpAndDown.robot">
<test id="s1-s1-t1" name="ValdateScrollUpAndDown" line="17">
<kw name="InvokeBrowser" library="common" type="SETUP">
<kw name="Open Browser" library="SeleniumLibrary">
<arg>${URL}</arg>
<arg>${BROWSER}</arg>
<arg>options=add_argument("--load-extension=${EXTENSION_PATH}")</arg>
<doc>Opens a new browser instance to the optional ``url``.</doc>
<msg timestamp="20231025 12:26:32.112" level="INFO">Opening browser 'edge' to base url 'https://www.automationexercise.com/'.</msg>
<status status="PASS" starttime="20231025 12:26:32.112" endtime="20231025 12:26:45.281"/>
</kw>
<kw name="Maximize Browser Window" library="SeleniumLibrary">
<doc>Maximizes current browser window.</doc>
<status status="PASS" starttime="20231025 12:26:45.281" endtime="20231025 12:26:45.410"/>
</kw>
<status status="PASS" starttime="20231025 12:26:32.111" endtime="20231025 12:26:45.410"/>
</kw>
<kw name="TestSrollUpandDown">
<arg>Automation Exercise</arg>
<arg>SUBSCRIPTION</arg>
<arg>Full-Fledged practice website for Automation Engineers</arg>
<kw name="VerifyHomePageTitle" library="HomePage">
<arg>${Expected_Title}</arg>
<kw name="Get Title" library="SeleniumLibrary">
<var>${Actual_Homepage_Title}</var>
<doc>Returns the title of the current page.</doc>
<msg timestamp="20231025 12:26:45.415" level="INFO">${Actual_Homepage_Title} = Automation Exercise</msg>
<status status="PASS" starttime="20231025 12:26:45.411" endtime="20231025 12:26:45.415"/>
</kw>
<kw name="Title Should Be" library="SeleniumLibrary">
<arg>${Actual_Homepage_Title}</arg>
<arg>${Excepected_Title}</arg>
<doc>Verifies that the current page title equals ``title``.</doc>
<msg timestamp="20231025 12:26:45.419" level="INFO">Page title is 'Automation Exercise'.</msg>
<status status="PASS" starttime="20231025 12:26:45.415" endtime="20231025 12:26:45.419"/>
</kw>
<kw name="Log To Console" library="BuiltIn">
<arg>home page is visible</arg>
<doc>Logs the given message to the console.</doc>
<status status="PASS" starttime="20231025 12:26:45.419" endtime="20231025 12:26:45.419"/>
</kw>
<status status="PASS" starttime="20231025 12:26:45.411" endtime="20231025 12:26:45.419"/>
</kw>
<kw name="ScrollDownToPage" library="HomePage">
<kw name="Execute Javascript" library="SeleniumLibrary">
<arg>window.scrollTo(0, document.body.scrollHeight)</arg>
<doc>Executes the given JavaScript code with possible arguments.</doc>
<msg timestamp="20231025 12:26:45.423" level="INFO">Executing JavaScript:
window.scrollTo(0, document.body.scrollHeight)
Without any arguments.</msg>
<status status="PASS" starttime="20231025 12:26:45.421" endtime="20231025 12:26:45.437"/>
</kw>
<kw name="Log To Console" library="BuiltIn">
<arg>scroll down executed</arg>
<doc>Logs the given message to the console.</doc>
<status status="PASS" starttime="20231025 12:26:45.438" endtime="20231025 12:26:45.442"/>
</kw>
<status status="PASS" starttime="20231025 12:26:45.420" endtime="20231025 12:26:45.442"/>
</kw>
<kw name="VerifySubscriptionIsVisible" library="HomePage">
<arg>${Exp_Sub_txt}</arg>
<kw name="Get Text" library="SeleniumLibrary">
<var>${Actual_sub_text}</var>
<arg>${SUBSCRIPTION_TEXT}</arg>
<doc>Returns the text value of the element identified by ``locator``.</doc>
<msg timestamp="20231025 12:26:45.483" level="INFO">${Actual_sub_text} = SUBSCRIPTION</msg>
<status status="PASS" starttime="20231025 12:26:45.444" endtime="20231025 12:26:45.483"/>
</kw>
<kw name="Should Be Equal As Strings" library="BuiltIn">
<arg>${Actual_sub_text}</arg>
<arg>${Exp_Sub_text}</arg>
<doc>Fails if objects are unequal after converting them to strings.</doc>
<status status="PASS" starttime="20231025 12:26:45.484" endtime="20231025 12:26:45.484"/>
</kw>
<status status="PASS" starttime="20231025 12:26:45.442" endtime="20231025 12:26:45.484"/>
</kw>
<kw name="ClickUpArrowBotton" library="HomePage">
<kw name="Click Element" library="SeleniumLibrary">
<arg>${UPARROW_BURRON}</arg>
<doc>Click the element identified by ``locator``.</doc>
<msg timestamp="20231025 12:26:45.485" level="INFO">Clicking element '//a[@id='scrollUp']'.</msg>
<status status="PASS" starttime="20231025 12:26:45.484" endtime="20231025 12:26:45.898"/>
</kw>
<status status="PASS" starttime="20231025 12:26:45.484" endtime="20231025 12:26:45.898"/>
</kw>
<kw name="VerifyFullFlegedTexgIsVisible" library="HomePage">
<arg>${Expected_Text}</arg>
<kw name="Get Text" library="SeleniumLibrary">
<var>${fullfleged_txt}</var>
<arg>${FULLFLEGED_TEXT}</arg>
<doc>Returns the text value of the element identified by ``locator``.</doc>
<msg timestamp="20231025 12:26:46.014" level="INFO">${fullfleged_txt} = Full-Fledged practice website for Automation Engineers</msg>
<status status="PASS" starttime="20231025 12:26:45.898" endtime="20231025 12:26:46.015"/>
</kw>
<kw name="Log" library="BuiltIn">
<arg>${fullfleged_txt}</arg>
<doc>Logs the given message with the given level.</doc>
<msg timestamp="20231025 12:26:46.015" level="INFO">Full-Fledged practice website for Automation Engineers</msg>
<status status="PASS" starttime="20231025 12:26:46.015" endtime="20231025 12:26:46.015"/>
</kw>
<kw name="Should Be Equal As Strings" library="BuiltIn">
<arg>${fullfleged_txt}</arg>
<arg>${Exp_Fulfleged_text}</arg>
<doc>Fails if objects are unequal after converting them to strings.</doc>
<status status="PASS" starttime="20231025 12:26:46.015" endtime="20231025 12:26:46.016"/>
</kw>
<status status="PASS" starttime="20231025 12:26:45.898" endtime="20231025 12:26:46.016"/>
</kw>
<status status="PASS" starttime="20231025 12:26:45.411" endtime="20231025 12:26:46.016"/>
</kw>
<kw name="Close Browser" library="SeleniumLibrary" type="TEARDOWN">
<doc>Closes the current browser.</doc>
<status status="PASS" starttime="20231025 12:26:46.019" endtime="20231025 12:26:46.269"/>
</kw>
<status status="PASS" starttime="20231025 12:26:32.111" endtime="20231025 12:26:46.269"/>
</test>
<status status="PASS" starttime="20231025 12:26:31.335" endtime="20231025 12:26:46.270"/>
</suite>
<suite id="s1-s2" name="TC1 LoginTestWithInvalidData" source="C:\Users\RA20312005\PycharmProjects\pythonProject\TestCases\TC1_LoginTestWithInvalidData.robot">
<kw name="InvokeBrowser" library="common" type="SETUP">
<kw name="Open Browser" library="SeleniumLibrary">
<arg>${URL}</arg>
<arg>${BROWSER}</arg>
<arg>options=add_argument("--load-extension=${EXTENSION_PATH}")</arg>
<doc>Opens a new browser instance to the optional ``url``.</doc>
<msg timestamp="20231025 12:26:49.011" level="INFO">Opening browser 'edge' to base url 'https://www.automationexercise.com/'.</msg>
<status status="PASS" starttime="20231025 12:26:49.011" endtime="20231025 12:27:04.595"/>
</kw>
<kw name="Maximize Browser Window" library="SeleniumLibrary">
<doc>Maximizes current browser window.</doc>
<status status="PASS" starttime="20231025 12:27:04.595" endtime="20231025 12:27:04.728"/>
</kw>
<status status="PASS" starttime="20231025 12:26:49.011" endtime="20231025 12:27:04.728"/>
</kw>
<test id="s1-s2-t1" name="Login With invalid credentials should fail" line="13">
<kw name="LoginTestWithInvalidData">
<arg>abc1@gmail.com</arg>
<arg>abc1</arg>
<arg>Your email or password is incorrect!</arg>
<kw name="ClickLogin" library="loginPage">
<kw name="Click Element" library="SeleniumLibrary">
<arg>${LOGIN_LINKTEXT}</arg>
<doc>Click the element identified by ``locator``.</doc>
<msg timestamp="20231025 12:27:04.732" level="INFO">Clicking element '//a[@href='/login']'.</msg>
<status status="PASS" starttime="20231025 12:27:04.731" endtime="20231025 12:27:05.830"/>
</kw>
<kw name="Log To Console" library="BuiltIn">
<arg>login element clicked</arg>
<doc>Logs the given message to the console.</doc>
<status status="PASS" starttime="20231025 12:27:05.830" endtime="20231025 12:27:05.831"/>
</kw>
<status status="PASS" starttime="20231025 12:27:04.731" endtime="20231025 12:27:05.831"/>
</kw>
<kw name="EnterLoginEmail" library="loginPage">
<arg>${USEREMAIL}</arg>
<kw name="Input Text" library="SeleniumLibrary">
<arg>${LOGIN_EMAIL_TEXTFIELD}</arg>
<arg>${loginuseremail}</arg>
<doc>Types the given ``text`` into the text field identified by ``locator``.</doc>
<msg timestamp="20231025 12:27:05.831" level="INFO">Typing text 'abc1@gmail.com' into text field '//input[@data-qa='login-email']'.</msg>
<status status="PASS" starttime="20231025 12:27:05.831" endtime="20231025 12:27:06.247"/>
</kw>
<kw name="Log To Console" library="BuiltIn">
<arg>login Email entered</arg>
<doc>Logs the given message to the console.</doc>
<status status="PASS" starttime="20231025 12:27:06.247" endtime="20231025 12:27:06.248"/>
</kw>
<status status="PASS" starttime="20231025 12:27:05.831" endtime="20231025 12:27:06.248"/>
</kw>
<kw name="EnterLoginPassword" library="loginPage">
<arg>${PASSWORD}</arg>
<kw name="Input Text" library="SeleniumLibrary">
<arg>${Login_PASSWORD_TEXTFIELD}</arg>
<arg>${loginPassword}</arg>
<doc>Types the given ``text`` into the text field identified by ``locator``.</doc>
<msg timestamp="20231025 12:27:06.249" level="INFO">Typing text 'abc1' into text field '//input[@data-qa='login-password']'.</msg>
<status status="PASS" starttime="20231025 12:27:06.248" endtime="20231025 12:27:06.326"/>
</kw>
<kw name="Log To Console" library="BuiltIn">
<arg>login password entered</arg>
<doc>Logs the given message to the console.</doc>
<status status="PASS" starttime="20231025 12:27:06.326" endtime="20231025 12:27:06.326"/>
</kw>
<status status="PASS" starttime="20231025 12:27:06.248" endtime="20231025 12:27:06.326"/>
</kw>
<kw name="ClickLoginButton" library="loginPage">
<kw name="Click Element" library="SeleniumLibrary">
<arg>${LOGIN_BUTTON}</arg>
<doc>Click the element identified by ``locator``.</doc>
<msg timestamp="20231025 12:27:06.327" level="INFO">Clicking element '//button[text()='Login']'.</msg>
<status status="PASS" starttime="20231025 12:27:06.327" endtime="20231025 12:27:07.264"/>
</kw>
<kw name="Log To Console" library="BuiltIn">
<arg>login button clicked</arg>
<doc>Logs the given message to the console.</doc>
<status status="PASS" starttime="20231025 12:27:07.264" endtime="20231025 12:27:07.265"/>
</kw>
<status status="PASS" starttime="20231025 12:27:06.327" endtime="20231025 12:27:07.265"/>
</kw>
<kw name="ValidateLoginError" library="loginPage">
<arg>${ERRORMESSAGE}</arg>
<kw name="Wait Until Element Is Visible" library="SeleniumLibrary">
<arg>${LOGIN_ERROR_MESSAGE}</arg>
<doc>Waits until the element ``locator`` is visible.</doc>
<status status="PASS" starttime="20231025 12:27:07.265" endtime="20231025 12:27:07.388"/>
</kw>
<kw name="Element Text Should Be" library="SeleniumLibrary">
<arg>${LOGIN_ERROR_MESSAGE}</arg>
<arg>${ERROR_MESSAGE}</arg>
<doc>Verifies that element ``locator`` contains exact the text ``expected``.</doc>
<msg timestamp="20231025 12:27:07.389" level="INFO">Verifying element '//p[text()='Your email or password is incorrect!']' contains exact text 'Your email or password is incorrect!'.</msg>
<status status="PASS" starttime="20231025 12:27:07.388" endtime="20231025 12:27:07.449"/>
</kw>
<kw name="Log To Console" library="BuiltIn">
<arg>login error validated</arg>
<doc>Logs the given message to the console.</doc>
<status status="PASS" starttime="20231025 12:27:07.450" endtime="20231025 12:27:07.450"/>
</kw>
<status status="PASS" starttime="20231025 12:27:07.265" endtime="20231025 12:27:07.450"/>
</kw>
<status status="PASS" starttime="20231025 12:27:04.731" endtime="20231025 12:27:07.451"/>
</kw>
<status status="PASS" starttime="20231025 12:27:04.728" endtime="20231025 12:27:07.452"/>
</test>
<test id="s1-s2-t2" name="Login With invalid credentials should fail" line="13">
<kw name="LoginTestWithInvalidData">
<arg>zzz1@gmail.co</arg>
<arg>cba1</arg>
<arg>Your email or password is incorrect!</arg>
<kw name="ClickLogin" library="loginPage">
<kw name="Click Element" library="SeleniumLibrary">
<arg>${LOGIN_LINKTEXT}</arg>
<doc>Click the element identified by ``locator``.</doc>
<msg timestamp="20231025 12:27:07.459" level="INFO">Clicking element '//a[@href='/login']'.</msg>
<status status="PASS" starttime="20231025 12:27:07.458" endtime="20231025 12:27:08.432"/>
</kw>
<kw name="Log To Console" library="BuiltIn">
<arg>login element clicked</arg>
<doc>Logs the given message to the console.</doc>
<status status="PASS" starttime="20231025 12:27:08.432" endtime="20231025 12:27:08.433"/>
</kw>
<status status="PASS" starttime="20231025 12:27:07.458" endtime="20231025 12:27:08.433"/>
</kw>
<kw name="EnterLoginEmail" library="loginPage">
<arg>${USEREMAIL}</arg>
<kw name="Input Text" library="SeleniumLibrary">
<arg>${LOGIN_EMAIL_TEXTFIELD}</arg>
<arg>${loginuseremail}</arg>
<doc>Types the given ``text`` into the text field identified by ``locator``.</doc>
<msg timestamp="20231025 12:27:08.434" level="INFO">Typing text 'zzz1@gmail.co' into text field '//input[@data-qa='login-email']'.</msg>
<status status="PASS" starttime="20231025 12:27:08.433" endtime="20231025 12:27:08.718"/>
</kw>
<kw name="Log To Console" library="BuiltIn">
<arg>login Email entered</arg>
<doc>Logs the given message to the console.</doc>
<status status="PASS" starttime="20231025 12:27:08.718" endtime="20231025 12:27:08.720"/>
</kw>
<status status="PASS" starttime="20231025 12:27:08.433" endtime="20231025 12:27:08.720"/>
</kw>
<kw name="EnterLoginPassword" library="loginPage">
<arg>${PASSWORD}</arg>
<kw name="Input Text" library="SeleniumLibrary">
<arg>${Login_PASSWORD_TEXTFIELD}</arg>
<arg>${loginPassword}</arg>
<doc>Types the given ``text`` into the text field identified by ``locator``.</doc>
<msg timestamp="20231025 12:27:08.723" level="INFO">Typing text 'cba1' into text field '//input[@data-qa='login-password']'.</msg>
<status status="PASS" starttime="20231025 12:27:08.722" endtime="20231025 12:27:08.827"/>
</kw>
<kw name="Log To Console" library="BuiltIn">
<arg>login password entered</arg>
<doc>Logs the given message to the console.</doc>
<status status="PASS" starttime="20231025 12:27:08.828" endtime="20231025 12:27:08.830"/>
</kw>
<status status="PASS" starttime="20231025 12:27:08.720" endtime="20231025 12:27:08.830"/>
</kw>
<kw name="ClickLoginButton" library="loginPage">
<kw name="Click Element" library="SeleniumLibrary">
<arg>${LOGIN_BUTTON}</arg>
<doc>Click the element identified by ``locator``.</doc>
<msg timestamp="20231025 12:27:08.830" level="INFO">Clicking element '//button[text()='Login']'.</msg>
<status status="PASS" starttime="20231025 12:27:08.830" endtime="20231025 12:27:09.721"/>
</kw>
<kw name="Log To Console" library="BuiltIn">
<arg>login button clicked</arg>
<doc>Logs the given message to the console.</doc>
<status status="PASS" starttime="20231025 12:27:09.721" endtime="20231025 12:27:09.722"/>
</kw>
<status status="PASS" starttime="20231025 12:27:08.830" endtime="20231025 12:27:09.722"/>
</kw>
<kw name="ValidateLoginError" library="loginPage">
<arg>${ERRORMESSAGE}</arg>
<kw name="Wait Until Element Is Visible" library="SeleniumLibrary">
<arg>${LOGIN_ERROR_MESSAGE}</arg>
<doc>Waits until the element ``locator`` is visible.</doc>
<status status="PASS" starttime="20231025 12:27:09.722" endtime="20231025 12:27:09.881"/>
</kw>
<kw name="Element Text Should Be" library="SeleniumLibrary">
<arg>${LOGIN_ERROR_MESSAGE}</arg>
<arg>${ERROR_MESSAGE}</arg>
<doc>Verifies that element ``locator`` contains exact the text ``expected``.</doc>
<msg timestamp="20231025 12:27:09.881" level="INFO">Verifying element '//p[text()='Your email or password is incorrect!']' contains exact text 'Your email or password is incorrect!'.</msg>
<status status="PASS" starttime="20231025 12:27:09.881" endtime="20231025 12:27:09.894"/>
</kw>
<kw name="Log To Console" library="BuiltIn">
<arg>login error validated</arg>
<doc>Logs the given message to the console.</doc>
<status status="PASS" starttime="20231025 12:27:09.894" endtime="20231025 12:27:09.895"/>
</kw>
<status status="PASS" starttime="20231025 12:27:09.722" endtime="20231025 12:27:09.895"/>
</kw>
<status status="PASS" starttime="20231025 12:27:07.458" endtime="20231025 12:27:09.895"/>
</kw>
<status status="PASS" starttime="20231025 12:27:07.455" endtime="20231025 12:27:09.895"/>
</test>
<test id="s1-s2-t3" name="Login With invalid credentials should fail" line="13">
<kw name="LoginTestWithInvalidData">
<arg>bbb2@mail.com</arg>
<arg>12a</arg>
<arg>Your email or password is incorrect!</arg>
<kw name="ClickLogin" library="loginPage">
<kw name="Click Element" library="SeleniumLibrary">
<arg>${LOGIN_LINKTEXT}</arg>
<doc>Click the element identified by ``locator``.</doc>
<msg timestamp="20231025 12:27:09.898" level="INFO">Clicking element '//a[@href='/login']'.</msg>
<status status="PASS" starttime="20231025 12:27:09.898" endtime="20231025 12:27:11.066"/>
</kw>
<kw name="Log To Console" library="BuiltIn">
<arg>login element clicked</arg>
<doc>Logs the given message to the console.</doc>
<status status="PASS" starttime="20231025 12:27:11.066" endtime="20231025 12:27:11.066"/>
</kw>
<status status="PASS" starttime="20231025 12:27:09.897" endtime="20231025 12:27:11.067"/>
</kw>
<kw name="EnterLoginEmail" library="loginPage">
<arg>${USEREMAIL}</arg>
<kw name="Input Text" library="SeleniumLibrary">
<arg>${LOGIN_EMAIL_TEXTFIELD}</arg>
<arg>${loginuseremail}</arg>
<doc>Types the given ``text`` into the text field identified by ``locator``.</doc>
<msg timestamp="20231025 12:27:11.070" level="INFO">Typing text 'bbb2@mail.com' into text field '//input[@data-qa='login-email']'.</msg>
<status status="PASS" starttime="20231025 12:27:11.069" endtime="20231025 12:27:11.281"/>
</kw>
<kw name="Log To Console" library="BuiltIn">
<arg>login Email entered</arg>
<doc>Logs the given message to the console.</doc>
<status status="PASS" starttime="20231025 12:27:11.281" endtime="20231025 12:27:11.281"/>
</kw>
<status status="PASS" starttime="20231025 12:27:11.067" endtime="20231025 12:27:11.281"/>
</kw>
<kw name="EnterLoginPassword" library="loginPage">
<arg>${PASSWORD}</arg>
<kw name="Input Text" library="SeleniumLibrary">
<arg>${Login_PASSWORD_TEXTFIELD}</arg>
<arg>${loginPassword}</arg>
<doc>Types the given ``text`` into the text field identified by ``locator``.</doc>
<msg timestamp="20231025 12:27:11.282" level="INFO">Typing text '12a' into text field '//input[@data-qa='login-password']'.</msg>
<status status="PASS" starttime="20231025 12:27:11.281" endtime="20231025 12:27:11.410"/>
</kw>
<kw name="Log To Console" library="BuiltIn">
<arg>login password entered</arg>
<doc>Logs the given message to the console.</doc>
<status status="PASS" starttime="20231025 12:27:11.410" endtime="20231025 12:27:11.411"/>
</kw>
<status status="PASS" starttime="20231025 12:27:11.281" endtime="20231025 12:27:11.411"/>
</kw>
<kw name="ClickLoginButton" library="loginPage">
<kw name="Click Element" library="SeleniumLibrary">
<arg>${LOGIN_BUTTON}</arg>
<doc>Click the element identified by ``locator``.</doc>
<msg timestamp="20231025 12:27:11.411" level="INFO">Clicking element '//button[text()='Login']'.</msg>
<status status="PASS" starttime="20231025 12:27:11.411" endtime="20231025 12:27:12.309"/>
</kw>
<kw name="Log To Console" library="BuiltIn">
<arg>login button clicked</arg>
<doc>Logs the given message to the console.</doc>
<status status="PASS" starttime="20231025 12:27:12.310" endtime="20231025 12:27:12.310"/>
</kw>
<status status="PASS" starttime="20231025 12:27:11.411" endtime="20231025 12:27:12.310"/>
</kw>
<kw name="ValidateLoginError" library="loginPage">
<arg>${ERRORMESSAGE}</arg>
<kw name="Wait Until Element Is Visible" library="SeleniumLibrary">
<arg>${LOGIN_ERROR_MESSAGE}</arg>
<doc>Waits until the element ``locator`` is visible.</doc>
<status status="PASS" starttime="20231025 12:27:12.311" endtime="20231025 12:27:12.444"/>
</kw>
<kw name="Element Text Should Be" library="SeleniumLibrary">
<arg>${LOGIN_ERROR_MESSAGE}</arg>
<arg>${ERROR_MESSAGE}</arg>
<doc>Verifies that element ``locator`` contains exact the text ``expected``.</doc>
<msg timestamp="20231025 12:27:12.445" level="INFO">Verifying element '//p[text()='Your email or password is incorrect!']' contains exact text 'Your email or password is incorrect!'.</msg>
<status status="PASS" starttime="20231025 12:27:12.444" endtime="20231025 12:27:12.464"/>
</kw>
<kw name="Log To Console" library="BuiltIn">
<arg>login error validated</arg>
<doc>Logs the given message to the console.</doc>
<status status="PASS" starttime="20231025 12:27:12.464" endtime="20231025 12:27:12.465"/>
</kw>
<status status="PASS" starttime="20231025 12:27:12.310" endtime="20231025 12:27:12.465"/>
</kw>
<status status="PASS" starttime="20231025 12:27:09.897" endtime="20231025 12:27:12.465"/>
</kw>
<status status="PASS" starttime="20231025 12:27:09.896" endtime="20231025 12:27:12.465"/>
</test>
<kw name="TearDown" library="common" type="TEARDOWN">
<kw name="Close Browser" library="SeleniumLibrary">
<doc>Closes the current browser.</doc>
<status status="PASS" starttime="20231025 12:27:12.467" endtime="20231025 12:27:12.670"/>
</kw>
<status status="PASS" starttime="20231025 12:27:12.467" endtime="20231025 12:27:12.670"/>
</kw>
<status status="PASS" starttime="20231025 12:26:46.274" endtime="20231025 12:27:12.670"/>
</suite>
<suite id="s1-s3" name="TC2 Registration" source="C:\Users\RA20312005\PycharmProjects\pythonProject\TestCases\TC2_Registration.robot">
<test id="s1-s3-t1" name="UserRegistration" line="14">
<kw name="InvokeBrowser" library="common" type="SETUP">
<kw name="Open Browser" library="SeleniumLibrary">
<arg>${URL}</arg>
<arg>${BROWSER}</arg>
<arg>options=add_argument("--load-extension=${EXTENSION_PATH}")</arg>
<doc>Opens a new browser instance to the optional ``url``.</doc>
<msg timestamp="20231025 12:27:12.739" level="INFO">Opening browser 'edge' to base url 'https://www.automationexercise.com/'.</msg>
<status status="PASS" starttime="20231025 12:27:12.738" endtime="20231025 12:27:25.747"/>
</kw>
<kw name="Maximize Browser Window" library="SeleniumLibrary">
<doc>Maximizes current browser window.</doc>
<status status="PASS" starttime="20231025 12:27:25.747" endtime="20231025 12:27:25.874"/>
</kw>
<status status="PASS" starttime="20231025 12:27:12.738" endtime="20231025 12:27:25.874"/>
</kw>
<kw name="RegistrationTest">
<arg>Emy</arg>
<arg>Emy38@gmail.com</arg>
<arg>Emy@AE10</arg>
<arg>2</arg>
<arg>1</arg>
<arg>2015</arg>
<arg>Eminem</arg>
<arg>rap</arg>
<arg>TheEm</arg>
<arg>louisStreet</arg>
<arg>Canada</arg>
<arg>vegas</arg>
<arg>downtown</arg>
<arg>3001001</arg>
<arg>0123456789</arg>
<arg>ACCOUNT CREATED!</arg>
<arg>Logged in as Emy</arg>
<kw name="ClickLogin" library="loginPage">
<kw name="Click Element" library="SeleniumLibrary">
<arg>${LOGIN_LINKTEXT}</arg>
<doc>Click the element identified by ``locator``.</doc>
<msg timestamp="20231025 12:27:25.875" level="INFO">Clicking element '//a[@href='/login']'.</msg>
<status status="PASS" starttime="20231025 12:27:25.875" endtime="20231025 12:27:27.034"/>
</kw>
<kw name="Log To Console" library="BuiltIn">
<arg>login element clicked</arg>
<doc>Logs the given message to the console.</doc>
<status status="PASS" starttime="20231025 12:27:27.034" endtime="20231025 12:27:27.035"/>
</kw>
<status status="PASS" starttime="20231025 12:27:25.874" endtime="20231025 12:27:27.035"/>
</kw>
<kw name="EnterSignUpName" library="loginPage">
<arg>${Get_signup_name}</arg>
<kw name="Input Text" library="SeleniumLibrary">
<arg>${SIGINUP_NAME_TEXTFIELD}</arg>
<arg>${signname}</arg>
<doc>Types the given ``text`` into the text field identified by ``locator``.</doc>
<msg timestamp="20231025 12:27:27.036" level="INFO">Typing text 'Emy' into text field '//input[@data-qa='signup-name']'.</msg>
<status status="PASS" starttime="20231025 12:27:27.036" endtime="20231025 12:27:27.351"/>
</kw>
<kw name="Log To Console" library="BuiltIn">
<arg>enter sign up name</arg>
<doc>Logs the given message to the console.</doc>
<status status="PASS" starttime="20231025 12:27:27.352" endtime="20231025 12:27:27.353"/>
</kw>
<status status="PASS" starttime="20231025 12:27:27.035" endtime="20231025 12:27:27.353"/>
</kw>
<kw name="EnterSignUpEmail" library="loginPage">
<arg>${Get_ssignup_email}</arg>
<kw name="Input Text" library="SeleniumLibrary">
<arg>${SIGNUP_EMAIL_TEXTFIELD}</arg>
<arg>${Signemail}</arg>
<doc>Types the given ``text`` into the text field identified by ``locator``.</doc>
<msg timestamp="20231025 12:27:27.354" level="INFO">Typing text 'Emy38@gmail.com' into text field '//input[@data-qa='signup-email']'.</msg>
<status status="PASS" starttime="20231025 12:27:27.353" endtime="20231025 12:27:27.447"/>
</kw>
<kw name="Log To Console" library="BuiltIn">
<arg>enter sign up email</arg>
<doc>Logs the given message to the console.</doc>
<status status="PASS" starttime="20231025 12:27:27.447" endtime="20231025 12:27:27.447"/>
</kw>
<status status="PASS" starttime="20231025 12:27:27.353" endtime="20231025 12:27:27.447"/>
</kw>
<kw name="SignUpButton" library="loginPage">
<kw name="Click Button" library="SeleniumLibrary">
<arg>${SIGNUP_BUTTON}</arg>
<doc>Clicks the button identified by ``locator``.</doc>
<msg timestamp="20231025 12:27:27.448" level="INFO">Clicking button '//button[text()='Signup']'.</msg>
<status status="PASS" starttime="20231025 12:27:27.447" endtime="20231025 12:27:28.631"/>
</kw>
<kw name="Log To Console" library="BuiltIn">
<arg>click sign up button</arg>
<doc>Logs the given message to the console.</doc>
<status status="PASS" starttime="20231025 12:27:28.631" endtime="20231025 12:27:28.631"/>
</kw>
<status status="PASS" starttime="20231025 12:27:27.447" endtime="20231025 12:27:28.631"/>
</kw>
<kw name="SelectRadioButton" library="RegistrationPage">
<kw name="Wait Until Element Is Visible" library="SeleniumLibrary">
<arg>${TITLE_RADIO_BUTTON}</arg>
<doc>Waits until the element ``locator`` is visible.</doc>
<status status="PASS" starttime="20231025 12:27:28.633" endtime="20231025 12:27:28.787"/>
</kw>
<kw name="Click Element" library="SeleniumLibrary">
<arg>${TITLE_RADIO_BUTTON}</arg>
<doc>Click the element identified by ``locator``.</doc>
<msg timestamp="20231025 12:27:28.788" level="INFO">Clicking element '//div[@id='uniform-id_gender1']'.</msg>
<status status="PASS" starttime="20231025 12:27:28.787" endtime="20231025 12:27:28.838"/>
</kw>
<status status="PASS" starttime="20231025 12:27:28.632" endtime="20231025 12:27:28.838"/>
</kw>
<kw name="EnterRegPassowrd" library="RegistrationPage">
<arg>${Password}</arg>
<kw name="Input Text" library="SeleniumLibrary">
<arg>${PASSWORD_TEXTFIELD}</arg>
<arg>${set_password}</arg>
<doc>Types the given ``text`` into the text field identified by ``locator``.</doc>
<msg timestamp="20231025 12:27:28.839" level="INFO">Typing text 'Emy@AE10' into text field 'id:password'.</msg>
<status status="PASS" starttime="20231025 12:27:28.838" endtime="20231025 12:27:29.042"/>
</kw>
<status status="PASS" starttime="20231025 12:27:28.838" endtime="20231025 12:27:29.042"/>
</kw>
<kw name="ChooseDay" library="RegistrationPage">
<arg>${Day}</arg>
<kw name="Select From List By Value" library="SeleniumLibrary">
<arg>${DAY_PICKER}</arg>
<arg>${day}</arg>
<doc>Selects options from selection list ``locator`` by ``values``.</doc>
<msg timestamp="20231025 12:27:29.043" level="INFO">Selecting options from selection list 'id:days' by value 2.</msg>
<status status="PASS" starttime="20231025 12:27:29.043" endtime="20231025 12:27:29.120"/>
</kw>
<status status="PASS" starttime="20231025 12:27:29.042" endtime="20231025 12:27:29.120"/>
</kw>
<kw name="ChooseMonth" library="RegistrationPage">
<arg>${month}</arg>
<kw name="Select From List By Index" library="SeleniumLibrary">
<arg>${MONTH_PICKER}</arg>
<arg>${month}</arg>
<doc>Selects options from selection list ``locator`` by ``indexes``.</doc>
<msg timestamp="20231025 12:27:29.120" level="INFO">Selecting options from selection list 'xpath://select[@name='months']' by index 1.</msg>
<status status="PASS" starttime="20231025 12:27:29.120" endtime="20231025 12:27:29.248"/>
</kw>
<status status="PASS" starttime="20231025 12:27:29.120" endtime="20231025 12:27:29.248"/>
</kw>
<kw name="ChooseYear" library="RegistrationPage">
<arg>${year}</arg>
<kw name="Select From List By Label" library="SeleniumLibrary">
<arg>${YEAR_PICKER}</arg>
<arg>${year}</arg>
<doc>Selects options from selection list ``locator`` by ``labels``.</doc>
<msg timestamp="20231025 12:27:29.249" level="INFO">Selecting options from selection list 'id:years' by label 2015.</msg>
<status status="PASS" starttime="20231025 12:27:29.248" endtime="20231025 12:27:29.321"/>
</kw>
<status status="PASS" starttime="20231025 12:27:29.248" endtime="20231025 12:27:29.321"/>
</kw>
<kw name="FirstNameInAddressInfo" library="RegistrationPage">
<arg>${firstName_Address}</arg>
<kw name="Input Text" library="SeleniumLibrary">
<arg>${FIRST_NAME_TEXTFIELD}</arg>
<arg>${firstname_Addressinfo}</arg>
<doc>Types the given ``text`` into the text field identified by ``locator``.</doc>
<msg timestamp="20231025 12:27:29.321" level="INFO">Typing text 'Eminem' into text field 'name:first_name'.</msg>
<status status="PASS" starttime="20231025 12:27:29.321" endtime="20231025 12:27:29.438"/>
</kw>
<status status="PASS" starttime="20231025 12:27:29.321" endtime="20231025 12:27:29.438"/>
</kw>
<kw name="LastNameInAddressInfo" library="RegistrationPage">
<arg>${lastname_Address}</arg>
<kw name="Input Text" library="SeleniumLibrary">
<arg>${LAST_NAME_TEXTFIELD}</arg>
<arg>${lastname_Addressinfo}</arg>
<doc>Types the given ``text`` into the text field identified by ``locator``.</doc>
<msg timestamp="20231025 12:27:29.439" level="INFO">Typing text 'rap' into text field 'name:last_name'.</msg>
<status status="PASS" starttime="20231025 12:27:29.439" endtime="20231025 12:27:29.521"/>
</kw>
<status status="PASS" starttime="20231025 12:27:29.438" endtime="20231025 12:27:29.521"/>
</kw>
<kw name="EnterCompanyName" library="RegistrationPage">
<arg>${comp_name}</arg>
<kw name="Input Text" library="SeleniumLibrary">
<arg>${COMPANY_TEXTFIELD}</arg>
<arg>${companyname}</arg>
<doc>Types the given ``text`` into the text field identified by ``locator``.</doc>
<msg timestamp="20231025 12:27:29.523" level="INFO">Typing text 'TheEm' into text field 'name:company'.</msg>
<status status="PASS" starttime="20231025 12:27:29.521" endtime="20231025 12:27:29.757"/>
</kw>
<status status="PASS" starttime="20231025 12:27:29.521" endtime="20231025 12:27:29.757"/>
</kw>
<kw name="EnterAddress" library="RegistrationPage">
<arg>${address}</arg>
<kw name="Input Text" library="SeleniumLibrary">
<arg>${ADDRESS_TEXTFIELD}</arg>
<arg>${address}</arg>
<doc>Types the given ``text`` into the text field identified by ``locator``.</doc>
<msg timestamp="20231025 12:27:29.758" level="INFO">Typing text 'louisStreet' into text field 'id:address1'.</msg>
<status status="PASS" starttime="20231025 12:27:29.758" endtime="20231025 12:27:29.977"/>
</kw>
<status status="PASS" starttime="20231025 12:27:29.757" endtime="20231025 12:27:29.977"/>
</kw>
<kw name="ChooseCountry" library="RegistrationPage">
<arg>${contry}</arg>
<kw name="Select From List By Value" library="SeleniumLibrary">
<arg>${COUNTRY_DROPDOWN}</arg>
<arg>${Pickcountry}</arg>
<doc>Selects options from selection list ``locator`` by ``values``.</doc>
<msg timestamp="20231025 12:27:29.977" level="INFO">Selecting options from selection list 'xpath://select[@name='country']' by value Canada.</msg>
<status status="PASS" starttime="20231025 12:27:29.977" endtime="20231025 12:27:30.073"/>
</kw>
<status status="PASS" starttime="20231025 12:27:29.977" endtime="20231025 12:27:30.073"/>
</kw>
<kw name="EnterState" library="RegistrationPage">
<arg>${state}</arg>
<kw name="Input Text" library="SeleniumLibrary">
<arg>${STATE_TEXTFIELD}</arg>
<arg>${state}</arg>
<doc>Types the given ``text`` into the text field identified by ``locator``.</doc>
<msg timestamp="20231025 12:27:30.075" level="INFO">Typing text 'vegas' into text field 'id:state'.</msg>
<status status="PASS" starttime="20231025 12:27:30.074" endtime="20231025 12:27:30.256"/>
</kw>
<status status="PASS" starttime="20231025 12:27:30.074" endtime="20231025 12:27:30.256"/>
</kw>
<kw name="EnterCity" library="RegistrationPage">
<arg>${city}</arg>
<kw name="Input Text" library="SeleniumLibrary">
<arg>${CITY_TEXTFIELD}</arg>
<arg>${city}</arg>
<doc>Types the given ``text`` into the text field identified by ``locator``.</doc>
<msg timestamp="20231025 12:27:30.257" level="INFO">Typing text 'downtown' into text field 'id:city'.</msg>
<status status="PASS" starttime="20231025 12:27:30.257" endtime="20231025 12:27:30.491"/>
</kw>
<status status="PASS" starttime="20231025 12:27:30.256" endtime="20231025 12:27:30.492"/>
</kw>
<kw name="EnterZipcode" library="RegistrationPage">
<arg>${zip}</arg>
<kw name="Input Text" library="SeleniumLibrary">
<arg>${ZIPCODE_TEXTFIELD}</arg>
<arg>${Zipcode}</arg>
<doc>Types the given ``text`` into the text field identified by ``locator``.</doc>
<msg timestamp="20231025 12:27:30.493" level="INFO">Typing text '3001001' into text field 'id:zipcode'.</msg>
<status status="PASS" starttime="20231025 12:27:30.492" endtime="20231025 12:27:30.721"/>
</kw>
<status status="PASS" starttime="20231025 12:27:30.492" endtime="20231025 12:27:30.721"/>
</kw>
<kw name="EnterMobileNumber" library="RegistrationPage">
<arg>${mobnumber}</arg>
<kw name="Input Text" library="SeleniumLibrary">
<arg>${MOBILENUMBER_TEXTFIELD}</arg>
<arg>${MobileNumber}</arg>
<doc>Types the given ``text`` into the text field identified by ``locator``.</doc>
<msg timestamp="20231025 12:27:30.723" level="INFO">Typing text '0123456789' into text field 'id:mobile_number'.</msg>
<status status="PASS" starttime="20231025 12:27:30.721" endtime="20231025 12:27:30.860"/>
</kw>
<status status="PASS" starttime="20231025 12:27:30.721" endtime="20231025 12:27:30.860"/>
</kw>
<kw name="ClickCreateAccountButton" library="RegistrationPage">
<kw name="Click Element" library="SeleniumLibrary">
<arg>${CREATEACCOUNT_BUTTON}</arg>
<doc>Click the element identified by ``locator``.</doc>
<msg timestamp="20231025 12:27:30.861" level="INFO">Clicking element 'xpath://button[text()='Create Account']'.</msg>
<status status="PASS" starttime="20231025 12:27:30.860" endtime="20231025 12:27:32.406"/>
</kw>
<status status="PASS" starttime="20231025 12:27:30.860" endtime="20231025 12:27:32.406"/>
</kw>
<kw name="VerifyAndVadlidateAccountCreatedText" library="AccountPage">
<arg>${validateAccntCreatedTxt}</arg>
<kw name="Wait Until Element Is Visible" library="SeleniumLibrary">
<arg>${ACCOUNT_CREATED_TEXT}</arg>
<doc>Waits until the element ``locator`` is visible.</doc>
<status status="PASS" starttime="20231025 12:27:32.408" endtime="20231025 12:27:32.483"/>
</kw>
<kw name="Get Text" library="SeleniumLibrary">
<var>${ACTUAL_ACCNT_CREATED_TEXT}</var>
<arg>${ACCOUNT_CREATED_TEXT}</arg>
<doc>Returns the text value of the element identified by ``locator``.</doc>
<msg timestamp="20231025 12:27:32.592" level="INFO">${ACTUAL_ACCNT_CREATED_TEXT} = ACCOUNT CREATED!</msg>
<status status="PASS" starttime="20231025 12:27:32.483" endtime="20231025 12:27:32.592"/>
</kw>
<kw name="Should Be Equal As Strings" library="BuiltIn">
<arg>${accntcreatedtext}</arg>
<arg>${ACTUAL_ACCNT_CREATED_TEXT}</arg>
<doc>Fails if objects are unequal after converting them to strings.</doc>
<status status="PASS" starttime="20231025 12:27:32.592" endtime="20231025 12:27:32.592"/>
</kw>
<status status="PASS" starttime="20231025 12:27:32.408" endtime="20231025 12:27:32.592"/>
</kw>
<kw name="ClickContinueBtn" library="AccountPage">
<kw name="Wait Until Element Is Visible" library="SeleniumLibrary">
<arg>${CONTINUE_BUTTON}</arg>
<doc>Waits until the element ``locator`` is visible.</doc>
<status status="PASS" starttime="20231025 12:27:32.592" endtime="20231025 12:27:32.609"/>
</kw>
<kw name="Click Element" library="SeleniumLibrary">
<arg>${CONTINUE_BUTTON}</arg>
<doc>Click the element identified by ``locator``.</doc>
<msg timestamp="20231025 12:27:32.610" level="INFO">Clicking element '//a[@data-qa='continue-button']'.</msg>
<status status="PASS" starttime="20231025 12:27:32.609" endtime="20231025 12:27:32.709"/>
</kw>
<status status="PASS" starttime="20231025 12:27:32.592" endtime="20231025 12:27:32.710"/>
</kw>
<kw name="VerifyLoggedInasUsername" library="HomePage">
<arg>${Logged_User_Text}</arg>
<kw name="Wait Until Element Is Visible" library="SeleniumLibrary">
<arg>${LOGGEDIN_AS_USERNAME}</arg>
<doc>Waits until the element ``locator`` is visible.</doc>
<status status="PASS" starttime="20231025 12:27:32.710" endtime="20231025 12:27:32.777"/>
</kw>
<kw name="Get Text" library="SeleniumLibrary">
<var>${ActuL_Text}</var>
<arg>${LOGGEDIN_AS_USERNAME}</arg>
<doc>Returns the text value of the element identified by ``locator``.</doc>
<msg timestamp="20231025 12:27:32.795" level="INFO">${ActuL_Text} = Contact us</msg>
<status status="PASS" starttime="20231025 12:27:32.777" endtime="20231025 12:27:32.795"/>
</kw>
<kw name="Should Be Equal As Strings" library="BuiltIn">
<arg>${ActuL_Text}</arg>
<arg>${Expected_Text}</arg>
<doc>Fails if objects are unequal after converting them to strings.</doc>
<msg timestamp="20231025 12:27:32.796" level="FAIL">Contact us != Logged in as Emy</msg>
<status status="FAIL" starttime="20231025 12:27:32.795" endtime="20231025 12:27:32.796"/>
</kw>
<kw name="Log To Console" library="BuiltIn">
<arg>log username is verified</arg>
<doc>Logs the given message to the console.</doc>
<status status="NOT RUN" starttime="20231025 12:27:32.796" endtime="20231025 12:27:32.796"/>
</kw>
<status status="FAIL" starttime="20231025 12:27:32.710" endtime="20231025 12:27:32.796"/>
</kw>
<status status="FAIL" starttime="20231025 12:27:25.874" endtime="20231025 12:27:32.796"/>
</kw>
<status status="FAIL" starttime="20231025 12:27:12.738" endtime="20231025 12:27:32.796">Contact us != Logged in as Emy</status>
</test>
<status status="FAIL" starttime="20231025 12:27:12.672" endtime="20231025 12:27:32.799"/>
</suite>
<suite id="s1-s4" name="TC3 ValidateCartItems" source="C:\Users\RA20312005\PycharmProjects\pythonProject\TestCases\TC3_ValidateCartItems.robot">
<kw name="InvokeBrowser" library="common" type="SETUP">
<kw name="Open Browser" library="SeleniumLibrary">
<arg>${URL}</arg>
<arg>${BROWSER}</arg>
<arg>options=add_argument("--load-extension=${EXTENSION_PATH}")</arg>
<doc>Opens a new browser instance to the optional ``url``.</doc>
<msg timestamp="20231025 12:27:32.880" level="INFO">Opening browser 'edge' to base url 'https://www.automationexercise.com/'.</msg>
<status status="PASS" starttime="20231025 12:27:32.880" endtime="20231025 12:27:45.327"/>
</kw>
<kw name="Maximize Browser Window" library="SeleniumLibrary">
<doc>Maximizes current browser window.</doc>
<status status="PASS" starttime="20231025 12:27:45.328" endtime="20231025 12:27:45.452"/>
</kw>
<status status="PASS" starttime="20231025 12:27:32.880" endtime="20231025 12:27:45.452"/>
</kw>
<test id="s1-s4-t1" name="ValidateAddressDetails" line="15">
<kw name="ValidateAddressDetailsInAddressPage">
<arg>Automation Exercise</arg>
<arg>RECOMMENDED ITEMS</arg>
<arg>Shopping Cart</arg>
<kw name="VerifyHomePageisVisible" library="HomePage">
<arg>${expected_homepagetitle}</arg>
<kw name="Get Title" library="SeleniumLibrary">
<var>${Actual_Homepage_Title}</var>
<doc>Returns the title of the current page.</doc>
<msg timestamp="20231025 12:27:45.459" level="INFO">${Actual_Homepage_Title} = Automation Exercise</msg>
<status status="PASS" starttime="20231025 12:27:45.454" endtime="20231025 12:27:45.459"/>
</kw>
<kw name="Should Be Equal As Strings" library="BuiltIn">
<arg>${Actual_Homepage_Title}</arg>
<arg>${Excepected_Title}</arg>
<doc>Fails if objects are unequal after converting them to strings.</doc>
<status status="PASS" starttime="20231025 12:27:45.459" endtime="20231025 12:27:45.460"/>
</kw>
<kw name="Log To Console" library="BuiltIn">
<arg>home page is visible</arg>
<doc>Logs the given message to the console.</doc>
<status status="PASS" starttime="20231025 12:27:45.461" endtime="20231025 12:27:45.462"/>
</kw>
<status status="PASS" starttime="20231025 12:27:45.453" endtime="20231025 12:27:45.462"/>
</kw>
<kw name="ScrollDownToPage" library="HomePage">
<kw name="Execute Javascript" library="SeleniumLibrary">
<arg>window.scrollTo(0, document.body.scrollHeight)</arg>
<doc>Executes the given JavaScript code with possible arguments.</doc>
<msg timestamp="20231025 12:27:45.463" level="INFO">Executing JavaScript:
window.scrollTo(0, document.body.scrollHeight)
Without any arguments.</msg>
<status status="PASS" starttime="20231025 12:27:45.462" endtime="20231025 12:27:45.474"/>
</kw>
<kw name="Log To Console" library="BuiltIn">
<arg>scroll down executed</arg>
<doc>Logs the given message to the console.</doc>
<status status="PASS" starttime="20231025 12:27:45.475" endtime="20231025 12:27:45.475"/>
</kw>
<status status="PASS" starttime="20231025 12:27:45.462" endtime="20231025 12:27:45.475"/>
</kw>
<kw name="VerifyRecommendedItemsIsVisible" library="HomePage">
<arg>${Exp_recommended_txt}</arg>
<kw name="Scroll Element Into View" library="SeleniumLibrary">
<arg>${RECOMMENDED_ITEMS_WEBELEMENT}</arg>
<doc>Scrolls the element identified by ``locator`` into view.</doc>
<status status="PASS" starttime="20231025 12:27:45.475" endtime="20231025 12:27:46.074"/>
</kw>
<kw name="Get Text" library="SeleniumLibrary">
<var>${Actual_Recommended_Text}</var>
<arg>${RECOMMENDED_ITEMS_WEBELEMENT}</arg>
<doc>Returns the text value of the element identified by ``locator``.</doc>
<msg timestamp="20231025 12:27:46.108" level="INFO">${Actual_Recommended_Text} = RECOMMENDED ITEMS</msg>
<status status="PASS" starttime="20231025 12:27:46.074" endtime="20231025 12:27:46.108"/>
</kw>
<kw name="Log To Console" library="BuiltIn">
<arg>${Actual_Recommended_Text}</arg>
<doc>Logs the given message to the console.</doc>
<status status="PASS" starttime="20231025 12:27:46.108" endtime="20231025 12:27:46.109"/>
</kw>
<kw name="Should Be Equal As Strings" library="BuiltIn">
<arg>${Actual_Recommended_Text}</arg>
<arg>${Excepected_Recommended_text}</arg>
<doc>Fails if objects are unequal after converting them to strings.</doc>
<status status="PASS" starttime="20231025 12:27:46.109" endtime="20231025 12:27:46.109"/>
</kw>
<kw name="Log To Console" library="BuiltIn">
<arg>Recommended item is visible</arg>
<doc>Logs the given message to the console.</doc>
<status status="PASS" starttime="20231025 12:27:46.109" endtime="20231025 12:27:46.110"/>
</kw>
<status status="PASS" starttime="20231025 12:27:45.475" endtime="20231025 12:27:46.110"/>
</kw>
<kw name="VerifyNavigationButtonIsVisible" library="HomePage">
<kw name="Page Should Contain Element" library="SeleniumLibrary">
<arg>${LEFT_NAV_BTN_IN_REC_ITEM}</arg>
<doc>Verifies that element ``locator`` is found on the current page.</doc>
<msg timestamp="20231025 12:27:46.124" level="INFO">Current page contains element '//a[@class='left recommended-item-control']'.</msg>
<status status="PASS" starttime="20231025 12:27:46.110" endtime="20231025 12:27:46.124"/>
</kw>
<kw name="Page Should Contain Element" library="SeleniumLibrary">
<arg>${Right_NAV_BTN_IN_REC_ITEM}</arg>
<doc>Verifies that element ``locator`` is found on the current page.</doc>
<msg timestamp="20231025 12:27:46.140" level="INFO">Current page contains element '//a[@class='right recommended-item-control']'.</msg>
<status status="PASS" starttime="20231025 12:27:46.124" endtime="20231025 12:27:46.140"/>
</kw>
<kw name="Log To Console" library="BuiltIn">
<arg>navigation button is visible</arg>
<doc>Logs the given message to the console.</doc>
<status status="PASS" starttime="20231025 12:27:46.141" endtime="20231025 12:27:46.141"/>
</kw>
<status status="PASS" starttime="20231025 12:27:46.110" endtime="20231025 12:27:46.141"/>
</kw>
<kw name="AddWinterTopProductToTheCart" library="HomePage">
<kw name="Click Element" library="SeleniumLibrary">
<arg>${ADDWINTERPRODUCTTOCART}</arg>
<doc>Click the element identified by ``locator``.</doc>
<msg timestamp="20231025 12:27:46.142" level="INFO">Clicking element '//div[@id='recommended-item-carousel']//a[@data-product-id='5']'.</msg>
<status status="PASS" starttime="20231025 12:27:46.141" endtime="20231025 12:27:46.209"/>
</kw>
<kw name="Log To Console" library="BuiltIn">
<arg>winterproduct product added</arg>
<doc>Logs the given message to the console.</doc>
<status status="PASS" starttime="20231025 12:27:46.209" endtime="20231025 12:27:46.210"/>
</kw>
<status status="PASS" starttime="20231025 12:27:46.141" endtime="20231025 12:27:46.210"/>
</kw>
<kw name="ClickOnViewCartButton" library="HomePage">
<kw name="Wait Until Element Is Visible" library="SeleniumLibrary">
<arg>${VIEW_CARTBUTTON}</arg>
<doc>Waits until the element ``locator`` is visible.</doc>
<status status="PASS" starttime="20231025 12:27:46.210" endtime="20231025 12:27:46.695"/>
</kw>
<kw name="Click Element" library="SeleniumLibrary">
<arg>${VIEW_CARTBUTTON}</arg>
<doc>Click the element identified by ``locator``.</doc>
<msg timestamp="20231025 12:27:46.695" level="INFO">Clicking element '//div[@id='cartModal']//a[@href='/view_cart']'.</msg>
<status status="PASS" starttime="20231025 12:27:46.695" endtime="20231025 12:27:47.834"/>
</kw>
<kw name="Log To Console" library="BuiltIn">
<arg>view cart button is clicked</arg>
<doc>Logs the given message to the console.</doc>
<status status="PASS" starttime="20231025 12:27:47.835" endtime="20231025 12:27:47.835"/>
</kw>
<status status="PASS" starttime="20231025 12:27:46.210" endtime="20231025 12:27:47.835"/>
</kw>
<kw name="VerifyTheExistenceOfWinterProductInTheCart" library="HomePage">
<kw name="Page Should Contain Element" library="SeleniumLibrary">
<arg>${WINTERPRODUCTINCARTPAGE}</arg>
<doc>Verifies that element ``locator`` is found on the current page.</doc>
<msg timestamp="20231025 12:27:47.893" level="INFO">Current page contains element '//tr[@id='product-5']//h4'.</msg>
<status status="PASS" starttime="20231025 12:27:47.836" endtime="20231025 12:27:47.893"/>
</kw>
<kw name="Log To Console" library="BuiltIn">
<arg>winter product is exit in the cart</arg>
<doc>Logs the given message to the console.</doc>
<status status="PASS" starttime="20231025 12:27:47.893" endtime="20231025 12:27:47.893"/>
</kw>
<status status="PASS" starttime="20231025 12:27:47.836" endtime="20231025 12:27:47.893"/>
</kw>
<kw name="ClickProductMenu" library="Cartpage">
<kw name="Click Element" library="SeleniumLibrary">
<arg>${PRODUCT_LINKTEXT}</arg>
<doc>Click the element identified by ``locator``.</doc>
<msg timestamp="20231025 12:27:47.894" level="INFO">Clicking element '//ul[@class='nav navbar-nav']//a[@href='/products']'.</msg>
<status status="PASS" starttime="20231025 12:27:47.894" endtime="20231025 12:27:48.090"/>
</kw><status status="PASS" starttime="20231025 12:16:51.380" endtime="20231025 12:16:51.382"/>
</kw>
<status status="PASS" starttime="20231025 12:16:49.845" endtime="20231025 12:16:51.383"/>
</kw>
<kw name="EnterSignUpName" library="loginPage">
<arg>${Get_signup_name}</arg>
<kw name="Input Text" library="SeleniumLibrary">
<arg>${SIGINUP_NAME_TEXTFIELD}</arg>
<arg>${signname}</arg>
<doc>Types the given ``text`` into the text field identified by ``locator``.</doc>
<msg timestamp="20231025 12:16:51.384" level="INFO">Typing text 'Jack' into text field '//input[@data-qa='signup-name']'.</msg>
<status status="PASS" starttime="20231025 12:16:51.383" endtime="20231025 12:16:51.543"/>
</kw>
<kw name="Log To Console" library="BuiltIn">
<arg>enter sign up name</arg>
<doc>Logs the given message to the console.</doc>
<status status="PASS" starttime="20231025 12:16:51.543" endtime="20231025 12:16:51.544"/>
</kw>
<status status="PASS" starttime="20231025 12:16:51.383" endtime="20231025 12:16:51.544"/>
</kw>
<kw name="EnterSignUpEmail" library="loginPage">
<arg>${Get_ssignup_email}</arg>
<kw name="Input Text" library="SeleniumLibrary">
<arg>${SIGNUP_EMAIL_TEXTFIELD}</arg>
<arg>${Signemail}</arg>
<doc>Types the given ``text`` into the text field identified by ``locator``.</doc>
<msg timestamp="20231025 12:16:51.545" level="INFO">Typing text 'Jack26@gmail.com' into text field '//input[@data-qa='signup-email']'.</msg>
<status status="PASS" starttime="20231025 12:16:51.545" endtime="20231025 12:16:51.676"/>
</kw>
<kw name="Log To Console" library="BuiltIn">
<arg>enter sign up email</arg>
<doc>Logs the given message to the console.</doc>
<status status="PASS" starttime="20231025 12:16:51.676" endtime="20231025 12:16:51.677"/>
</kw>
<status status="PASS" starttime="20231025 12:16:51.544" endtime="20231025 12:16:51.677"/>
</kw>
<kw name="SignUpButton" library="loginPage">
<kw name="Click Button" library="SeleniumLibrary">
<arg>${SIGNUP_BUTTON}</arg>
<doc>Clicks the button identified by ``locator``.</doc>
<msg timestamp="20231025 12:16:51.678" level="INFO">Clicking button '//button[text()='Signup']'.</msg>
<status status="PASS" starttime="20231025 12:16:51.677" endtime="20231025 12:16:52.889"/>
</kw>
<kw name="Log To Console" library="BuiltIn">
<arg>click sign up button</arg>
<doc>Logs the given message to the console.</doc>
<status status="PASS" starttime="20231025 12:16:52.889" endtime="20231025 12:16:52.890"/>
</kw>
<status status="PASS" starttime="20231025 12:16:51.677" endtime="20231025 12:16:52.890"/>
</kw>
<kw name="SelectRadioButton" library="RegistrationPage">
<kw name="Wait Until Element Is Visible" library="SeleniumLibrary">
<arg>${TITLE_RADIO_BUTTON}</arg>
<doc>Waits until the element ``locator`` is visible.</doc>
<status status="PASS" starttime="20231025 12:16:52.890" endtime="20231025 12:16:53.128"/>
</kw>
<kw name="Click Element" library="SeleniumLibrary">
<arg>${TITLE_RADIO_BUTTON}</arg>
<doc>Click the element identified by ``locator``.</doc>
<msg timestamp="20231025 12:16:53.129" level="INFO">Clicking element '//div[@id='uniform-id_gender1']'.</msg>
<status status="PASS" starttime="20231025 12:16:53.128" endtime="20231025 12:16:53.219"/>
</kw>
<status status="PASS" starttime="20231025 12:16:52.890" endtime="20231025 12:16:53.220"/>
</kw>
<kw name="EnterRegPassowrd" library="RegistrationPage">
<arg>${Password}</arg>
<kw name="Input Text" library="SeleniumLibrary">
<arg>${PASSWORD_TEXTFIELD}</arg>
<arg>${set_password}</arg>
<doc>Types the given ``text`` into the text field identified by ``locator``.</doc>
<msg timestamp="20231025 12:16:53.221" level="INFO">Typing text 'Jack@AE10' into text field 'id:password'.</msg>
<status status="PASS" starttime="20231025 12:16:53.220" endtime="20231025 12:16:53.375"/>
</kw>
<status status="PASS" starttime="20231025 12:16:53.220" endtime="20231025 12:16:53.375"/>
</kw>
<kw name="ChooseDay" library="RegistrationPage">
<arg>${Day}</arg>
<kw name="Select From List By Value" library="SeleniumLibrary">
<arg>${DAY_PICKER}</arg>
<arg>${day}</arg>
<doc>Selects options from selection list ``locator`` by ``values``.</doc>
<msg timestamp="20231025 12:16:53.376" level="INFO">Selecting options from selection list 'id:days' by value 2.</msg>
<status status="PASS" starttime="20231025 12:16:53.376" endtime="20231025 12:16:53.516"/>
</kw>
<status status="PASS" starttime="20231025 12:16:53.375" endtime="20231025 12:16:53.516"/>
</kw>
<kw name="ChooseMonth" library="RegistrationPage">
<arg>${month}</arg>
<kw name="Select From List By Index" library="SeleniumLibrary">
<arg>${MONTH_PICKER}</arg>
<arg>${month}</arg>
<doc>Selects options from selection list ``locator`` by ``indexes``.</doc>
<msg timestamp="20231025 12:16:53.517" level="INFO">Selecting options from selection list 'xpath://select[@name='months']' by index 1.</msg>
<status status="PASS" starttime="20231025 12:16:53.517" endtime="20231025 12:16:53.677"/>
</kw>
<status status="PASS" starttime="20231025 12:16:53.516" endtime="20231025 12:16:53.677"/>
</kw>
<kw name="ChooseYear" library="RegistrationPage">
<arg>${year}</arg>
<kw name="Select From List By Label" library="SeleniumLibrary">
<arg>${YEAR_PICKER}</arg>
<arg>${year}</arg>
<doc>Selects options from selection list ``locator`` by ``labels``.</doc>
<msg timestamp="20231025 12:16:53.679" level="INFO">Selecting options from selection list 'id:years' by label 2015.</msg>
<status status="PASS" starttime="20231025 12:16:53.678" endtime="20231025 12:16:53.806"/>
</kw>
<status status="PASS" starttime="20231025 12:16:53.678" endtime="20231025 12:16:53.806"/>
</kw>
<kw name="FirstNameInAddressInfo" library="RegistrationPage">
<arg>${firstName_Address}</arg>
<kw name="Input Text" library="SeleniumLibrary">
<arg>${FIRST_NAME_TEXTFIELD}</arg>
<arg>${firstname_Addressinfo}</arg>
<doc>Types the given ``text`` into the text field identified by ``locator``.</doc>
<msg timestamp="20231025 12:16:53.807" level="INFO">Typing text 'Eminem' into text field 'name:first_name'.</msg>
<status status="PASS" starttime="20231025 12:16:53.807" endtime="20231025 12:16:54.197"/>
</kw>
<status status="PASS" starttime="20231025 12:16:53.806" endtime="20231025 12:16:54.199"/>
</kw>
<kw name="LastNameInAddressInfo" library="RegistrationPage">
<arg>${lastname_Address}</arg>
<kw name="Input Text" library="SeleniumLibrary">
<arg>${LAST_NAME_TEXTFIELD}</arg>
<arg>${lastname_Addressinfo}</arg>
<doc>Types the given ``text`` into the text field identified by ``locator``.</doc>
<msg timestamp="20231025 12:16:54.204" level="INFO">Typing text 'rap' into text field 'name:last_name'.</msg>
<status status="PASS" starttime="20231025 12:16:54.203" endtime="20231025 12:16:54.437"/>
</kw>
<status status="PASS" starttime="20231025 12:16:54.202" endtime="20231025 12:16:54.437"/>
</kw>
<kw name="EnterCompanyName" library="RegistrationPage">
<arg>${comp_name}</arg>
<kw name="Input Text" library="SeleniumLibrary">
<arg>${COMPANY_TEXTFIELD}</arg>
<arg>${companyname}</arg>
<doc>Types the given ``text`` into the text field identified by ``locator``.</doc>
<msg timestamp="20231025 12:16:54.439" level="INFO">Typing text 'TheEm' into text field 'name:company'.</msg>
<status status="PASS" starttime="20231025 12:16:54.438" endtime="20231025 12:16:54.572"/>
</kw>
<status status="PASS" starttime="20231025 12:16:54.438" endtime="20231025 12:16:54.572"/>
</kw>
<kw name="EnterAddress" library="RegistrationPage">
<arg>${address}</arg>
<kw name="Input Text" library="SeleniumLibrary">
<arg>${ADDRESS_TEXTFIELD}</arg>
<arg>${address}</arg>
<doc>Types the given ``text`` into the text field identified by ``locator``.</doc>
<msg timestamp="20231025 12:16:54.573" level="INFO">Typing text 'louisStreet' into text field 'id:address1'.</msg>
<status status="PASS" starttime="20231025 12:16:54.573" endtime="20231025 12:16:54.737"/>
</kw>
<status status="PASS" starttime="20231025 12:16:54.572" endtime="20231025 12:16:54.738"/>
</kw>
<kw name="ChooseCountry" library="RegistrationPage">
<arg>${contry}</arg>
<kw name="Select From List By Value" library="SeleniumLibrary">
<arg>${COUNTRY_DROPDOWN}</arg>
<arg>${Pickcountry}</arg>
<doc>Selects options from selection list ``locator`` by ``values``.</doc>
<msg timestamp="20231025 12:16:54.739" level="INFO">Selecting options from selection list 'xpath://select[@name='country']' by value India.</msg>
<status status="PASS" starttime="20231025 12:16:54.738" endtime="20231025 12:16:54.951"/>
</kw>
<status status="PASS" starttime="20231025 12:16:54.738" endtime="20231025 12:16:54.952"/>
</kw>
<kw name="EnterState" library="RegistrationPage">
<arg>${state}</arg>
<kw name="Input Text" library="SeleniumLibrary">
<arg>${STATE_TEXTFIELD}</arg>
<arg>${state}</arg>
<doc>Types the given ``text`` into the text field identified by ``locator``.</doc>
<msg timestamp="20231025 12:16:54.954" level="INFO">Typing text 'Canada' into text field 'id:state'.</msg>
<status status="PASS" starttime="20231025 12:16:54.953" endtime="20231025 12:16:55.096"/>
</kw>
<status status="PASS" starttime="20231025 12:16:54.952" endtime="20231025 12:16:55.096"/>
</kw>
<kw name="EnterCity" library="RegistrationPage">
<arg>${city}</arg>
<kw name="Input Text" library="SeleniumLibrary">
<arg>${CITY_TEXTFIELD}</arg>
<arg>${city}</arg>
<doc>Types the given ``text`` into the text field identified by ``locator``.</doc>
<msg timestamp="20231025 12:16:55.097" level="INFO">Typing text 'vegas' into text field 'id:city'.</msg>
<status status="PASS" starttime="20231025 12:16:55.096" endtime="20231025 12:16:55.252"/>
</kw>
<status status="PASS" starttime="20231025 12:16:55.096" endtime="20231025 12:16:55.252"/>
</kw>
<kw name="EnterZipcode" library="RegistrationPage">
<arg>${zip}</arg>
<kw name="Input Text" library="SeleniumLibrary">
<arg>${ZIPCODE_TEXTFIELD}</arg>
<arg>${Zipcode}</arg>
<doc>Types the given ``text`` into the text field identified by ``locator``.</doc>
<msg timestamp="20231025 12:16:55.254" level="INFO">Typing text '3001001' into text field 'id:zipcode'.</msg>
<status status="PASS" starttime="20231025 12:16:55.253" endtime="20231025 12:16:55.395"/>
</kw>
<status status="PASS" starttime="20231025 12:16:55.252" endtime="20231025 12:16:55.395"/>
</kw>
<kw name="EnterMobileNumber" library="RegistrationPage">
<arg>${mobnumber}</arg>
<kw name="Input Text" library="SeleniumLibrary">
<arg>${MOBILENUMBER_TEXTFIELD}</arg>
<arg>${MobileNumber}</arg>
<doc>Types the given ``text`` into the text field identified by ``locator``.</doc>
<msg timestamp="20231025 12:16:55.395" level="INFO">Typing text '0123456789' into text field 'id:mobile_number'.</msg>
<status status="PASS" starttime="20231025 12:16:55.395" endtime="20231025 12:16:55.526"/>
</kw>
<status status="PASS" starttime="20231025 12:16:55.395" endtime="20231025 12:16:55.526"/>
</kw>
<kw name="ClickCreateAccountButton" library="RegistrationPage">
<kw name="Click Element" library="SeleniumLibrary">
<arg>${CREATEACCOUNT_BUTTON}</arg>
<doc>Click the element identified by ``locator``.</doc>
<msg timestamp="20231025 12:16:55.526" level="INFO">Clicking element 'xpath://button[text()='Create Account']'.</msg>
<status status="PASS" starttime="20231025 12:16:55.526" endtime="20231025 12:16:57.062"/>
</kw>
<status status="PASS" starttime="20231025 12:16:55.526" endtime="20231025 12:16:57.062"/>
</kw>
<kw name="VerifyAndVadlidateAccountCreatedText" library="AccountPage">
<arg>${validateAccntCreatedTxt}</arg>
<kw name="Wait Until Element Is Visible" library="SeleniumLibrary">
<arg>${ACCOUNT_CREATED_TEXT}</arg>
<doc>Waits until the element ``locator`` is visible.</doc>
<status status="PASS" starttime="20231025 12:16:57.063" endtime="20231025 12:16:57.180"/>
</kw>
<kw name="Get Text" library="SeleniumLibrary">
<var>${ACTUAL_ACCNT_CREATED_TEXT}</var>
<arg>${ACCOUNT_CREATED_TEXT}</arg>
<doc>Returns the text value of the element identified by ``locator``.</doc>
<msg timestamp="20231025 12:16:57.205" level="INFO">${ACTUAL_ACCNT_CREATED_TEXT} = ACCOUNT CREATED!</msg>
<status status="PASS" starttime="20231025 12:16:57.181" endtime="20231025 12:16:57.205"/>
</kw>
<kw name="Should Be Equal As Strings" library="BuiltIn">
<arg>${accntcreatedtext}</arg>
<arg>${ACTUAL_ACCNT_CREATED_TEXT}</arg>
<doc>Fails if objects are unequal after converting them to strings.</doc>
<status status="PASS" starttime="20231025 12:16:57.205" endtime="20231025 12:16:57.205"/>
</kw>
<status status="PASS" starttime="20231025 12:16:57.062" endtime="20231025 12:16:57.205"/>
</kw>
<kw name="ClickContinueBtn" library="AccountPage">
<kw name="Wait Until Element Is Visible" library="SeleniumLibrary">
<arg>${CONTINUE_BUTTON}</arg>
<doc>Waits until the element ``locator`` is visible.</doc>
<status status="PASS" starttime="20231025 12:16:57.205" endtime="20231025 12:16:57.223"/>
</kw>
<kw name="Click Element" library="SeleniumLibrary">
<arg>${CONTINUE_BUTTON}</arg>
<doc>Click the element identified by ``locator``.</doc>
<msg timestamp="20231025 12:16:57.224" level="INFO">Clicking element '//a[@data-qa='continue-button']'.</msg>
<status status="PASS" starttime="20231025 12:16:57.223" endtime="20231025 12:36:50.304"/>
</kw>
<status status="PASS" starttime="20231025 12:16:57.205" endtime="20231025 12:36:50.304"/>
</kw>
<kw name="VerifyLoggedInasUsername" library="HomePage">
<arg>${Logged_User_Text}</arg>
<kw name="Wait Until Element Is Visible" library="SeleniumLibrary">
<arg>${LOGGEDIN_AS_USERNAME}</arg>
<doc>Waits until the element ``locator`` is visible.</doc>
<status status="PASS" starttime="20231025 12:36:50.306" endtime="20231025 12:36:50.351"/>
</kw>
<kw name="Get Text" library="SeleniumLibrary">
<var>${ActuL_Text}</var>
<arg>${LOGGEDIN_AS_USERNAME}</arg>
<doc>Returns the text value of the element identified by ``locator``.</doc>
<msg timestamp="20231025 12:36:50.390" level="INFO">${ActuL_Text} = Logged in as Jack</msg>
<status status="PASS" starttime="20231025 12:36:50.351" endtime="20231025 12:36:50.390"/>
</kw>
<kw name="Should Be Equal As Strings" library="BuiltIn">
<arg>${ActuL_Text}</arg>
<arg>${Expected_Text}</arg>
<doc>Fails if objects are unequal after converting them to strings.</doc>
<status status="PASS" starttime="20231025 12:36:50.390" endtime="20231025 12:36:50.391"/>
</kw>
<kw name="Log To Console" library="BuiltIn">
<arg>log username is verified</arg>
<doc>Logs the given message to the console.</doc>
<status status="PASS" starttime="20231025 12:36:50.391" endtime="20231025 12:36:50.392"/>
</kw>
<status status="PASS" starttime="20231025 12:36:50.304" endtime="20231025 12:36:50.392"/>
</kw>
<kw name="AddProduct" library="HomePage">
<kw name="Click Element" library="SeleniumLibrary">
<arg>${PRODUCT_TWENTYEIGHT}</arg>
<doc>Click the element identified by ``locator``.</doc>
<msg timestamp="20231025 12:36:50.392" level="INFO">Clicking element '//div[@class='productinfo text-center']//a[@data-product-id='28']'.</msg>
<status status="PASS" starttime="20231025 12:36:50.392" endtime="20231025 12:36:50.593"/>
</kw>
<status status="PASS" starttime="20231025 12:36:50.392" endtime="20231025 12:36:50.594"/>
</kw>
<kw name="ValidateCartPage" library="Cartpage">
<arg>${Exp_Cartpage_txt}</arg>
<kw name="Get Text" library="SeleniumLibrary">
<var>${Actual_shopping_Cart_Text}</var>
<arg>//a[@href='/view_cart']/u</arg>
<doc>Returns the text value of the element identified by ``locator``.</doc>
<msg timestamp="20231025 12:36:50.642" level="INFO">${Actual_shopping_Cart_Text} = </msg>
<status status="PASS" starttime="20231025 12:36:50.595" endtime="20231025 12:36:50.642"/>
</kw>
<kw name="Should Be Equal As Strings" library="BuiltIn">
<arg>${Actual_shopping_Cart_Text}</arg>
<arg>${Expected_CartPage_text}</arg>
<doc>Fails if objects are unequal after converting them to strings.</doc>
<msg timestamp="20231025 12:36:50.644" level="FAIL"> != Shopping Cart</msg>
<status status="FAIL" starttime="20231025 12:36:50.643" endtime="20231025 12:36:50.644"/>
</kw>
<status status="FAIL" starttime="20231025 12:36:50.594" endtime="20231025 12:36:50.645"/>
</kw>
<kw name="ClicProceedToCheckout" library="Cartpage">
<status status="NOT RUN" starttime="20231025 12:36:50.645" endtime="20231025 12:36:50.645"/>
</kw>
<kw name="VerifyAddress" library="CheckoutPage">
<status status="NOT RUN" starttime="20231025 12:36:50.646" endtime="20231025 12:36:50.646"/>
</kw>
<kw name="DeleteAccount" library="CheckoutPage">
<status status="NOT RUN" starttime="20231025 12:36:50.646" endtime="20231025 12:36:50.646"/>
</kw>
<status status="FAIL" starttime="20231025 12:16:49.839" endtime="20231025 12:36:50.646"/>
</kw>
<status status="FAIL" starttime="20231025 12:16:49.838" endtime="20231025 12:36:50.649"> != Shopping Cart</status>
</test>
<kw name="Close Browser" library="SeleniumLibrary" type="TEARDOWN">
<doc>Closes the current browser.</doc>
<status status="PASS" starttime="20231025 12:36:50.650" endtime="20231025 12:36:50.834"/>
</kw>
<status status="FAIL" starttime="20231025 12:15:55.796" endtime="20231025 12:36:50.834"/>
</suite>
<status status="FAIL" starttime="20231025 12:13:56.455" endtime="20231025 12:36:50.836"/>
</suite>
<statistics>
<total>
<stat pass="4" fail="3" skip="0">All Tests</stat>
</total>
<tag>
<stat pass="0" fail="1" skip="0">test:retry(3)</stat>
</tag>
<suite>
<stat pass="4" fail="3" skip="0" id="s1" name="TestCases">TestCases</stat>
<stat pass="1" fail="0" skip="0" id="s1-s1" name="TC0 ValidateScrollUpAndDown">TestCases.TC0 ValidateScrollUpAndDown</stat>
<stat pass="3" fail="0" skip="0" id="s1-s2" name="TC1 LoginTestWithInvalidData">TestCases.TC1 LoginTestWithInvalidData</stat>
<stat pass="0" fail="1" skip="0" id="s1-s3" name="TC2 Registration">TestCases.TC2 Registration</stat>
<stat pass="0" fail="1" skip="0" id="s1-s4" name="TC3 ValidateCartItems">TestCases.TC3 ValidateCartItems</stat>
<stat pass="0" fail="1" skip="0" id="s1-s5" name="TC4 ValidateAddressDetailsInCheckoutPage">TestCases.TC4 ValidateAddressDetailsInCheckoutPage</stat>
</suite>
</statistics>
<errors>
<msg timestamp="20231025 12:14:27.888" level="WARN">Multiple tests with name 'Login With invalid credentials should fail' executed in suite 'TestCases.TC1 LoginTestWithInvalidData'.</msg>
<msg timestamp="20231025 12:14:30.259" level="WARN">Multiple tests with name 'Login With invalid credentials should fail' executed in suite 'TestCases.TC1 LoginTestWithInvalidData'.</msg>
</errors>
</robot>
ry="RegistrationPage">
<kw name="Click Element" library="SeleniumLibrary">
<arg>${CREATEACCOUNT_BUTTON}</arg>
<doc>Click the element identified by ``locator``.</doc>
<msg timestamp="20231025 12:28:11.537" level="INFO">Clicking element 'xpath://button[text()='Create Account']'.</msg>
<status status="PASS" starttime="20231025 12:28:11.537" endtime="20231025 12:28:12.985"/>
</kw>
<status status="PASS" starttime="20231025 12:28:11.537" endtime="20231025 12:28:12.985"/>
</kw>
<kw name="VerifyAndVadlidateAccountCreatedText" library="AccountPage">
<arg>${validateAccntCreatedTxt}</arg>
<kw name="Wait Until Element Is Visible" library="SeleniumLibrary">
<arg>${ACCOUNT_CREATED_TEXT}</arg>
<doc>Waits until the element ``locator`` is visible.</doc>
<status status="PASS" starttime="20231025 12:28:12.985" endtime="20231025 12:28:13.107"/>
</kw>
<kw name="Get Text" library="SeleniumLibrary">
<var>${ACTUAL_ACCNT_CREATED_TEXT}</var>
<arg>${ACCOUNT_CREATED_TEXT}</arg>
<doc>Returns the text value of the element identified by ``locator``.</doc>
<msg timestamp="20231025 12:28:13.139" level="INFO">${ACTUAL_ACCNT_CREATED_TEXT} = ACCOUNT CREATED!</msg>
<status status="PASS" starttime="20231025 12:28:13.108" endtime="20231025 12:28:13.139"/>
</kw>
<kw name="Should Be Equal As Strings" library="BuiltIn">
<arg>${accntcreatedtext}</arg>
<arg>${ACTUAL_ACCNT_CREATED_TEXT}</arg>
<doc>Fails if objects are unequal after converting them to strings.</doc>
<status status="PASS" starttime="20231025 12:28:13.139" endtime="20231025 12:28:13.139"/>
</kw>
<status status="PASS" starttime="20231025 12:28:12.985" endtime="20231025 12:28:13.139"/>
</kw>
<kw name="ClickContinueBtn" library="AccountPage">
<kw name="Wait Until Element Is Visible" library="SeleniumLibrary">
<arg>${CONTINUE_BUTTON}</arg>
<doc>Waits until the element ``locator`` is visible.</doc>
<status status="PASS" starttime="20231025 12:28:13.140" endtime="20231025 12:28:13.198"/>
</kw>
<kw name="Click Element" library="SeleniumLibrary">
<arg>${CONTINUE_BUTTON}</arg>
<doc>Click the element identified by ``locator``.</doc>
<msg timestamp="20231025 12:28:13.198" level="INFO">Clicking element '//a[@data-qa='continue-button']'.</msg>
<status status="PASS" starttime="20231025 12:28:13.198" endtime="20231025 12:28:13.264"/>
</kw>
<status status="PASS" starttime="20231025 12:28:13.140" endtime="20231025 12:28:13.264"/>
</kw>
<kw name="VerifyLoggedInasUsername" library="HomePage">
<arg>${Logged_User_Text}</arg>
<kw name="Wait Until Element Is Visible" library="SeleniumLibrary">
<arg>${LOGGEDIN_AS_USERNAME}</arg>
<doc>Waits until the element ``locator`` is visible.</doc>
<status status="PASS" starttime="20231025 12:28:13.265" endtime="20231025 12:28:13.404"/>
</kw>
<kw name="Get Text" library="SeleniumLibrary">
<var>${ActuL_Text}</var>
<arg>${LOGGEDIN_AS_USERNAME}</arg>
<doc>Returns the text value of the element identified by ``locator``.</doc>
<msg timestamp="20231025 12:28:13.422" level="INFO">${ActuL_Text} = Contact us</msg>
<status status="PASS" starttime="20231025 12:28:13.404" endtime="20231025 12:28:13.422"/>
</kw>
<kw name="Should Be Equal As Strings" library="BuiltIn">
<arg>${ActuL_Text}</arg>
<arg>${Expected_Text}</arg>
<doc>Fails if objects are unequal after converting them to strings.</doc>
<msg timestamp="20231025 12:28:13.423" level="FAIL">Contact us != Logged in as Jack</msg>
<status status="FAIL" starttime="20231025 12:28:13.422" endtime="20231025 12:28:13.423"/>
</kw>
<kw name="Log To Console" library="BuiltIn">
<arg>log username is verified</arg>
<doc>Logs the given message to the console.</doc>
<status status="NOT RUN" starttime="20231025 12:28:13.423" endtime="20231025 12:28:13.423"/>
</kw>
<status status="FAIL" starttime="20231025 12:28:13.264" endtime="20231025 12:28:13.423"/>
</kw>
<kw name="AddProduct" library="HomePage">
<status status="NOT RUN" starttime="20231025 12:28:13.423" endtime="20231025 12:28:13.423"/>
</kw>
<kw name="ValidateCartPage" library="Cartpage">
<arg>${Exp_Cartpage_txt}</arg>
<status status="NOT RUN" starttime="20231025 12:28:13.423" endtime="20231025 12:28:13.423"/>
</kw>
<kw name="ClicProceedToCheckout" library="Cartpage">
<status status="NOT RUN" starttime="20231025 12:28:13.423" endtime="20231025 12:28:13.423"/>
</kw>
<kw name="VerifyAddress" library="CheckoutPage">
<status status="NOT RUN" starttime="20231025 12:28:13.423" endtime="20231025 12:28:13.423"/>
</kw>
<kw name="DeleteAccount" library="CheckoutPage">
<status status="NOT RUN" starttime="20231025 12:28:13.423" endtime="20231025 12:28:13.423"/>
</kw>
<status status="FAIL" starttime="20231025 12:28:05.409" endtime="20231025 12:28:13.424"/>
</kw>
<status status="FAIL" starttime="20231025 12:28:05.409" endtime="20231025 12:28:13.424">Contact us != Logged in as Jack</status>
</test>
<kw name="Close Browser" library="SeleniumLibrary" type="TEARDOWN">
<doc>Closes the current browser.</doc>
<status status="PASS" starttime="20231025 12:28:13.426" endtime="20231025 12:28:13.671"/>
</kw>
<status status="FAIL" starttime="20231025 12:27:48.818" endtime="20231025 12:28:13.671"/>
</suite>
<status status="FAIL" starttime="20231025 12:26:31.290" endtime="20231025 12:28:13.673"/>
</suite>
<statistics>
<total>
<stat pass="4" fail="3" skip="0">All Tests</stat>
</total>
<tag>
<stat pass="0" fail="1" skip="0">test:retry(3)</stat>
</tag>
<suite>
<stat pass="4" fail="3" skip="0" id="s1" name="TestCases">TestCases</stat>
<stat pass="1" fail="0" skip="0" id="s1-s1" name="TC0 ValidateScrollUpAndDown">TestCases.TC0 ValidateScrollUpAndDown</stat>
<stat pass="3" fail="0" skip="0" id="s1-s2" name="TC1 LoginTestWithInvalidData">TestCases.TC1 LoginTestWithInvalidData</stat>
<stat pass="0" fail="1" skip="0" id="s1-s3" name="TC2 Registration">TestCases.TC2 Registration</stat>
<stat pass="0" fail="1" skip="0" id="s1-s4" name="TC3 ValidateCartItems">TestCases.TC3 ValidateCartItems</stat>
<stat pass="0" fail="1" skip="0" id="s1-s5" name="TC4 ValidateAddressDetailsInCheckoutPage">TestCases.TC4 ValidateAddressDetailsInCheckoutPage</stat>
</suite>
</statistics>
<errors>
<msg timestamp="20231025 12:27:07.453" level="WARN">Multiple tests with name 'Login With invalid credentials should fail' executed in suite 'TestCases.TC1 LoginTestWithInvalidData'.</msg>
<msg timestamp="20231025 12:27:09.896" level="WARN">Multiple tests with name 'Login With invalid credentials should fail' executed in suite 'TestCases.TC1 LoginTestWithInvalidData'.</msg>
</errors>
</robot>
