<?xml version="1.0" encoding="UTF-8"?>
<robot generator="Robot 6.1.1 (Python 3.11.4 on win32)" generated="20231031 14:30:01.866" rpa="false" schemaversion="4">
<suite id="s1" name="pythonProject" source="C:\Users\RA20312005\PycharmProjects\pythonProject">
<suite id="s1-s1" name="TestCases" source="C:\Users\RA20312005\PycharmProjects\pythonProject\TestCases">
<suite id="s1-s1-s1" name="TC1 LoginTestWithInvalidData" source="C:\Users\RA20312005\PycharmProjects\pythonProject\TestCases\TC1_LoginTestWithInvalidData.robot">
<kw name="InvokeBrowser" library="common" type="SETUP">
<kw name="Open Browser" library="SeleniumLibrary">
<arg>${URL}</arg>
<arg>${BROWSER}</arg>
<arg>options=add_argument("--load-extension=${EXTENSION_PATH}")</arg>
<doc>Opens a new browser instance to the optional ``url``.</doc>
<msg timestamp="20231031 14:30:07.808" level="INFO">Opening browser 'edge' to base url 'https://www.automationexercise.com/'.</msg>
<status status="PASS" starttime="20231031 14:30:07.807" endtime="20231031 14:30:24.890"/>
</kw>
<kw name="Maximize Browser Window" library="SeleniumLibrary">
<doc>Maximizes current browser window.</doc>
<status status="PASS" starttime="20231031 14:30:24.890" endtime="20231031 14:30:25.284"/>
</kw>
<status status="PASS" starttime="20231031 14:30:07.806" endtime="20231031 14:30:25.284"/>
</kw>
<test id="s1-s1-s1-t1" name="Login With invalid credentials should fail" line="14">
<kw name="LoginTestWithInvalidData">
<arg>abc1@gmail.com</arg>
<arg>abc1</arg>
<arg>Your email or password is incorrect!</arg>
<kw name="ClickLogin" library="loginPage">
<kw name="Myclick" library="CommonMethods">
<arg>${LOGIN_LINKTEXT}</arg>
<arg>${LOGIN_LINKTEXT}</arg>
<kw name="Wait Until Element Is Visible" library="SeleniumLibrary">
<arg>${ele_xpath_for_wait}</arg>
<doc>Waits until the element ``locator`` is visible.</doc>
<status status="PASS" starttime="20231031 14:30:25.320" endtime="20231031 14:30:28.102"/>
</kw>
<kw name="Click Element" library="SeleniumLibrary">
<arg>${ele_xpath_for_click}</arg>
<doc>Click the element identified by ``locator``.</doc>
<msg timestamp="20231031 14:30:28.104" level="INFO">Clicking element '//a[@href='/login']'.</msg>
<status status="PASS" starttime="20231031 14:30:28.102" endtime="20231031 14:30:29.928"/>
</kw>
<status status="PASS" starttime="20231031 14:30:25.311" endtime="20231031 14:30:29.928"/>
</kw>
<kw name="Log To Console" library="BuiltIn">
<arg>login element clicked</arg>
<doc>Logs the given message to the console.</doc>
<status status="PASS" starttime="20231031 14:30:29.929" endtime="20231031 14:30:29.933"/>
</kw>
<status status="PASS" starttime="20231031 14:30:25.310" endtime="20231031 14:30:29.934"/>
</kw>
<kw name="EnterLoginEmail" library="loginPage">
<arg>${USEREMAIL}</arg>
<kw name="PutText" library="CommonMethods">
<arg>${LOGIN_EMAIL_TEXTFIELD}</arg>
<arg>${loginuseremail}</arg>
<kw name="Clear Element Text" library="SeleniumLibrary">
<arg>${ele_xpath}</arg>
<doc>Clears the value of the text-input-element identified by ``locator``.</doc>
<status status="PASS" starttime="20231031 14:30:29.939" endtime="20231031 14:30:30.196"/>
</kw>
<kw name="Input Text" library="SeleniumLibrary">
<arg>${ele_xpath}</arg>
<arg>${Act_Text}</arg>
<doc>Types the given ``text`` into the text field identified by ``locator``.</doc>
<msg timestamp="20231031 14:30:30.200" level="INFO">Typing text 'abc1@gmail.com' into text field '//input[@data-qa='login-email']'.</msg>
<status status="PASS" starttime="20231031 14:30:30.197" endtime="20231031 14:30:30.550"/>
</kw>
<status status="PASS" starttime="20231031 14:30:29.936" endtime="20231031 14:30:30.551"/>
</kw>
<kw name="Log To Console" library="BuiltIn">
<arg>login Email entered</arg>
<doc>Logs the given message to the console.</doc>
<status status="PASS" starttime="20231031 14:30:30.552" endtime="20231031 14:30:30.554"/>
</kw>
<status status="PASS" starttime="20231031 14:30:29.935" endtime="20231031 14:30:30.555"/>
</kw>
<kw name="EnterLoginPassword" library="loginPage">
<arg>${PASSWORD}</arg>
<kw name="PutText" library="CommonMethods">
<arg>${Login_PASSWORD_TEXTFIELD}</arg>
<arg>${loginPassword}</arg>
<kw name="Clear Element Text" library="SeleniumLibrary">
<arg>${ele_xpath}</arg>
<doc>Clears the value of the text-input-element identified by ``locator``.</doc>
<status status="PASS" starttime="20231031 14:30:30.556" endtime="20231031 14:30:30.615"/>
</kw>
<kw name="Input Text" library="SeleniumLibrary">
<arg>${ele_xpath}</arg>
<arg>${Act_Text}</arg>
<doc>Types the given ``text`` into the text field identified by ``locator``.</doc>
<msg timestamp="20231031 14:30:30.617" level="INFO">Typing text 'abc1' into text field '//input[@data-qa='login-password']'.</msg>
<status status="PASS" starttime="20231031 14:30:30.615" endtime="20231031 14:30:30.764"/>
</kw>
<status status="PASS" starttime="20231031 14:30:30.556" endtime="20231031 14:30:30.765"/>
</kw>
<kw name="Log To Console" library="BuiltIn">
<arg>login password entered</arg>
<doc>Logs the given message to the console.</doc>
<status status="PASS" starttime="20231031 14:30:30.765" endtime="20231031 14:30:30.769"/>
</kw>
<status status="PASS" starttime="20231031 14:30:30.555" endtime="20231031 14:30:30.769"/>
</kw>
<kw name="ClickLoginButton" library="loginPage">
<kw name="Myclick" library="CommonMethods">
<arg>${LOGIN_BUTTON}</arg>
<arg>${LOGIN_BUTTON}</arg>
<kw name="Wait Until Element Is Visible" library="SeleniumLibrary">
<arg>${ele_xpath_for_wait}</arg>
<doc>Waits until the element ``locator`` is visible.</doc>
<status status="PASS" starttime="20231031 14:30:30.773" endtime="20231031 14:30:30.817"/>
</kw>
<kw name="Click Element" library="SeleniumLibrary">
<arg>${ele_xpath_for_click}</arg>
<doc>Click the element identified by ``locator``.</doc>
<msg timestamp="20231031 14:30:30.819" level="INFO">Clicking element '//button[text()='Login']'.</msg>
<status status="PASS" starttime="20231031 14:30:30.818" endtime="20231031 14:30:32.149"/>
</kw>
<status status="PASS" starttime="20231031 14:30:30.771" endtime="20231031 14:30:32.149"/>
</kw>
<kw name="Log To Console" library="BuiltIn">
<arg>login button clicked</arg>
<doc>Logs the given message to the console.</doc>
<status status="PASS" starttime="20231031 14:30:32.150" endtime="20231031 14:30:32.152"/>
</kw>
<status status="PASS" starttime="20231031 14:30:30.770" endtime="20231031 14:30:32.152"/>
</kw>
<kw name="ValidateLoginError" library="loginPage">
<arg>${ERRORMESSAGE}</arg>
<kw name="ValidateText" library="CommonMethods">
<arg>${ERROR_MESSAGE}</arg>
<kw name="Wait Until Element Is Visible" library="SeleniumLibrary">
<arg>${LOGIN_ERROR_MESSAGE}</arg>
<doc>Waits until the element ``locator`` is visible.</doc>
<status status="PASS" starttime="20231031 14:30:32.154" endtime="20231031 14:30:32.341"/>
</kw>
<kw name="Get Text" library="SeleniumLibrary">
<var>${Exp_Text}</var>
<arg>${LOGIN_ERROR_MESSAGE}</arg>
<doc>Returns the text value of the element identified by ``locator``.</doc>
<msg timestamp="20231031 14:30:32.370" level="INFO">${Exp_Text} = Your email or password is incorrect!</msg>
<status status="PASS" starttime="20231031 14:30:32.341" endtime="20231031 14:30:32.371"/>
</kw>
<kw name="Element Text Should Be" library="SeleniumLibrary">
<arg>${Exp_Text}</arg>
<arg>${Exp_Error_Msg}</arg>
<doc>Verifies that element ``locator`` contains exact the text ``expected``.</doc>
<msg timestamp="20231031 14:30:32.374" level="INFO">Verifying element 'Your email or password is incorrect!' contains exact text 'Your email or password is incorrect!'.</msg>
<msg timestamp="20231031 14:30:32.687" level="INFO" html="true">&lt;/td&gt;&lt;/tr&gt;&lt;tr&gt;&lt;td colspan="3"&gt;&lt;a href="selenium-screenshot-49.png"&gt;&lt;img src="selenium-screenshot-49.png" width="800px"&gt;&lt;/a&gt;</msg>
<msg timestamp="20231031 14:30:32.687" level="FAIL">Element with locator 'Your email or password is incorrect!' not found.</msg>
<status status="FAIL" starttime="20231031 14:30:32.372" endtime="20231031 14:30:32.714"/>
</kw>
<kw name="Log To Console" library="BuiltIn">
<arg>login error validated</arg>
<doc>Logs the given message to the console.</doc>
<status status="NOT RUN" starttime="20231031 14:30:32.714" endtime="20231031 14:30:32.716"/>
</kw>
<status status="FAIL" starttime="20231031 14:30:32.154" endtime="20231031 14:30:32.716"/>
</kw>
<status status="FAIL" starttime="20231031 14:30:32.153" endtime="20231031 14:30:32.716"/>
</kw>
<status status="FAIL" starttime="20231031 14:30:25.309" endtime="20231031 14:30:32.717"/>
</kw>
<status status="FAIL" starttime="20231031 14:30:25.285" endtime="20231031 14:30:32.717">Element with locator 'Your email or password is incorrect!' not found.</status>
</test>
<test id="s1-s1-s1-t2" name="Login With invalid credentials should fail" line="14">
<kw name="LoginTestWithInvalidData">
<arg>zzz1@gmail.co</arg>
<arg>cba1</arg>
<arg>Your email or password is incorrect!</arg>
<kw name="ClickLogin" library="loginPage">
<kw name="Myclick" library="CommonMethods">
<arg>${LOGIN_LINKTEXT}</arg>
<arg>${LOGIN_LINKTEXT}</arg>
<kw name="Wait Until Element Is Visible" library="SeleniumLibrary">
<arg>${ele_xpath_for_wait}</arg>
<doc>Waits until the element ``locator`` is visible.</doc>
<status status="PASS" starttime="20231031 14:30:32.730" endtime="20231031 14:30:32.754"/>
</kw>
<kw name="Click Element" library="SeleniumLibrary">
<arg>${ele_xpath_for_click}</arg>
<doc>Click the element identified by ``locator``.</doc>
<msg timestamp="20231031 14:30:32.756" level="INFO">Clicking element '//a[@href='/login']'.</msg>
<status status="PASS" starttime="20231031 14:30:32.754" endtime="20231031 14:30:33.957"/>
</kw>
<status status="PASS" starttime="20231031 14:30:32.728" endtime="20231031 14:30:33.958"/>
</kw>
<kw name="Log To Console" library="BuiltIn">
<arg>login element clicked</arg>
<doc>Logs the given message to the console.</doc>
<status status="PASS" starttime="20231031 14:30:33.959" endtime="20231031 14:30:33.962"/>
</kw>
<status status="PASS" starttime="20231031 14:30:32.726" endtime="20231031 14:30:33.962"/>
</kw>
<kw name="EnterLoginEmail" library="loginPage">
<arg>${USEREMAIL}</arg>
<kw name="PutText" library="CommonMethods">
<arg>${LOGIN_EMAIL_TEXTFIELD}</arg>
<arg>${loginuseremail}</arg>
<kw name="Clear Element Text" library="SeleniumLibrary">
<arg>${ele_xpath}</arg>
<doc>Clears the value of the text-input-element identified by ``locator``.</doc>
<status status="PASS" starttime="20231031 14:30:33.964" endtime="20231031 14:30:34.018"/>
</kw>
<kw name="Input Text" library="SeleniumLibrary">
<arg>${ele_xpath}</arg>
<arg>${Act_Text}</arg>
<doc>Types the given ``text`` into the text field identified by ``locator``.</doc>
<msg timestamp="20231031 14:30:34.019" level="INFO">Typing text 'zzz1@gmail.co' into text field '//input[@data-qa='login-email']'.</msg>
<status status="PASS" starttime="20231031 14:30:34.018" endtime="20231031 14:30:34.270"/>
</kw>
<status status="PASS" starttime="20231031 14:30:33.964" endtime="20231031 14:30:34.274"/>
</kw>
<kw name="Log To Console" library="BuiltIn">
<arg>login Email entered</arg>
<doc>Logs the given message to the console.</doc>
<status status="PASS" starttime="20231031 14:30:34.275" endtime="20231031 14:30:34.283"/>
</kw>
<status status="PASS" starttime="20231031 14:30:33.963" endtime="20231031 14:30:34.283"/>
</kw>
<kw name="EnterLoginPassword" library="loginPage">
<arg>${PASSWORD}</arg>
<kw name="PutText" library="CommonMethods">
<arg>${Login_PASSWORD_TEXTFIELD}</arg>
<arg>${loginPassword}</arg>
<kw name="Clear Element Text" library="SeleniumLibrary">
<arg>${ele_xpath}</arg>
<doc>Clears the value of the text-input-element identified by ``locator``.</doc>
<status status="PASS" starttime="20231031 14:30:34.287" endtime="20231031 14:30:34.358"/>
</kw>
<kw name="Input Text" library="SeleniumLibrary">
<arg>${ele_xpath}</arg>
<arg>${Act_Text}</arg>
<doc>Types the given ``text`` into the text field identified by ``locator``.</doc>
<msg timestamp="20231031 14:30:34.359" level="INFO">Typing text 'cba1' into text field '//input[@data-qa='login-password']'.</msg>
<status status="PASS" starttime="20231031 14:30:34.358" endtime="20231031 14:30:34.477"/>
</kw>
<status status="PASS" starttime="20231031 14:30:34.286" endtime="20231031 14:30:34.478"/>
</kw>
<kw name="Log To Console" library="BuiltIn">
<arg>login password entered</arg>
<doc>Logs the given message to the console.</doc>
<status status="PASS" starttime="20231031 14:30:34.479" endtime="20231031 14:30:34.481"/>
</kw>
<status status="PASS" starttime="20231031 14:30:34.284" endtime="20231031 14:30:34.482"/>
</kw>
<kw name="ClickLoginButton" library="loginPage">
<kw name="Myclick" library="CommonMethods">
<arg>${LOGIN_BUTTON}</arg>
<arg>${LOGIN_BUTTON}</arg>
<kw name="Wait Until Element Is Visible" library="SeleniumLibrary">
<arg>${ele_xpath_for_wait}</arg>
<doc>Waits until the element ``locator`` is visible.</doc>
<status status="PASS" starttime="20231031 14:30:34.484" endtime="20231031 14:30:34.518"/>
</kw>
<kw name="Click Element" library="SeleniumLibrary">
<arg>${ele_xpath_for_click}</arg>
<doc>Click the element identified by ``locator``.</doc>
<msg timestamp="20231031 14:30:34.519" level="INFO">Clicking element '//button[text()='Login']'.</msg>
<status status="PASS" starttime="20231031 14:30:34.518" endtime="20231031 14:30:35.715"/>
</kw>
<status status="PASS" starttime="20231031 14:30:34.483" endtime="20231031 14:30:35.716"/>
</kw>
<kw name="Log To Console" library="BuiltIn">
<arg>login button clicked</arg>
<doc>Logs the given message to the console.</doc>
<status status="PASS" starttime="20231031 14:30:35.716" endtime="20231031 14:30:35.718"/>
</kw>
<status status="PASS" starttime="20231031 14:30:34.482" endtime="20231031 14:30:35.719"/>
</kw>
<kw name="ValidateLoginError" library="loginPage">
<arg>${ERRORMESSAGE}</arg>
<kw name="ValidateText" library="CommonMethods">
<arg>${ERROR_MESSAGE}</arg>
<kw name="Wait Until Element Is Visible" library="SeleniumLibrary">
<arg>${LOGIN_ERROR_MESSAGE}</arg>
<doc>Waits until the element ``locator`` is visible.</doc>
<status status="PASS" starttime="20231031 14:30:35.725" endtime="20231031 14:30:36.045"/>
</kw>
<kw name="Get Text" library="SeleniumLibrary">
<var>${Exp_Text}</var>
<arg>${LOGIN_ERROR_MESSAGE}</arg>
<doc>Returns the text value of the element identified by ``locator``.</doc>
<msg timestamp="20231031 14:30:36.064" level="INFO">${Exp_Text} = Your email or password is incorrect!</msg>
<status status="PASS" starttime="20231031 14:30:36.045" endtime="20231031 14:30:36.065"/>
</kw>
<kw name="Element Text Should Be" library="SeleniumLibrary">
<arg>${Exp_Text}</arg>
<arg>${Exp_Error_Msg}</arg>
<doc>Verifies that element ``locator`` contains exact the text ``expected``.</doc>
<msg timestamp="20231031 14:30:36.067" level="INFO">Verifying element 'Your email or password is incorrect!' contains exact text 'Your email or password is incorrect!'.</msg>
<msg timestamp="20231031 14:30:36.235" level="INFO" html="true">&lt;/td&gt;&lt;/tr&gt;&lt;tr&gt;&lt;td colspan="3"&gt;&lt;a href="selenium-screenshot-50.png"&gt;&lt;img src="selenium-screenshot-50.png" width="800px"&gt;&lt;/a&gt;</msg>
<msg timestamp="20231031 14:30:36.236" level="FAIL">Element with locator 'Your email or password is incorrect!' not found.</msg>
<status status="FAIL" starttime="20231031 14:30:36.065" endtime="20231031 14:30:36.240"/>
</kw>
<kw name="Log To Console" library="BuiltIn">
<arg>login error validated</arg>
<doc>Logs the given message to the console.</doc>
<status status="NOT RUN" starttime="20231031 14:30:36.240" endtime="20231031 14:30:36.240"/>
</kw>
<status status="FAIL" starttime="20231031 14:30:35.722" endtime="20231031 14:30:36.241"/>
</kw>
<status status="FAIL" starttime="20231031 14:30:35.720" endtime="20231031 14:30:36.241"/>
</kw>
<status status="FAIL" starttime="20231031 14:30:32.725" endtime="20231031 14:30:36.241"/>
</kw>
<status status="FAIL" starttime="20231031 14:30:32.722" endtime="20231031 14:30:36.242">Element with locator 'Your email or password is incorrect!' not found.</status>
</test>
<test id="s1-s1-s1-t3" name="Login With invalid credentials should fail" line="14">
<kw name="LoginTestWithInvalidData">
<arg>bbb2@mail.com</arg>
<arg>12a</arg>
<arg>Your email or password is incorrect!</arg>
<kw name="ClickLogin" library="loginPage">
<kw name="Myclick" library="CommonMethods">
<arg>${LOGIN_LINKTEXT}</arg>
<arg>${LOGIN_LINKTEXT}</arg>
<kw name="Wait Until Element Is Visible" library="SeleniumLibrary">
<arg>${ele_xpath_for_wait}</arg>
<doc>Waits until the element ``locator`` is visible.</doc>
<status status="PASS" starttime="20231031 14:30:36.256" endtime="20231031 14:30:36.284"/>
</kw>
<kw name="Click Element" library="SeleniumLibrary">
<arg>${ele_xpath_for_click}</arg>
<doc>Click the element identified by ``locator``.</doc>
<msg timestamp="20231031 14:30:36.286" level="INFO">Clicking element '//a[@href='/login']'.</msg>
<status status="PASS" starttime="20231031 14:30:36.285" endtime="20231031 14:30:37.639"/>
</kw>
<status status="PASS" starttime="20231031 14:30:36.255" endtime="20231031 14:30:37.640"/>
</kw>
<kw name="Log To Console" library="BuiltIn">
<arg>login element clicked</arg>
<doc>Logs the given message to the console.</doc>
<status status="PASS" starttime="20231031 14:30:37.640" endtime="20231031 14:30:37.641"/>
</kw>
<status status="PASS" starttime="20231031 14:30:36.255" endtime="20231031 14:30:37.642"/>
</kw>
<kw name="EnterLoginEmail" library="loginPage">
<arg>${USEREMAIL}</arg>
<kw name="PutText" library="CommonMethods">
<arg>${LOGIN_EMAIL_TEXTFIELD}</arg>
<arg>${loginuseremail}</arg>
<kw name="Clear Element Text" library="SeleniumLibrary">
<arg>${ele_xpath}</arg>
<doc>Clears the value of the text-input-element identified by ``locator``.</doc>
<status status="PASS" starttime="20231031 14:30:37.645" endtime="20231031 14:30:37.828"/>
</kw>
<kw name="Input Text" library="SeleniumLibrary">
<arg>${ele_xpath}</arg>
<arg>${Act_Text}</arg>
<doc>Types the given ``text`` into the text field identified by ``locator``.</doc>
<msg timestamp="20231031 14:30:37.832" level="INFO">Typing text 'bbb2@mail.com' into text field '//input[@data-qa='login-email']'.</msg>
<status status="PASS" starttime="20231031 14:30:37.829" endtime="20231031 14:30:37.996"/>
</kw>
<status status="PASS" starttime="20231031 14:30:37.643" endtime="20231031 14:30:37.997"/>
</kw>
<kw name="Log To Console" library="BuiltIn">
<arg>login Email entered</arg>
<doc>Logs the given message to the console.</doc>
<status status="PASS" starttime="20231031 14:30:37.997" endtime="20231031 14:30:38.000"/>
</kw>
<status status="PASS" starttime="20231031 14:30:37.642" endtime="20231031 14:30:38.000"/>
</kw>
<kw name="EnterLoginPassword" library="loginPage">
<arg>${PASSWORD}</arg>
<kw name="PutText" library="CommonMethods">
<arg>${Login_PASSWORD_TEXTFIELD}</arg>
<arg>${loginPassword}</arg>
<kw name="Clear Element Text" library="SeleniumLibrary">
<arg>${ele_xpath}</arg>
<doc>Clears the value of the text-input-element identified by ``locator``.</doc>
<status status="PASS" starttime="20231031 14:30:38.003" endtime="20231031 14:30:38.065"/>
</kw>
<kw name="Input Text" library="SeleniumLibrary">
<arg>${ele_xpath}</arg>
<arg>${Act_Text}</arg>
<doc>Types the given ``text`` into the text field identified by ``locator``.</doc>
<msg timestamp="20231031 14:30:38.067" level="INFO">Typing text '12a' into text field '//input[@data-qa='login-password']'.</msg>
<status status="PASS" starttime="20231031 14:30:38.065" endtime="20231031 14:30:38.191"/>
</kw>
<status status="PASS" starttime="20231031 14:30:38.001" endtime="20231031 14:30:38.191"/>
</kw>
<kw name="Log To Console" library="BuiltIn">
<arg>login password entered</arg>
<doc>Logs the given message to the console.</doc>
<status status="PASS" starttime="20231031 14:30:38.191" endtime="20231031 14:30:38.193"/>
</kw>
<status status="PASS" starttime="20231031 14:30:38.000" endtime="20231031 14:30:38.194"/>
</kw>
<kw name="ClickLoginButton" library="loginPage">
<kw name="Myclick" library="CommonMethods">
<arg>${LOGIN_BUTTON}</arg>
<arg>${LOGIN_BUTTON}</arg>
<kw name="Wait Until Element Is Visible" library="SeleniumLibrary">
<arg>${ele_xpath_for_wait}</arg>
<doc>Waits until the element ``locator`` is visible.</doc>
<status status="PASS" starttime="20231031 14:30:38.197" endtime="20231031 14:30:38.234"/>
</kw>
<kw name="Click Element" library="SeleniumLibrary">
<arg>${ele_xpath_for_click}</arg>
<doc>Click the element identified by ``locator``.</doc>
<msg timestamp="20231031 14:30:38.237" level="INFO">Clicking element '//button[text()='Login']'.</msg>
<status status="PASS" starttime="20231031 14:30:38.234" endtime="20231031 14:30:39.797"/>
</kw>
<status status="PASS" starttime="20231031 14:30:38.196" endtime="20231031 14:30:39.798"/>
</kw>
<kw name="Log To Console" library="BuiltIn">
<arg>login button clicked</arg>
<doc>Logs the given message to the console.</doc>
<status status="PASS" starttime="20231031 14:30:39.802" endtime="20231031 14:30:39.808"/>
</kw>
<status status="PASS" starttime="20231031 14:30:38.194" endtime="20231031 14:30:39.811"/>
</kw>
<kw name="ValidateLoginError" library="loginPage">
<arg>${ERRORMESSAGE}</arg>
<kw name="ValidateText" library="CommonMethods">
<arg>${ERROR_MESSAGE}</arg>
<kw name="Wait Until Element Is Visible" library="SeleniumLibrary">
<arg>${LOGIN_ERROR_MESSAGE}</arg>
<doc>Waits until the element ``locator`` is visible.</doc>
<status status="PASS" starttime="20231031 14:30:39.815" endtime="20231031 14:30:39.853"/>
</kw>
<kw name="Get Text" library="SeleniumLibrary">
<var>${Exp_Text}</var>
<arg>${LOGIN_ERROR_MESSAGE}</arg>
<doc>Returns the text value of the element identified by ``locator``.</doc>
<msg timestamp="20231031 14:30:39.986" level="INFO">${Exp_Text} = Your email or password is incorrect!</msg>
<status status="PASS" starttime="20231031 14:30:39.854" endtime="20231031 14:30:39.987"/>
</kw>
<kw name="Element Text Should Be" library="SeleniumLibrary">
<arg>${Exp_Text}</arg>
<arg>${Exp_Error_Msg}</arg>
<doc>Verifies that element ``locator`` contains exact the text ``expected``.</doc>
<msg timestamp="20231031 14:30:39.992" level="INFO">Verifying element 'Your email or password is incorrect!' contains exact text 'Your email or password is incorrect!'.</msg>
<msg timestamp="20231031 14:30:40.226" level="INFO" html="true">&lt;/td&gt;&lt;/tr&gt;&lt;tr&gt;&lt;td colspan="3"&gt;&lt;a href="selenium-screenshot-51.png"&gt;&lt;img src="selenium-screenshot-51.png" width="800px"&gt;&lt;/a&gt;</msg>
<msg timestamp="20231031 14:30:40.227" level="FAIL">Element with locator 'Your email or password is incorrect!' not found.</msg>
<status status="FAIL" starttime="20231031 14:30:39.988" endtime="20231031 14:30:40.231"/>
</kw>
<kw name="Log To Console" library="BuiltIn">
<arg>login error validated</arg>
<doc>Logs the given message to the console.</doc>
<status status="NOT RUN" starttime="20231031 14:30:40.232" endtime="20231031 14:30:40.233"/>
</kw>
<status status="FAIL" starttime="20231031 14:30:39.814" endtime="20231031 14:30:40.233"/>
</kw>
<status status="FAIL" starttime="20231031 14:30:39.812" endtime="20231031 14:30:40.234"/>
</kw>
<status status="FAIL" starttime="20231031 14:30:36.254" endtime="20231031 14:30:40.234"/>
</kw>
<status status="FAIL" starttime="20231031 14:30:36.250" endtime="20231031 14:30:40.235">Element with locator 'Your email or password is incorrect!' not found.</status>
</test>
<kw name="TearDown" library="common" type="TEARDOWN">
<kw name="Close Browser" library="SeleniumLibrary">
<doc>Closes the current browser.</doc>
<status status="PASS" starttime="20231031 14:30:40.239" endtime="20231031 14:30:41.022"/>
</kw>
<status status="PASS" starttime="20231031 14:30:40.238" endtime="20231031 14:30:41.022"/>
</kw>
<status status="FAIL" starttime="20231031 14:30:01.996" endtime="20231031 14:30:41.023"/>
</suite>
<status status="FAIL" starttime="20231031 14:30:01.992" endtime="20231031 14:30:41.074"/>
</suite>
<status status="FAIL" starttime="20231031 14:30:01.921" endtime="20231031 14:30:41.099"/>
</suite>
<statistics>
<total>
<stat pass="0" fail="3" skip="0">All Tests</stat>
</total>
<tag>
</tag>
<suite>
<stat pass="0" fail="3" skip="0" id="s1" name="pythonProject">pythonProject</stat>
<stat pass="0" fail="3" skip="0" id="s1-s1" name="TestCases">pythonProject.TestCases</stat>
<stat pass="0" fail="3" skip="0" id="s1-s1-s1" name="TC1 LoginTestWithInvalidData">pythonProject.TestCases.TC1 LoginTestWithInvalidData</stat>
</suite>
</statistics>
<errors>
<msg timestamp="20231031 14:30:32.720" level="WARN">Multiple tests with name 'Login With invalid credentials should fail' executed in suite 'pythonProject.TestCases.TC1 LoginTestWithInvalidData'.</msg>
<msg timestamp="20231031 14:30:36.246" level="WARN">Multiple tests with name 'Login With invalid credentials should fail' executed in suite 'pythonProject.TestCases.TC1 LoginTestWithInvalidData'.</msg>
</errors>
</robot>
