<?xml version="1.0" encoding="UTF-8"?>
<robot generator="Robot 6.1.1 (Python 3.11.4 on win32)" generated="20231025 10:11:09.933" rpa="false" schemaversion="4">
<suite id="s1" name="pythonProject" source="C:\Users\RA20312005\PycharmProjects\pythonProject">
<suite id="s1-s1" name="TestCases" source="C:\Users\RA20312005\PycharmProjects\pythonProject\TestCases">
<suite id="s1-s1-s1" name="TC1 LoginTestWithInvalidData" source="C:\Users\RA20312005\PycharmProjects\pythonProject\TestCases\TC1_LoginTestWithInvalidData.robot">
<kw name="InvokeBrowser" library="common" type="SETUP">
<kw name="Open Browser" library="SeleniumLibrary">
<arg>${URL}</arg>
<arg>${BROWSER}</arg>
<arg>options=add_argument("--load-extension=${EXTENSION_PATH}")</arg>
<doc>Opens a new browser instance to the optional ``url``.</doc>
<msg timestamp="20231025 10:11:18.033" level="INFO">Opening browser 'edge' to base url 'https://www.automationexercise.com/'.</msg>
<status status="PASS" starttime="20231025 10:11:18.031" endtime="20231025 10:11:35.842"/>
</kw>
<kw name="Maximize Browser Window" library="SeleniumLibrary">
<doc>Maximizes current browser window.</doc>
<status status="PASS" starttime="20231025 10:11:35.843" endtime="20231025 10:11:36.003"/>
</kw>
<status status="PASS" starttime="20231025 10:11:18.029" endtime="20231025 10:11:36.004"/>
</kw>
<test id="s1-s1-s1-t1" name="Login With invalid credentials should fail" line="13">
<kw name="LoginTestWithInvalidData">
<arg>abc1@gmail.com</arg>
<arg>abc1</arg>
<arg>Your email or password is incorrect!</arg>
<kw name="ClickLogin" library="loginPage">
<kw name="Click Element" library="SeleniumLibrary">
<arg>${LOGIN_LINKTEXT}</arg>
<doc>Click the element identified by ``locator``.</doc>
<msg timestamp="20231025 10:11:36.025" level="INFO">Clicking element '//a[@href='/login']'.</msg>
<status status="PASS" starttime="20231025 10:11:36.018" endtime="20231025 10:11:38.285"/>
</kw>
<kw name="Log To Console" library="BuiltIn">
<arg>login element clicked</arg>
<doc>Logs the given message to the console.</doc>
<status status="PASS" starttime="20231025 10:11:38.285" endtime="20231025 10:11:38.289"/>
</kw>
<status status="PASS" starttime="20231025 10:11:36.016" endtime="20231025 10:11:38.290"/>
</kw>
<kw name="EnterLoginEmail" library="loginPage">
<arg>${USEREMAIL}</arg>
<kw name="Input Text" library="SeleniumLibrary">
<arg>${LOGIN_EMAIL_TEXTFIELD}</arg>
<arg>${loginuseremail}</arg>
<doc>Types the given ``text`` into the text field identified by ``locator``.</doc>
<msg timestamp="20231025 10:11:38.294" level="INFO">Typing text 'abc1@gmail.com' into text field '//input[@data-qa='login-email']'.</msg>
<status status="PASS" starttime="20231025 10:11:38.292" endtime="20231025 10:11:39.263"/>
</kw>
<kw name="Log To Console" library="BuiltIn">
<arg>login Email entered</arg>
<doc>Logs the given message to the console.</doc>
<status status="PASS" starttime="20231025 10:11:39.264" endtime="20231025 10:11:39.265"/>
</kw>
<status status="PASS" starttime="20231025 10:11:38.290" endtime="20231025 10:11:39.265"/>
</kw>
<kw name="EnterLoginPassword" library="loginPage">
<arg>${PASSWORD}</arg>
<kw name="Input Text" library="SeleniumLibrary">
<arg>${Login_PASSWORD_TEXTFIELD}</arg>
<arg>${loginPassword}</arg>
<doc>Types the given ``text`` into the text field identified by ``locator``.</doc>
<msg timestamp="20231025 10:11:39.269" level="INFO">Typing text 'abc1' into text field '//input[@data-qa='login-password']'.</msg>
<status status="PASS" starttime="20231025 10:11:39.268" endtime="20231025 10:11:39.996"/>
</kw>
<kw name="Log To Console" library="BuiltIn">
<arg>login password entered</arg>
<doc>Logs the given message to the console.</doc>
<status status="PASS" starttime="20231025 10:11:39.996" endtime="20231025 10:11:39.998"/>
</kw>
<status status="PASS" starttime="20231025 10:11:39.266" endtime="20231025 10:11:39.998"/>
</kw>
<kw name="ClickLoginButton" library="loginPage">
<kw name="Click Element" library="SeleniumLibrary">
<arg>${LOGIN_BUTTON}</arg>
<doc>Click the element identified by ``locator``.</doc>
<msg timestamp="20231025 10:11:40.002" level="INFO">Clicking element '//button[text()='Login']'.</msg>
<status status="PASS" starttime="20231025 10:11:40.000" endtime="20231025 10:11:42.146"/>
</kw>
<kw name="Log To Console" library="BuiltIn">
<arg>login button clicked</arg>
<doc>Logs the given message to the console.</doc>
<status status="PASS" starttime="20231025 10:11:42.147" endtime="20231025 10:11:42.149"/>
</kw>
<status status="PASS" starttime="20231025 10:11:39.999" endtime="20231025 10:11:42.150"/>
</kw>
<kw name="ValidateLoginError" library="loginPage">
<arg>${ERRORMESSAGE}</arg>
<kw name="Wait Until Element Is Visible" library="SeleniumLibrary">
<arg>${LOGIN_ERROR_MESSAGE}</arg>
<doc>Waits until the element ``locator`` is visible.</doc>
<status status="PASS" starttime="20231025 10:11:42.154" endtime="20231025 10:11:42.245"/>
</kw>
<kw name="Element Text Should Be" library="SeleniumLibrary">
<arg>${LOGIN_ERROR_MESSAGE}</arg>
<arg>${ERROR_MESSAGE}</arg>
<doc>Verifies that element ``locator`` contains exact the text ``expected``.</doc>
<msg timestamp="20231025 10:11:42.249" level="INFO">Verifying element '//p[text()='Your email or password is incorrect!']' contains exact text 'Your email or password is incorrect!'.</msg>
<status status="PASS" starttime="20231025 10:11:42.246" endtime="20231025 10:11:42.315"/>
</kw>
<kw name="Log To Console" library="BuiltIn">
<arg>login error validated</arg>
<doc>Logs the given message to the console.</doc>
<status status="PASS" starttime="20231025 10:11:42.315" endtime="20231025 10:11:42.317"/>
</kw>
<status status="PASS" starttime="20231025 10:11:42.151" endtime="20231025 10:11:42.319"/>
</kw>
<status status="PASS" starttime="20231025 10:11:36.015" endtime="20231025 10:11:42.320"/>
</kw>
<status status="PASS" starttime="20231025 10:11:36.005" endtime="20231025 10:11:42.321"/>
</test>
<test id="s1-s1-s1-t2" name="Login With invalid credentials should fail" line="13">
<kw name="LoginTestWithInvalidData">
<arg>zzz1@gmail.co</arg>
<arg>cba1</arg>
<arg>Your email or password is incorrect!</arg>
<kw name="ClickLogin" library="loginPage">
<kw name="Click Element" library="SeleniumLibrary">
<arg>${LOGIN_LINKTEXT}</arg>
<doc>Click the element identified by ``locator``.</doc>
<msg timestamp="20231025 10:11:42.353" level="INFO">Clicking element '//a[@href='/login']'.</msg>
<status status="PASS" starttime="20231025 10:11:42.350" endtime="20231025 10:11:44.756"/>
</kw>
<kw name="Log To Console" library="BuiltIn">
<arg>login element clicked</arg>
<doc>Logs the given message to the console.</doc>
<status status="PASS" starttime="20231025 10:11:44.756" endtime="20231025 10:11:44.759"/>
</kw>
<status status="PASS" starttime="20231025 10:11:42.347" endtime="20231025 10:11:44.759"/>
</kw>
<kw name="EnterLoginEmail" library="loginPage">
<arg>${USEREMAIL}</arg>
<kw name="Input Text" library="SeleniumLibrary">
<arg>${LOGIN_EMAIL_TEXTFIELD}</arg>
<arg>${loginuseremail}</arg>
<doc>Types the given ``text`` into the text field identified by ``locator``.</doc>
<msg timestamp="20231025 10:11:44.766" level="INFO">Typing text 'zzz1@gmail.co' into text field '//input[@data-qa='login-email']'.</msg>
<status status="PASS" starttime="20231025 10:11:44.762" endtime="20231025 10:11:45.039"/>
</kw>
<kw name="Log To Console" library="BuiltIn">
<arg>login Email entered</arg>
<doc>Logs the given message to the console.</doc>
<status status="PASS" starttime="20231025 10:11:45.040" endtime="20231025 10:11:45.043"/>
</kw>
<status status="PASS" starttime="20231025 10:11:44.760" endtime="20231025 10:11:45.043"/>
</kw>
<kw name="EnterLoginPassword" library="loginPage">
<arg>${PASSWORD}</arg>
<kw name="Input Text" library="SeleniumLibrary">
<arg>${Login_PASSWORD_TEXTFIELD}</arg>
<arg>${loginPassword}</arg>
<doc>Types the given ``text`` into the text field identified by ``locator``.</doc>
<msg timestamp="20231025 10:11:45.047" level="INFO">Typing text 'cba1' into text field '//input[@data-qa='login-password']'.</msg>
<status status="PASS" starttime="20231025 10:11:45.045" endtime="20231025 10:11:45.224"/>
</kw>
<kw name="Log To Console" library="BuiltIn">
<arg>login password entered</arg>
<doc>Logs the given message to the console.</doc>
<status status="PASS" starttime="20231025 10:11:45.225" endtime="20231025 10:11:45.227"/>
</kw>
<status status="PASS" starttime="20231025 10:11:45.043" endtime="20231025 10:11:45.227"/>
</kw>
<kw name="ClickLoginButton" library="loginPage">
<kw name="Click Element" library="SeleniumLibrary">
<arg>${LOGIN_BUTTON}</arg>
<doc>Click the element identified by ``locator``.</doc>
<msg timestamp="20231025 10:11:45.231" level="INFO">Clicking element '//button[text()='Login']'.</msg>
<status status="PASS" starttime="20231025 10:11:45.229" endtime="20231025 10:11:46.596"/>
</kw>
<kw name="Log To Console" library="BuiltIn">
<arg>login button clicked</arg>
<doc>Logs the given message to the console.</doc>
<status status="PASS" starttime="20231025 10:11:46.597" endtime="20231025 10:11:46.605"/>
</kw>
<status status="PASS" starttime="20231025 10:11:45.227" endtime="20231025 10:11:46.606"/>
</kw>
<kw name="ValidateLoginError" library="loginPage">
<arg>${ERRORMESSAGE}</arg>
<kw name="Wait Until Element Is Visible" library="SeleniumLibrary">
<arg>${LOGIN_ERROR_MESSAGE}</arg>
<doc>Waits until the element ``locator`` is visible.</doc>
<status status="PASS" starttime="20231025 10:11:46.611" endtime="20231025 10:11:47.146"/>
</kw>
<kw name="Element Text Should Be" library="SeleniumLibrary">
<arg>${LOGIN_ERROR_MESSAGE}</arg>
<arg>${ERROR_MESSAGE}</arg>
<doc>Verifies that element ``locator`` contains exact the text ``expected``.</doc>
<msg timestamp="20231025 10:11:47.149" level="INFO">Verifying element '//p[text()='Your email or password is incorrect!']' contains exact text 'Your email or password is incorrect!'.</msg>
<status status="PASS" starttime="20231025 10:11:47.147" endtime="20231025 10:11:47.190"/>
</kw>
<kw name="Log To Console" library="BuiltIn">
<arg>login error validated</arg>
<doc>Logs the given message to the console.</doc>
<status status="PASS" starttime="20231025 10:11:47.191" endtime="20231025 10:11:47.194"/>
</kw>
<status status="PASS" starttime="20231025 10:11:46.607" endtime="20231025 10:11:47.195"/>
</kw>
<status status="PASS" starttime="20231025 10:11:42.344" endtime="20231025 10:11:47.195"/>
</kw>
<status status="PASS" starttime="20231025 10:11:42.334" endtime="20231025 10:11:47.196"/>
</test>
<test id="s1-s1-s1-t3" name="Login With invalid credentials should fail" line="13">
<kw name="LoginTestWithInvalidData">
<arg>bbb2@mail.com</arg>
<arg>12a</arg>
<arg>Your email or password is incorrect!</arg>
<kw name="ClickLogin" library="loginPage">
<kw name="Click Element" library="SeleniumLibrary">
<arg>${LOGIN_LINKTEXT}</arg>
<doc>Click the element identified by ``locator``.</doc>
<msg timestamp="20231025 10:11:47.226" level="INFO">Clicking element '//a[@href='/login']'.</msg>
<status status="PASS" starttime="20231025 10:11:47.223" endtime="20231025 10:11:48.684"/>
</kw>
<kw name="Log To Console" library="BuiltIn">
<arg>login element clicked</arg>
<doc>Logs the given message to the console.</doc>
<status status="PASS" starttime="20231025 10:11:48.685" endtime="20231025 10:11:48.688"/>
</kw>
<status status="PASS" starttime="20231025 10:11:47.221" endtime="20231025 10:11:48.688"/>
</kw>
<kw name="EnterLoginEmail" library="loginPage">
<arg>${USEREMAIL}</arg>
<kw name="Input Text" library="SeleniumLibrary">
<arg>${LOGIN_EMAIL_TEXTFIELD}</arg>
<arg>${loginuseremail}</arg>
<doc>Types the given ``text`` into the text field identified by ``locator``.</doc>
<msg timestamp="20231025 10:11:48.693" level="INFO">Typing text 'bbb2@mail.com' into text field '//input[@data-qa='login-email']'.</msg>
<status status="PASS" starttime="20231025 10:11:48.690" endtime="20231025 10:11:50.159"/>
</kw>
<kw name="Log To Console" library="BuiltIn">
<arg>login Email entered</arg>
<doc>Logs the given message to the console.</doc>
<status status="PASS" starttime="20231025 10:11:50.160" endtime="20231025 10:11:50.161"/>
</kw>
<status status="PASS" starttime="20231025 10:11:48.689" endtime="20231025 10:11:50.163"/>
</kw>
<kw name="EnterLoginPassword" library="loginPage">
<arg>${PASSWORD}</arg>
<kw name="Input Text" library="SeleniumLibrary">
<arg>${Login_PASSWORD_TEXTFIELD}</arg>
<arg>${loginPassword}</arg>
<doc>Types the given ``text`` into the text field identified by ``locator``.</doc>
<msg timestamp="20231025 10:11:50.170" level="INFO">Typing text '12a' into text field '//input[@data-qa='login-password']'.</msg>
<status status="PASS" starttime="20231025 10:11:50.165" endtime="20231025 10:11:50.468"/>
</kw>
<kw name="Log To Console" library="BuiltIn">
<arg>login password entered</arg>
<doc>Logs the given message to the console.</doc>
<status status="PASS" starttime="20231025 10:11:50.469" endtime="20231025 10:11:50.473"/>
</kw>
<status status="PASS" starttime="20231025 10:11:50.164" endtime="20231025 10:11:50.473"/>
</kw>
<kw name="ClickLoginButton" library="loginPage">
<kw name="Click Element" library="SeleniumLibrary">
<arg>${LOGIN_BUTTON}</arg>
<doc>Click the element identified by ``locator``.</doc>
<msg timestamp="20231025 10:11:50.477" level="INFO">Clicking element '//button[text()='Login']'.</msg>
<status status="PASS" starttime="20231025 10:11:50.475" endtime="20231025 10:11:52.582"/>
</kw>
<kw name="Log To Console" library="BuiltIn">
<arg>login button clicked</arg>
<doc>Logs the given message to the console.</doc>
<status status="PASS" starttime="20231025 10:11:52.583" endtime="20231025 10:11:52.587"/>
</kw>
<status status="PASS" starttime="20231025 10:11:50.474" endtime="20231025 10:11:52.588"/>
</kw>
<kw name="ValidateLoginError" library="loginPage">
<arg>${ERRORMESSAGE}</arg>
<kw name="Wait Until Element Is Visible" library="SeleniumLibrary">
<arg>${LOGIN_ERROR_MESSAGE}</arg>
<doc>Waits until the element ``locator`` is visible.</doc>
<status status="PASS" starttime="20231025 10:11:52.591" endtime="20231025 10:11:52.685"/>
</kw>
<kw name="Element Text Should Be" library="SeleniumLibrary">
<arg>${LOGIN_ERROR_MESSAGE}</arg>
<arg>${ERROR_MESSAGE}</arg>
<doc>Verifies that element ``locator`` contains exact the text ``expected``.</doc>
<msg timestamp="20231025 10:11:52.692" level="INFO">Verifying element '//p[text()='Your email or password is incorrect!']' contains exact text 'Your email or password is incorrect!'.</msg>
<status status="PASS" starttime="20231025 10:11:52.687" endtime="20231025 10:11:53.109"/>
</kw>
<kw name="Log To Console" library="BuiltIn">
<arg>login error validated</arg>
<doc>Logs the given message to the console.</doc>
<status status="PASS" starttime="20231025 10:11:53.109" endtime="20231025 10:11:53.123"/>
</kw>
<status status="PASS" starttime="20231025 10:11:52.589" endtime="20231025 10:11:53.124"/>
</kw>
<status status="PASS" starttime="20231025 10:11:47.218" endtime="20231025 10:11:53.124"/>
</kw>
<status status="PASS" starttime="20231025 10:11:47.208" endtime="20231025 10:11:53.124"/>
</test>
<kw name="TearDown" library="common" type="TEARDOWN">
<kw name="Close Browser" library="SeleniumLibrary">
<doc>Closes the current browser.</doc>
<status status="PASS" starttime="20231025 10:11:53.129" endtime="20231025 10:11:54.722"/>
</kw>
<status status="PASS" starttime="20231025 10:11:53.128" endtime="20231025 10:11:54.723"/>
</kw>
<status status="PASS" starttime="20231025 10:11:10.078" endtime="20231025 10:11:54.725"/>
</suite>
<status status="PASS" starttime="20231025 10:11:10.070" endtime="20231025 10:11:54.741"/>
</suite>
<status status="PASS" starttime="20231025 10:11:10.003" endtime="20231025 10:11:54.746"/>
</suite>
<statistics>
<total>
<stat pass="3" fail="0" skip="0">All Tests</stat>
</total>
<tag>
</tag>
<suite>
<stat pass="3" fail="0" skip="0" id="s1" name="pythonProject">pythonProject</stat>
<stat pass="3" fail="0" skip="0" id="s1-s1" name="TestCases">pythonProject.TestCases</stat>
<stat pass="3" fail="0" skip="0" id="s1-s1-s1" name="TC1 LoginTestWithInvalidData">pythonProject.TestCases.TC1 LoginTestWithInvalidData</stat>
</suite>
</statistics>
<errors>
<msg timestamp="20231025 10:11:42.326" level="WARN">Multiple tests with name 'Login With invalid credentials should fail' executed in suite 'pythonProject.TestCases.TC1 LoginTestWithInvalidData'.</msg>
<msg timestamp="20231025 10:11:47.201" level="WARN">Multiple tests with name 'Login With invalid credentials should fail' executed in suite 'pythonProject.TestCases.TC1 LoginTestWithInvalidData'.</msg>
</errors>
</robot>
